<?xml version="1.0" encoding="UTF-8"?>
<!-- Generated by org.testng.reporters.JUnitXMLReporter -->
<testsuite hostname="QAPLANET-PC" ignored="0" name="Test2" tests="11" failures="1" timestamp="16 Dec 2019 06:33:52 GMT" time="91.694" errors="0">
  <testcase name="@BeforeMethod browser" time="0.0" classname="HRM.LoginTest">
    <failure type="org.openqa.selenium.WebDriverException" message="Reached error page: about:neterror?e=netTimeout&amp;amp;u=http%3A//apps.qaplanet.in/qahrm/login.php&amp;amp;c=UTF-8&amp;amp;f=regular&amp;amp;d=The%20server%20at%20apps.qaplanet.in%20is%20taking%20too%20long%20to%20respond.
Build info: version: &amp;apos;3.141.59&amp;apos;, revision: &amp;apos;e82be7d358&amp;apos;, time: &amp;apos;2018-11-14T08:25:53&amp;apos;
System info: host: &amp;apos;QAPLANET-PC&amp;apos;, ip: &amp;apos;192.168.0.114&amp;apos;, os.name: &amp;apos;Windows 7&amp;apos;, os.arch: &amp;apos;x86&amp;apos;, os.version: &amp;apos;6.1&amp;apos;, java.version: &amp;apos;1.8.0_231&amp;apos;
Driver info: org.openqa.selenium.firefox.FirefoxDriver
Capabilities {acceptInsecureCerts: true, browserName: firefox, browserVersion: 71.0, javascriptEnabled: true, moz:accessibilityChecks: false, moz:buildID: 20191202093317, moz:geckodriverVersion: 0.26.0, moz:headless: false, moz:processID: 4728, moz:profile: C:\Users\QA3\AppData\Local\..., moz:shutdownTimeout: 60000, moz:useNonSpecCompliantPointerOrigin: false, moz:webdriverClick: true, pageLoadStrategy: normal, platform: WINDOWS, platformName: WINDOWS, platformVersion: 6.1, rotatable: false, setWindowRect: true, strictFileInteractability: false, timeouts: {implicit: 0, pageLoad: 300000, script: 30000}, unhandledPromptBehavior: dismiss and notify}
Session ID: 3aec18be-d5a5-4dd9-be67-78412bde7186">
      <![CDATA[org.openqa.selenium.WebDriverException: Reached error page: about:neterror?e=netTimeout&u=http%3A//apps.qaplanet.in/qahrm/login.php&c=UTF-8&f=regular&d=The%20server%20at%20apps.qaplanet.in%20is%20taking%20too%20long%20to%20respond.
Build info: version: '3.141.59', revision: 'e82be7d358', time: '2018-11-14T08:25:53'
System info: host: 'QAPLANET-PC', ip: '192.168.0.114', os.name: 'Windows 7', os.arch: 'x86', os.version: '6.1', java.version: '1.8.0_231'
Driver info: org.openqa.selenium.firefox.FirefoxDriver
Capabilities {acceptInsecureCerts: true, browserName: firefox, browserVersion: 71.0, javascriptEnabled: true, moz:accessibilityChecks: false, moz:buildID: 20191202093317, moz:geckodriverVersion: 0.26.0, moz:headless: false, moz:processID: 4728, moz:profile: C:\Users\QA3\AppData\Local\..., moz:shutdownTimeout: 60000, moz:useNonSpecCompliantPointerOrigin: false, moz:webdriverClick: true, pageLoadStrategy: normal, platform: WINDOWS, platformName: WINDOWS, platformVersion: 6.1, rotatable: false, setWindowRect: true, strictFileInteractability: false, timeouts: {implicit: 0, pageLoad: 300000, script: 30000}, unhandledPromptBehavior: dismiss and notify}
Session ID: 3aec18be-d5a5-4dd9-be67-78412bde7186
	at org.openqa.selenium.remote.http.W3CHttpResponseCodec.createException(W3CHttpResponseCodec.java:187)
	at org.openqa.selenium.remote.http.W3CHttpResponseCodec.decode(W3CHttpResponseCodec.java:122)
	at org.openqa.selenium.remote.http.W3CHttpResponseCodec.decode(W3CHttpResponseCodec.java:49)
	at org.openqa.selenium.remote.HttpCommandExecutor.execute(HttpCommandExecutor.java:158)
	at org.openqa.selenium.remote.service.DriverCommandExecutor.execute(DriverCommandExecutor.java:83)
	at org.openqa.selenium.remote.RemoteWebDriver.execute(RemoteWebDriver.java:552)
	at org.openqa.selenium.remote.RemoteWebDriver.get(RemoteWebDriver.java:277)
	at HRM.LoginTest.browser(LoginTest.java:48)
... Removed 30 stack frames]]>
    </failure>
  </testcase> <!-- @BeforeMethod browser -->
  <testcase name="@AfterMethod bclose" time="0.0" classname="HRM.LoginTest">
    <skipped/>
  </testcase> <!-- @AfterMethod bclose -->
  <testcase name="@BeforeMethod browser" time="0.0" classname="HRM.LoginTest">
    <skipped/>
  </testcase> <!-- @BeforeMethod browser -->
  <testcase name="@AfterMethod bclose" time="0.0" classname="HRM.LoginTest">
    <skipped/>
  </testcase> <!-- @AfterMethod bclose -->
  <testcase name="TC1_1" time="9.36" classname="HRM.LoginTest">
    <failure type="java.lang.AssertionError" message="expected [OrangeHRM] but found [OrangeHRM - New Level of HR Management]">
      <![CDATA[java.lang.AssertionError: expected [OrangeHRM] but found [OrangeHRM - New Level of HR Management]
	at HRM.LoginTest.TC1_1(LoginTest.java:68)
... Removed 31 stack frames]]>
    </failure>
  </testcase> <!-- TC1_1 -->
  <testcase name="TC1_2" time="4.368" classname="HRM.LoginTest"/>
  <testcase name="TC1_3" time="0.39" classname="HRM.LoginTest"/>
  <testcase name="TC1_4" time="0.14" classname="HRM.LoginTest"/>
  <testcase name="TC1_5" time="0.203" classname="HRM.LoginTest"/>
  <testcase name="TC1_6" time="0.187" classname="HRM.LoginTest"/>
  <testcase name="TC1_7" time="0.0" classname="HRM.LoginTest">
    <skipped/>
  </testcase> <!-- TC1_7 -->
  <testcase name="TC1_8" time="0.0" classname="HRM.LoginTest">
    <skipped/>
  </testcase> <!-- TC1_8 -->
  <testcase name="TC1_9" time="0.0" classname="HRM.LoginTest">
    <skipped/>
  </testcase> <!-- TC1_9 -->
  <testcase name="TC1_10" time="0.0" classname="HRM.LoginTest">
    <skipped/>
  </testcase> <!-- TC1_10 -->
  <testcase name="TC1_11" time="0.0" classname="HRM.LoginTest">
    <skipped/>
  </testcase> <!-- TC1_11 -->
</testsuite> <!-- Test2 -->
