<?xml version="1.0" encoding="UTF-8"?>
<testng-results skipped="19" failed="2" ignored="0" total="22" passed="1">
  <reporter-output>
  </reporter-output>
  <suite name="Suite" duration-ms="50361" started-at="2019-12-16T11:45:55Z" finished-at="2019-12-16T11:46:45Z">
    <groups>
      <group name="main">
        <method signature="LoginTest.TC1_1()[pri:1, instance:HRM.LoginTest@3b1d11]" name="TC1_1" class="HRM.LoginTest"/>
        <method signature="LoginTest.TC1_10()[pri:10, instance:HRM.LoginTest@3b1d11]" name="TC1_10" class="HRM.LoginTest"/>
        <method signature="LoginTest.TC1_11()[pri:11, instance:HRM.LoginTest@3b1d11]" name="TC1_11" class="HRM.LoginTest"/>
        <method signature="LoginTest.TC1_2()[pri:2, instance:HRM.LoginTest@3b1d11]" name="TC1_2" class="HRM.LoginTest"/>
        <method signature="LoginTest.TC1_3()[pri:3, instance:HRM.LoginTest@3b1d11]" name="TC1_3" class="HRM.LoginTest"/>
        <method signature="LoginTest.TC1_4()[pri:4, instance:HRM.LoginTest@3b1d11]" name="TC1_4" class="HRM.LoginTest"/>
        <method signature="LoginTest.TC1_5()[pri:5, instance:HRM.LoginTest@3b1d11]" name="TC1_5" class="HRM.LoginTest"/>
        <method signature="LoginTest.TC1_6()[pri:6, instance:HRM.LoginTest@3b1d11]" name="TC1_6" class="HRM.LoginTest"/>
        <method signature="LoginTest.TC1_7()[pri:7, instance:HRM.LoginTest@3b1d11]" name="TC1_7" class="HRM.LoginTest"/>
        <method signature="LoginTest.TC1_8()[pri:8, instance:HRM.LoginTest@3b1d11]" name="TC1_8" class="HRM.LoginTest"/>
        <method signature="LoginTest.TC1_9()[pri:9, instance:HRM.LoginTest@3b1d11]" name="TC1_9" class="HRM.LoginTest"/>
        <method signature="LoginTest.TC1_1()[pri:1, instance:HRM.LoginTest@193948d]" name="TC1_1" class="HRM.LoginTest"/>
        <method signature="LoginTest.TC1_10()[pri:10, instance:HRM.LoginTest@193948d]" name="TC1_10" class="HRM.LoginTest"/>
        <method signature="LoginTest.TC1_11()[pri:11, instance:HRM.LoginTest@193948d]" name="TC1_11" class="HRM.LoginTest"/>
        <method signature="LoginTest.TC1_2()[pri:2, instance:HRM.LoginTest@193948d]" name="TC1_2" class="HRM.LoginTest"/>
        <method signature="LoginTest.TC1_3()[pri:3, instance:HRM.LoginTest@193948d]" name="TC1_3" class="HRM.LoginTest"/>
        <method signature="LoginTest.TC1_4()[pri:4, instance:HRM.LoginTest@193948d]" name="TC1_4" class="HRM.LoginTest"/>
        <method signature="LoginTest.TC1_5()[pri:5, instance:HRM.LoginTest@193948d]" name="TC1_5" class="HRM.LoginTest"/>
        <method signature="LoginTest.TC1_6()[pri:6, instance:HRM.LoginTest@193948d]" name="TC1_6" class="HRM.LoginTest"/>
        <method signature="LoginTest.TC1_7()[pri:7, instance:HRM.LoginTest@193948d]" name="TC1_7" class="HRM.LoginTest"/>
        <method signature="LoginTest.TC1_8()[pri:8, instance:HRM.LoginTest@193948d]" name="TC1_8" class="HRM.LoginTest"/>
        <method signature="LoginTest.TC1_9()[pri:9, instance:HRM.LoginTest@193948d]" name="TC1_9" class="HRM.LoginTest"/>
      </group> <!-- main -->
    </groups>
    <test name="Test1" duration-ms="22935" started-at="2019-12-16T11:45:55Z" finished-at="2019-12-16T11:46:18Z">
      <class name="HRM.LoginTest">
        <test-method status="PASS" signature="b()[pri:0, instance:HRM.LoginTest@3b1d11]" name="b" is-config="true" duration-ms="4169" started-at="2019-12-16T17:15:55Z" finished-at="2019-12-16T17:15:59Z">
          <reporter-output>
          </reporter-output>
        </test-method> <!-- b -->
        <test-method status="FAIL" signature="TC1_1()[pri:1, instance:HRM.LoginTest@3b1d11]" name="TC1_1" duration-ms="10497" started-at="2019-12-16T17:15:59Z" finished-at="2019-12-16T17:16:10Z">
          <exception class="org.openqa.selenium.WebDriverException">
            <message>
              <![CDATA[chrome not reachable
  (Session info: chrome=79.0.3945.79)
Build info: version: '3.141.59', revision: 'e82be7d358', time: '2018-11-14T08:25:53'
System info: host: 'QAPLANET-PC', ip: '192.168.0.114', os.name: 'Windows 7', os.arch: 'x86', os.version: '6.1', java.version: '1.8.0_231'
Driver info: org.openqa.selenium.chrome.ChromeDriver
Capabilities {acceptInsecureCerts: false, browserName: chrome, browserVersion: 79.0.3945.79, chrome: {chromedriverVersion: 78.0.3904.105 (60e2d8774a81..., userDataDir: C:\Users\QA3\AppData\Local\...}, goog:chromeOptions: {debuggerAddress: localhost:54993}, javascriptEnabled: true, networkConnectionEnabled: false, pageLoadStrategy: normal, platform: XP, platformName: XP, proxy: Proxy(), setWindowRect: true, strictFileInteractability: false, timeouts: {implicit: 0, pageLoad: 300000, script: 30000}, unhandledPromptBehavior: dismiss and notify}
Session ID: c4c2156c041889d2b628aa8e4747e422]]>
            </message>
            <full-stacktrace>
              <![CDATA[org.openqa.selenium.WebDriverException: chrome not reachable
  (Session info: chrome=79.0.3945.79)
Build info: version: '3.141.59', revision: 'e82be7d358', time: '2018-11-14T08:25:53'
System info: host: 'QAPLANET-PC', ip: '192.168.0.114', os.name: 'Windows 7', os.arch: 'x86', os.version: '6.1', java.version: '1.8.0_231'
Driver info: org.openqa.selenium.chrome.ChromeDriver
Capabilities {acceptInsecureCerts: false, browserName: chrome, browserVersion: 79.0.3945.79, chrome: {chromedriverVersion: 78.0.3904.105 (60e2d8774a81..., userDataDir: C:\Users\QA3\AppData\Local\...}, goog:chromeOptions: {debuggerAddress: localhost:54993}, javascriptEnabled: true, networkConnectionEnabled: false, pageLoadStrategy: normal, platform: XP, platformName: XP, proxy: Proxy(), setWindowRect: true, strictFileInteractability: false, timeouts: {implicit: 0, pageLoad: 300000, script: 30000}, unhandledPromptBehavior: dismiss and notify}
Session ID: c4c2156c041889d2b628aa8e4747e422
	at sun.reflect.NativeConstructorAccessorImpl.newInstance0(Native Method)
	at sun.reflect.NativeConstructorAccessorImpl.newInstance(Unknown Source)
	at sun.reflect.DelegatingConstructorAccessorImpl.newInstance(Unknown Source)
	at java.lang.reflect.Constructor.newInstance(Unknown Source)
	at org.openqa.selenium.remote.http.W3CHttpResponseCodec.createException(W3CHttpResponseCodec.java:187)
	at org.openqa.selenium.remote.http.W3CHttpResponseCodec.decode(W3CHttpResponseCodec.java:122)
	at org.openqa.selenium.remote.http.W3CHttpResponseCodec.decode(W3CHttpResponseCodec.java:49)
	at org.openqa.selenium.remote.HttpCommandExecutor.execute(HttpCommandExecutor.java:158)
	at org.openqa.selenium.remote.service.DriverCommandExecutor.execute(DriverCommandExecutor.java:83)
	at org.openqa.selenium.remote.RemoteWebDriver.execute(RemoteWebDriver.java:552)
	at org.openqa.selenium.remote.RemoteWebDriver.execute(RemoteWebDriver.java:609)
	at org.openqa.selenium.remote.RemoteWebDriver.getTitle(RemoteWebDriver.java:281)
	at HRM.LoginTest.TC1_1(LoginTest.java:68)
	at sun.reflect.NativeMethodAccessorImpl.invoke0(Native Method)
	at sun.reflect.NativeMethodAccessorImpl.invoke(Unknown Source)
	at sun.reflect.DelegatingMethodAccessorImpl.invoke(Unknown Source)
	at java.lang.reflect.Method.invoke(Unknown Source)
	at org.testng.internal.MethodInvocationHelper.invokeMethod(MethodInvocationHelper.java:104)
	at org.testng.internal.Invoker.invokeMethod(Invoker.java:645)
	at org.testng.internal.Invoker.invokeTestMethod(Invoker.java:851)
	at org.testng.internal.Invoker.invokeTestMethods(Invoker.java:1177)
	at org.testng.internal.TestMethodWorker.invokeTestMethods(TestMethodWorker.java:129)
	at org.testng.internal.TestMethodWorker.run(TestMethodWorker.java:112)
	at org.testng.TestRunner.privateRun(TestRunner.java:756)
	at org.testng.TestRunner.run(TestRunner.java:610)
	at org.testng.SuiteRunner.runTest(SuiteRunner.java:387)
	at org.testng.SuiteRunner.runSequentially(SuiteRunner.java:382)
	at org.testng.SuiteRunner.privateRun(SuiteRunner.java:340)
	at org.testng.SuiteRunner.run(SuiteRunner.java:289)
	at org.testng.SuiteRunnerWorker.runSuite(SuiteRunnerWorker.java:52)
	at org.testng.SuiteRunnerWorker.run(SuiteRunnerWorker.java:86)
	at org.testng.TestNG.runSuitesSequentially(TestNG.java:1293)
	at org.testng.TestNG.runSuitesLocally(TestNG.java:1218)
	at org.testng.TestNG.runSuites(TestNG.java:1133)
	at org.testng.TestNG.run(TestNG.java:1104)
	at org.testng.remote.AbstractRemoteTestNG.run(AbstractRemoteTestNG.java:132)
	at org.testng.remote.RemoteTestNG.initAndRun(RemoteTestNG.java:236)
	at org.testng.remote.RemoteTestNG.main(RemoteTestNG.java:81)
]]>
            </full-stacktrace>
          </exception> <!-- org.openqa.selenium.WebDriverException -->
          <reporter-output>
          </reporter-output>
        </test-method> <!-- TC1_1 -->
        <test-method status="PASS" signature="bclose()[pri:0, instance:HRM.LoginTest@3b1d11]" name="bclose" is-config="true" duration-ms="553" started-at="2019-12-16T17:16:10Z" finished-at="2019-12-16T17:16:10Z">
          <reporter-output>
          </reporter-output>
        </test-method> <!-- bclose -->
        <test-method status="FAIL" signature="b()[pri:0, instance:HRM.LoginTest@3b1d11]" name="b" is-config="true" duration-ms="0" started-at="2019-12-16T17:16:10Z" finished-at="2019-12-16T17:16:10Z">
          <exception class="org.openqa.selenium.SessionNotCreatedException">
            <message>
              <![CDATA[session not created
from chrome not reachable
  (Session info: chrome=79.0.3945.79)
Build info: version: '3.141.59', revision: 'e82be7d358', time: '2018-11-14T08:25:53'
System info: host: 'QAPLANET-PC', ip: '192.168.0.114', os.name: 'Windows 7', os.arch: 'x86', os.version: '6.1', java.version: '1.8.0_231'
Driver info: driver.version: ChromeDriver
remote stacktrace: Backtrace:
	Ordinal0 [0x011FA923+1550627]
	Ordinal0 [0x0117A731+1025841]
	Ordinal0 [0x010FC5BE+509374]
	Ordinal0 [0x010F62F2+484082]
	Ordinal0 [0x010F69CB+485835]
	Ordinal0 [0x010F7B35+490293]
	Ordinal0 [0x010F3AB5+473781]
	Ordinal0 [0x010FD360+512864]
	Ordinal0 [0x010AB649+177737]
	Ordinal0 [0x010AA8ED+174317]
	Ordinal0 [0x010A8CDB+167131]
	Ordinal0 [0x0109144A+70730]
	Ordinal0 [0x010924D0+74960]
	Ordinal0 [0x01092469+74857]
	Ordinal0 [0x011942F7+1131255]
	GetHandleVerifier [0x0129711D+523789]
	GetHandleVerifier [0x01296EB0+523168]
	GetHandleVerifier [0x0129E207+552695]
	GetHandleVerifier [0x0129791A+525834]
	Ordinal0 [0x0118B82C+1095724]
	Ordinal0 [0x0119636B+1139563]
	Ordinal0 [0x011964D3+1139923]
	Ordinal0 [0x01195455+1135701]
	BaseThreadInitThunk [0x7728EF3C+18]
	RtlInitializeExceptionChain [0x77913688+239]
	RtlInitializeExceptionChain [0x7791365B+194]
]]>
            </message>
            <full-stacktrace>
              <![CDATA[org.openqa.selenium.SessionNotCreatedException: session not created
from chrome not reachable
  (Session info: chrome=79.0.3945.79)
Build info: version: '3.141.59', revision: 'e82be7d358', time: '2018-11-14T08:25:53'
System info: host: 'QAPLANET-PC', ip: '192.168.0.114', os.name: 'Windows 7', os.arch: 'x86', os.version: '6.1', java.version: '1.8.0_231'
Driver info: driver.version: ChromeDriver
remote stacktrace: Backtrace:
	Ordinal0 [0x011FA923+1550627]
	Ordinal0 [0x0117A731+1025841]
	Ordinal0 [0x010FC5BE+509374]
	Ordinal0 [0x010F62F2+484082]
	Ordinal0 [0x010F69CB+485835]
	Ordinal0 [0x010F7B35+490293]
	Ordinal0 [0x010F3AB5+473781]
	Ordinal0 [0x010FD360+512864]
	Ordinal0 [0x010AB649+177737]
	Ordinal0 [0x010AA8ED+174317]
	Ordinal0 [0x010A8CDB+167131]
	Ordinal0 [0x0109144A+70730]
	Ordinal0 [0x010924D0+74960]
	Ordinal0 [0x01092469+74857]
	Ordinal0 [0x011942F7+1131255]
	GetHandleVerifier [0x0129711D+523789]
	GetHandleVerifier [0x01296EB0+523168]
	GetHandleVerifier [0x0129E207+552695]
	GetHandleVerifier [0x0129791A+525834]
	Ordinal0 [0x0118B82C+1095724]
	Ordinal0 [0x0119636B+1139563]
	Ordinal0 [0x011964D3+1139923]
	Ordinal0 [0x01195455+1135701]
	BaseThreadInitThunk [0x7728EF3C+18]
	RtlInitializeExceptionChain [0x77913688+239]
	RtlInitializeExceptionChain [0x7791365B+194]

	at sun.reflect.NativeConstructorAccessorImpl.newInstance0(Native Method)
	at sun.reflect.NativeConstructorAccessorImpl.newInstance(Unknown Source)
	at sun.reflect.DelegatingConstructorAccessorImpl.newInstance(Unknown Source)
	at java.lang.reflect.Constructor.newInstance(Unknown Source)
	at org.openqa.selenium.remote.W3CHandshakeResponse.lambda$errorHandler$0(W3CHandshakeResponse.java:62)
	at org.openqa.selenium.remote.HandshakeResponse.lambda$getResponseFunction$0(HandshakeResponse.java:30)
	at org.openqa.selenium.remote.ProtocolHandshake.lambda$createSession$0(ProtocolHandshake.java:126)
	at java.util.stream.ReferencePipeline$3$1.accept(Unknown Source)
	at java.util.Spliterators$ArraySpliterator.tryAdvance(Unknown Source)
	at java.util.stream.ReferencePipeline.forEachWithCancel(Unknown Source)
	at java.util.stream.AbstractPipeline.copyIntoWithCancel(Unknown Source)
	at java.util.stream.AbstractPipeline.copyInto(Unknown Source)
	at java.util.stream.AbstractPipeline.wrapAndCopyInto(Unknown Source)
	at java.util.stream.FindOps$FindOp.evaluateSequential(Unknown Source)
	at java.util.stream.AbstractPipeline.evaluate(Unknown Source)
	at java.util.stream.ReferencePipeline.findFirst(Unknown Source)
	at org.openqa.selenium.remote.ProtocolHandshake.createSession(ProtocolHandshake.java:128)
	at org.openqa.selenium.remote.ProtocolHandshake.createSession(ProtocolHandshake.java:74)
	at org.openqa.selenium.remote.HttpCommandExecutor.execute(HttpCommandExecutor.java:136)
	at org.openqa.selenium.remote.service.DriverCommandExecutor.execute(DriverCommandExecutor.java:83)
	at org.openqa.selenium.remote.RemoteWebDriver.execute(RemoteWebDriver.java:552)
	at org.openqa.selenium.remote.RemoteWebDriver.startSession(RemoteWebDriver.java:213)
	at org.openqa.selenium.remote.RemoteWebDriver.<init>(RemoteWebDriver.java:131)
	at org.openqa.selenium.chrome.ChromeDriver.<init>(ChromeDriver.java:181)
	at org.openqa.selenium.chrome.ChromeDriver.<init>(ChromeDriver.java:168)
	at org.openqa.selenium.chrome.ChromeDriver.<init>(ChromeDriver.java:123)
	at HRM.LoginTest.b(LoginTest.java:27)
	at sun.reflect.NativeMethodAccessorImpl.invoke0(Native Method)
	at sun.reflect.NativeMethodAccessorImpl.invoke(Unknown Source)
	at sun.reflect.DelegatingMethodAccessorImpl.invoke(Unknown Source)
	at java.lang.reflect.Method.invoke(Unknown Source)
	at org.testng.internal.MethodInvocationHelper.invokeMethod(MethodInvocationHelper.java:104)
	at org.testng.internal.Invoker.invokeConfigurationMethod(Invoker.java:515)
	at org.testng.internal.Invoker.invokeConfigurations(Invoker.java:217)
	at org.testng.internal.Invoker.invokeMethod(Invoker.java:590)
	at org.testng.internal.Invoker.invokeTestMethod(Invoker.java:851)
	at org.testng.internal.Invoker.invokeTestMethods(Invoker.java:1177)
	at org.testng.internal.TestMethodWorker.invokeTestMethods(TestMethodWorker.java:129)
	at org.testng.internal.TestMethodWorker.run(TestMethodWorker.java:112)
	at org.testng.TestRunner.privateRun(TestRunner.java:756)
	at org.testng.TestRunner.run(TestRunner.java:610)
	at org.testng.SuiteRunner.runTest(SuiteRunner.java:387)
	at org.testng.SuiteRunner.runSequentially(SuiteRunner.java:382)
	at org.testng.SuiteRunner.privateRun(SuiteRunner.java:340)
	at org.testng.SuiteRunner.run(SuiteRunner.java:289)
	at org.testng.SuiteRunnerWorker.runSuite(SuiteRunnerWorker.java:52)
	at org.testng.SuiteRunnerWorker.run(SuiteRunnerWorker.java:86)
	at org.testng.TestNG.runSuitesSequentially(TestNG.java:1293)
	at org.testng.TestNG.runSuitesLocally(TestNG.java:1218)
	at org.testng.TestNG.runSuites(TestNG.java:1133)
	at org.testng.TestNG.run(TestNG.java:1104)
	at org.testng.remote.AbstractRemoteTestNG.run(AbstractRemoteTestNG.java:132)
	at org.testng.remote.RemoteTestNG.initAndRun(RemoteTestNG.java:236)
	at org.testng.remote.RemoteTestNG.main(RemoteTestNG.java:81)
]]>
            </full-stacktrace>
          </exception> <!-- org.openqa.selenium.SessionNotCreatedException -->
          <reporter-output>
          </reporter-output>
        </test-method> <!-- b -->
        <test-method status="SKIP" signature="TC1_2()[pri:2, instance:HRM.LoginTest@3b1d11]" name="TC1_2" duration-ms="1" started-at="2019-12-16T17:16:18Z" finished-at="2019-12-16T17:16:18Z">
          <exception class="org.openqa.selenium.SessionNotCreatedException">
            <message>
              <![CDATA[session not created
from chrome not reachable
  (Session info: chrome=79.0.3945.79)
Build info: version: '3.141.59', revision: 'e82be7d358', time: '2018-11-14T08:25:53'
System info: host: 'QAPLANET-PC', ip: '192.168.0.114', os.name: 'Windows 7', os.arch: 'x86', os.version: '6.1', java.version: '1.8.0_231'
Driver info: driver.version: ChromeDriver
remote stacktrace: Backtrace:
	Ordinal0 [0x011FA923+1550627]
	Ordinal0 [0x0117A731+1025841]
	Ordinal0 [0x010FC5BE+509374]
	Ordinal0 [0x010F62F2+484082]
	Ordinal0 [0x010F69CB+485835]
	Ordinal0 [0x010F7B35+490293]
	Ordinal0 [0x010F3AB5+473781]
	Ordinal0 [0x010FD360+512864]
	Ordinal0 [0x010AB649+177737]
	Ordinal0 [0x010AA8ED+174317]
	Ordinal0 [0x010A8CDB+167131]
	Ordinal0 [0x0109144A+70730]
	Ordinal0 [0x010924D0+74960]
	Ordinal0 [0x01092469+74857]
	Ordinal0 [0x011942F7+1131255]
	GetHandleVerifier [0x0129711D+523789]
	GetHandleVerifier [0x01296EB0+523168]
	GetHandleVerifier [0x0129E207+552695]
	GetHandleVerifier [0x0129791A+525834]
	Ordinal0 [0x0118B82C+1095724]
	Ordinal0 [0x0119636B+1139563]
	Ordinal0 [0x011964D3+1139923]
	Ordinal0 [0x01195455+1135701]
	BaseThreadInitThunk [0x7728EF3C+18]
	RtlInitializeExceptionChain [0x77913688+239]
	RtlInitializeExceptionChain [0x7791365B+194]
]]>
            </message>
            <full-stacktrace>
              <![CDATA[org.openqa.selenium.SessionNotCreatedException: session not created
from chrome not reachable
  (Session info: chrome=79.0.3945.79)
Build info: version: '3.141.59', revision: 'e82be7d358', time: '2018-11-14T08:25:53'
System info: host: 'QAPLANET-PC', ip: '192.168.0.114', os.name: 'Windows 7', os.arch: 'x86', os.version: '6.1', java.version: '1.8.0_231'
Driver info: driver.version: ChromeDriver
remote stacktrace: Backtrace:
	Ordinal0 [0x011FA923+1550627]
	Ordinal0 [0x0117A731+1025841]
	Ordinal0 [0x010FC5BE+509374]
	Ordinal0 [0x010F62F2+484082]
	Ordinal0 [0x010F69CB+485835]
	Ordinal0 [0x010F7B35+490293]
	Ordinal0 [0x010F3AB5+473781]
	Ordinal0 [0x010FD360+512864]
	Ordinal0 [0x010AB649+177737]
	Ordinal0 [0x010AA8ED+174317]
	Ordinal0 [0x010A8CDB+167131]
	Ordinal0 [0x0109144A+70730]
	Ordinal0 [0x010924D0+74960]
	Ordinal0 [0x01092469+74857]
	Ordinal0 [0x011942F7+1131255]
	GetHandleVerifier [0x0129711D+523789]
	GetHandleVerifier [0x01296EB0+523168]
	GetHandleVerifier [0x0129E207+552695]
	GetHandleVerifier [0x0129791A+525834]
	Ordinal0 [0x0118B82C+1095724]
	Ordinal0 [0x0119636B+1139563]
	Ordinal0 [0x011964D3+1139923]
	Ordinal0 [0x01195455+1135701]
	BaseThreadInitThunk [0x7728EF3C+18]
	RtlInitializeExceptionChain [0x77913688+239]
	RtlInitializeExceptionChain [0x7791365B+194]

	at sun.reflect.NativeConstructorAccessorImpl.newInstance0(Native Method)
	at sun.reflect.NativeConstructorAccessorImpl.newInstance(Unknown Source)
	at sun.reflect.DelegatingConstructorAccessorImpl.newInstance(Unknown Source)
	at java.lang.reflect.Constructor.newInstance(Unknown Source)
	at org.openqa.selenium.remote.W3CHandshakeResponse.lambda$errorHandler$0(W3CHandshakeResponse.java:62)
	at org.openqa.selenium.remote.HandshakeResponse.lambda$getResponseFunction$0(HandshakeResponse.java:30)
	at org.openqa.selenium.remote.ProtocolHandshake.lambda$createSession$0(ProtocolHandshake.java:126)
	at java.util.stream.ReferencePipeline$3$1.accept(Unknown Source)
	at java.util.Spliterators$ArraySpliterator.tryAdvance(Unknown Source)
	at java.util.stream.ReferencePipeline.forEachWithCancel(Unknown Source)
	at java.util.stream.AbstractPipeline.copyIntoWithCancel(Unknown Source)
	at java.util.stream.AbstractPipeline.copyInto(Unknown Source)
	at java.util.stream.AbstractPipeline.wrapAndCopyInto(Unknown Source)
	at java.util.stream.FindOps$FindOp.evaluateSequential(Unknown Source)
	at java.util.stream.AbstractPipeline.evaluate(Unknown Source)
	at java.util.stream.ReferencePipeline.findFirst(Unknown Source)
	at org.openqa.selenium.remote.ProtocolHandshake.createSession(ProtocolHandshake.java:128)
	at org.openqa.selenium.remote.ProtocolHandshake.createSession(ProtocolHandshake.java:74)
	at org.openqa.selenium.remote.HttpCommandExecutor.execute(HttpCommandExecutor.java:136)
	at org.openqa.selenium.remote.service.DriverCommandExecutor.execute(DriverCommandExecutor.java:83)
	at org.openqa.selenium.remote.RemoteWebDriver.execute(RemoteWebDriver.java:552)
	at org.openqa.selenium.remote.RemoteWebDriver.startSession(RemoteWebDriver.java:213)
	at org.openqa.selenium.remote.RemoteWebDriver.<init>(RemoteWebDriver.java:131)
	at org.openqa.selenium.chrome.ChromeDriver.<init>(ChromeDriver.java:181)
	at org.openqa.selenium.chrome.ChromeDriver.<init>(ChromeDriver.java:168)
	at org.openqa.selenium.chrome.ChromeDriver.<init>(ChromeDriver.java:123)
	at HRM.LoginTest.b(LoginTest.java:27)
	at sun.reflect.NativeMethodAccessorImpl.invoke0(Native Method)
	at sun.reflect.NativeMethodAccessorImpl.invoke(Unknown Source)
	at sun.reflect.DelegatingMethodAccessorImpl.invoke(Unknown Source)
	at java.lang.reflect.Method.invoke(Unknown Source)
	at org.testng.internal.MethodInvocationHelper.invokeMethod(MethodInvocationHelper.java:104)
	at org.testng.internal.Invoker.invokeConfigurationMethod(Invoker.java:515)
	at org.testng.internal.Invoker.invokeConfigurations(Invoker.java:217)
	at org.testng.internal.Invoker.invokeMethod(Invoker.java:590)
	at org.testng.internal.Invoker.invokeTestMethod(Invoker.java:851)
	at org.testng.internal.Invoker.invokeTestMethods(Invoker.java:1177)
	at org.testng.internal.TestMethodWorker.invokeTestMethods(TestMethodWorker.java:129)
	at org.testng.internal.TestMethodWorker.run(TestMethodWorker.java:112)
	at org.testng.TestRunner.privateRun(TestRunner.java:756)
	at org.testng.TestRunner.run(TestRunner.java:610)
	at org.testng.SuiteRunner.runTest(SuiteRunner.java:387)
	at org.testng.SuiteRunner.runSequentially(SuiteRunner.java:382)
	at org.testng.SuiteRunner.privateRun(SuiteRunner.java:340)
	at org.testng.SuiteRunner.run(SuiteRunner.java:289)
	at org.testng.SuiteRunnerWorker.runSuite(SuiteRunnerWorker.java:52)
	at org.testng.SuiteRunnerWorker.run(SuiteRunnerWorker.java:86)
	at org.testng.TestNG.runSuitesSequentially(TestNG.java:1293)
	at org.testng.TestNG.runSuitesLocally(TestNG.java:1218)
	at org.testng.TestNG.runSuites(TestNG.java:1133)
	at org.testng.TestNG.run(TestNG.java:1104)
	at org.testng.remote.AbstractRemoteTestNG.run(AbstractRemoteTestNG.java:132)
	at org.testng.remote.RemoteTestNG.initAndRun(RemoteTestNG.java:236)
	at org.testng.remote.RemoteTestNG.main(RemoteTestNG.java:81)
]]>
            </full-stacktrace>
          </exception> <!-- org.openqa.selenium.SessionNotCreatedException -->
          <reporter-output>
          </reporter-output>
        </test-method> <!-- TC1_2 -->
        <test-method status="SKIP" signature="bclose()[pri:0, instance:HRM.LoginTest@3b1d11]" name="bclose" is-config="true" duration-ms="0" started-at="2019-12-16T17:16:18Z" finished-at="2019-12-16T17:16:18Z">
          <reporter-output>
          </reporter-output>
        </test-method> <!-- bclose -->
        <test-method status="SKIP" signature="b()[pri:0, instance:HRM.LoginTest@3b1d11]" name="b" is-config="true" duration-ms="0" started-at="2019-12-16T17:16:18Z" finished-at="2019-12-16T17:16:18Z">
          <reporter-output>
          </reporter-output>
        </test-method> <!-- b -->
        <test-method status="SKIP" signature="TC1_3()[pri:3, instance:HRM.LoginTest@3b1d11]" name="TC1_3" duration-ms="0" started-at="2019-12-16T17:16:18Z" finished-at="2019-12-16T17:16:18Z">
          <exception class="org.openqa.selenium.SessionNotCreatedException">
            <message>
              <![CDATA[session not created
from chrome not reachable
  (Session info: chrome=79.0.3945.79)
Build info: version: '3.141.59', revision: 'e82be7d358', time: '2018-11-14T08:25:53'
System info: host: 'QAPLANET-PC', ip: '192.168.0.114', os.name: 'Windows 7', os.arch: 'x86', os.version: '6.1', java.version: '1.8.0_231'
Driver info: driver.version: ChromeDriver
remote stacktrace: Backtrace:
	Ordinal0 [0x011FA923+1550627]
	Ordinal0 [0x0117A731+1025841]
	Ordinal0 [0x010FC5BE+509374]
	Ordinal0 [0x010F62F2+484082]
	Ordinal0 [0x010F69CB+485835]
	Ordinal0 [0x010F7B35+490293]
	Ordinal0 [0x010F3AB5+473781]
	Ordinal0 [0x010FD360+512864]
	Ordinal0 [0x010AB649+177737]
	Ordinal0 [0x010AA8ED+174317]
	Ordinal0 [0x010A8CDB+167131]
	Ordinal0 [0x0109144A+70730]
	Ordinal0 [0x010924D0+74960]
	Ordinal0 [0x01092469+74857]
	Ordinal0 [0x011942F7+1131255]
	GetHandleVerifier [0x0129711D+523789]
	GetHandleVerifier [0x01296EB0+523168]
	GetHandleVerifier [0x0129E207+552695]
	GetHandleVerifier [0x0129791A+525834]
	Ordinal0 [0x0118B82C+1095724]
	Ordinal0 [0x0119636B+1139563]
	Ordinal0 [0x011964D3+1139923]
	Ordinal0 [0x01195455+1135701]
	BaseThreadInitThunk [0x7728EF3C+18]
	RtlInitializeExceptionChain [0x77913688+239]
	RtlInitializeExceptionChain [0x7791365B+194]
]]>
            </message>
            <full-stacktrace>
              <![CDATA[org.openqa.selenium.SessionNotCreatedException: session not created
from chrome not reachable
  (Session info: chrome=79.0.3945.79)
Build info: version: '3.141.59', revision: 'e82be7d358', time: '2018-11-14T08:25:53'
System info: host: 'QAPLANET-PC', ip: '192.168.0.114', os.name: 'Windows 7', os.arch: 'x86', os.version: '6.1', java.version: '1.8.0_231'
Driver info: driver.version: ChromeDriver
remote stacktrace: Backtrace:
	Ordinal0 [0x011FA923+1550627]
	Ordinal0 [0x0117A731+1025841]
	Ordinal0 [0x010FC5BE+509374]
	Ordinal0 [0x010F62F2+484082]
	Ordinal0 [0x010F69CB+485835]
	Ordinal0 [0x010F7B35+490293]
	Ordinal0 [0x010F3AB5+473781]
	Ordinal0 [0x010FD360+512864]
	Ordinal0 [0x010AB649+177737]
	Ordinal0 [0x010AA8ED+174317]
	Ordinal0 [0x010A8CDB+167131]
	Ordinal0 [0x0109144A+70730]
	Ordinal0 [0x010924D0+74960]
	Ordinal0 [0x01092469+74857]
	Ordinal0 [0x011942F7+1131255]
	GetHandleVerifier [0x0129711D+523789]
	GetHandleVerifier [0x01296EB0+523168]
	GetHandleVerifier [0x0129E207+552695]
	GetHandleVerifier [0x0129791A+525834]
	Ordinal0 [0x0118B82C+1095724]
	Ordinal0 [0x0119636B+1139563]
	Ordinal0 [0x011964D3+1139923]
	Ordinal0 [0x01195455+1135701]
	BaseThreadInitThunk [0x7728EF3C+18]
	RtlInitializeExceptionChain [0x77913688+239]
	RtlInitializeExceptionChain [0x7791365B+194]

	at sun.reflect.NativeConstructorAccessorImpl.newInstance0(Native Method)
	at sun.reflect.NativeConstructorAccessorImpl.newInstance(Unknown Source)
	at sun.reflect.DelegatingConstructorAccessorImpl.newInstance(Unknown Source)
	at java.lang.reflect.Constructor.newInstance(Unknown Source)
	at org.openqa.selenium.remote.W3CHandshakeResponse.lambda$errorHandler$0(W3CHandshakeResponse.java:62)
	at org.openqa.selenium.remote.HandshakeResponse.lambda$getResponseFunction$0(HandshakeResponse.java:30)
	at org.openqa.selenium.remote.ProtocolHandshake.lambda$createSession$0(ProtocolHandshake.java:126)
	at java.util.stream.ReferencePipeline$3$1.accept(Unknown Source)
	at java.util.Spliterators$ArraySpliterator.tryAdvance(Unknown Source)
	at java.util.stream.ReferencePipeline.forEachWithCancel(Unknown Source)
	at java.util.stream.AbstractPipeline.copyIntoWithCancel(Unknown Source)
	at java.util.stream.AbstractPipeline.copyInto(Unknown Source)
	at java.util.stream.AbstractPipeline.wrapAndCopyInto(Unknown Source)
	at java.util.stream.FindOps$FindOp.evaluateSequential(Unknown Source)
	at java.util.stream.AbstractPipeline.evaluate(Unknown Source)
	at java.util.stream.ReferencePipeline.findFirst(Unknown Source)
	at org.openqa.selenium.remote.ProtocolHandshake.createSession(ProtocolHandshake.java:128)
	at org.openqa.selenium.remote.ProtocolHandshake.createSession(ProtocolHandshake.java:74)
	at org.openqa.selenium.remote.HttpCommandExecutor.execute(HttpCommandExecutor.java:136)
	at org.openqa.selenium.remote.service.DriverCommandExecutor.execute(DriverCommandExecutor.java:83)
	at org.openqa.selenium.remote.RemoteWebDriver.execute(RemoteWebDriver.java:552)
	at org.openqa.selenium.remote.RemoteWebDriver.startSession(RemoteWebDriver.java:213)
	at org.openqa.selenium.remote.RemoteWebDriver.<init>(RemoteWebDriver.java:131)
	at org.openqa.selenium.chrome.ChromeDriver.<init>(ChromeDriver.java:181)
	at org.openqa.selenium.chrome.ChromeDriver.<init>(ChromeDriver.java:168)
	at org.openqa.selenium.chrome.ChromeDriver.<init>(ChromeDriver.java:123)
	at HRM.LoginTest.b(LoginTest.java:27)
	at sun.reflect.NativeMethodAccessorImpl.invoke0(Native Method)
	at sun.reflect.NativeMethodAccessorImpl.invoke(Unknown Source)
	at sun.reflect.DelegatingMethodAccessorImpl.invoke(Unknown Source)
	at java.lang.reflect.Method.invoke(Unknown Source)
	at org.testng.internal.MethodInvocationHelper.invokeMethod(MethodInvocationHelper.java:104)
	at org.testng.internal.Invoker.invokeConfigurationMethod(Invoker.java:515)
	at org.testng.internal.Invoker.invokeConfigurations(Invoker.java:217)
	at org.testng.internal.Invoker.invokeMethod(Invoker.java:590)
	at org.testng.internal.Invoker.invokeTestMethod(Invoker.java:851)
	at org.testng.internal.Invoker.invokeTestMethods(Invoker.java:1177)
	at org.testng.internal.TestMethodWorker.invokeTestMethods(TestMethodWorker.java:129)
	at org.testng.internal.TestMethodWorker.run(TestMethodWorker.java:112)
	at org.testng.TestRunner.privateRun(TestRunner.java:756)
	at org.testng.TestRunner.run(TestRunner.java:610)
	at org.testng.SuiteRunner.runTest(SuiteRunner.java:387)
	at org.testng.SuiteRunner.runSequentially(SuiteRunner.java:382)
	at org.testng.SuiteRunner.privateRun(SuiteRunner.java:340)
	at org.testng.SuiteRunner.run(SuiteRunner.java:289)
	at org.testng.SuiteRunnerWorker.runSuite(SuiteRunnerWorker.java:52)
	at org.testng.SuiteRunnerWorker.run(SuiteRunnerWorker.java:86)
	at org.testng.TestNG.runSuitesSequentially(TestNG.java:1293)
	at org.testng.TestNG.runSuitesLocally(TestNG.java:1218)
	at org.testng.TestNG.runSuites(TestNG.java:1133)
	at org.testng.TestNG.run(TestNG.java:1104)
	at org.testng.remote.AbstractRemoteTestNG.run(AbstractRemoteTestNG.java:132)
	at org.testng.remote.RemoteTestNG.initAndRun(RemoteTestNG.java:236)
	at org.testng.remote.RemoteTestNG.main(RemoteTestNG.java:81)
]]>
            </full-stacktrace>
          </exception> <!-- org.openqa.selenium.SessionNotCreatedException -->
          <reporter-output>
          </reporter-output>
        </test-method> <!-- TC1_3 -->
        <test-method status="SKIP" signature="bclose()[pri:0, instance:HRM.LoginTest@3b1d11]" name="bclose" is-config="true" duration-ms="0" started-at="2019-12-16T17:16:18Z" finished-at="2019-12-16T17:16:18Z">
          <reporter-output>
          </reporter-output>
        </test-method> <!-- bclose -->
        <test-method status="SKIP" signature="b()[pri:0, instance:HRM.LoginTest@3b1d11]" name="b" is-config="true" duration-ms="0" started-at="2019-12-16T17:16:18Z" finished-at="2019-12-16T17:16:18Z">
          <reporter-output>
          </reporter-output>
        </test-method> <!-- b -->
        <test-method status="SKIP" signature="TC1_4()[pri:4, instance:HRM.LoginTest@3b1d11]" name="TC1_4" duration-ms="1" started-at="2019-12-16T17:16:18Z" finished-at="2019-12-16T17:16:18Z">
          <exception class="org.openqa.selenium.SessionNotCreatedException">
            <message>
              <![CDATA[session not created
from chrome not reachable
  (Session info: chrome=79.0.3945.79)
Build info: version: '3.141.59', revision: 'e82be7d358', time: '2018-11-14T08:25:53'
System info: host: 'QAPLANET-PC', ip: '192.168.0.114', os.name: 'Windows 7', os.arch: 'x86', os.version: '6.1', java.version: '1.8.0_231'
Driver info: driver.version: ChromeDriver
remote stacktrace: Backtrace:
	Ordinal0 [0x011FA923+1550627]
	Ordinal0 [0x0117A731+1025841]
	Ordinal0 [0x010FC5BE+509374]
	Ordinal0 [0x010F62F2+484082]
	Ordinal0 [0x010F69CB+485835]
	Ordinal0 [0x010F7B35+490293]
	Ordinal0 [0x010F3AB5+473781]
	Ordinal0 [0x010FD360+512864]
	Ordinal0 [0x010AB649+177737]
	Ordinal0 [0x010AA8ED+174317]
	Ordinal0 [0x010A8CDB+167131]
	Ordinal0 [0x0109144A+70730]
	Ordinal0 [0x010924D0+74960]
	Ordinal0 [0x01092469+74857]
	Ordinal0 [0x011942F7+1131255]
	GetHandleVerifier [0x0129711D+523789]
	GetHandleVerifier [0x01296EB0+523168]
	GetHandleVerifier [0x0129E207+552695]
	GetHandleVerifier [0x0129791A+525834]
	Ordinal0 [0x0118B82C+1095724]
	Ordinal0 [0x0119636B+1139563]
	Ordinal0 [0x011964D3+1139923]
	Ordinal0 [0x01195455+1135701]
	BaseThreadInitThunk [0x7728EF3C+18]
	RtlInitializeExceptionChain [0x77913688+239]
	RtlInitializeExceptionChain [0x7791365B+194]
]]>
            </message>
            <full-stacktrace>
              <![CDATA[org.openqa.selenium.SessionNotCreatedException: session not created
from chrome not reachable
  (Session info: chrome=79.0.3945.79)
Build info: version: '3.141.59', revision: 'e82be7d358', time: '2018-11-14T08:25:53'
System info: host: 'QAPLANET-PC', ip: '192.168.0.114', os.name: 'Windows 7', os.arch: 'x86', os.version: '6.1', java.version: '1.8.0_231'
Driver info: driver.version: ChromeDriver
remote stacktrace: Backtrace:
	Ordinal0 [0x011FA923+1550627]
	Ordinal0 [0x0117A731+1025841]
	Ordinal0 [0x010FC5BE+509374]
	Ordinal0 [0x010F62F2+484082]
	Ordinal0 [0x010F69CB+485835]
	Ordinal0 [0x010F7B35+490293]
	Ordinal0 [0x010F3AB5+473781]
	Ordinal0 [0x010FD360+512864]
	Ordinal0 [0x010AB649+177737]
	Ordinal0 [0x010AA8ED+174317]
	Ordinal0 [0x010A8CDB+167131]
	Ordinal0 [0x0109144A+70730]
	Ordinal0 [0x010924D0+74960]
	Ordinal0 [0x01092469+74857]
	Ordinal0 [0x011942F7+1131255]
	GetHandleVerifier [0x0129711D+523789]
	GetHandleVerifier [0x01296EB0+523168]
	GetHandleVerifier [0x0129E207+552695]
	GetHandleVerifier [0x0129791A+525834]
	Ordinal0 [0x0118B82C+1095724]
	Ordinal0 [0x0119636B+1139563]
	Ordinal0 [0x011964D3+1139923]
	Ordinal0 [0x01195455+1135701]
	BaseThreadInitThunk [0x7728EF3C+18]
	RtlInitializeExceptionChain [0x77913688+239]
	RtlInitializeExceptionChain [0x7791365B+194]

	at sun.reflect.NativeConstructorAccessorImpl.newInstance0(Native Method)
	at sun.reflect.NativeConstructorAccessorImpl.newInstance(Unknown Source)
	at sun.reflect.DelegatingConstructorAccessorImpl.newInstance(Unknown Source)
	at java.lang.reflect.Constructor.newInstance(Unknown Source)
	at org.openqa.selenium.remote.W3CHandshakeResponse.lambda$errorHandler$0(W3CHandshakeResponse.java:62)
	at org.openqa.selenium.remote.HandshakeResponse.lambda$getResponseFunction$0(HandshakeResponse.java:30)
	at org.openqa.selenium.remote.ProtocolHandshake.lambda$createSession$0(ProtocolHandshake.java:126)
	at java.util.stream.ReferencePipeline$3$1.accept(Unknown Source)
	at java.util.Spliterators$ArraySpliterator.tryAdvance(Unknown Source)
	at java.util.stream.ReferencePipeline.forEachWithCancel(Unknown Source)
	at java.util.stream.AbstractPipeline.copyIntoWithCancel(Unknown Source)
	at java.util.stream.AbstractPipeline.copyInto(Unknown Source)
	at java.util.stream.AbstractPipeline.wrapAndCopyInto(Unknown Source)
	at java.util.stream.FindOps$FindOp.evaluateSequential(Unknown Source)
	at java.util.stream.AbstractPipeline.evaluate(Unknown Source)
	at java.util.stream.ReferencePipeline.findFirst(Unknown Source)
	at org.openqa.selenium.remote.ProtocolHandshake.createSession(ProtocolHandshake.java:128)
	at org.openqa.selenium.remote.ProtocolHandshake.createSession(ProtocolHandshake.java:74)
	at org.openqa.selenium.remote.HttpCommandExecutor.execute(HttpCommandExecutor.java:136)
	at org.openqa.selenium.remote.service.DriverCommandExecutor.execute(DriverCommandExecutor.java:83)
	at org.openqa.selenium.remote.RemoteWebDriver.execute(RemoteWebDriver.java:552)
	at org.openqa.selenium.remote.RemoteWebDriver.startSession(RemoteWebDriver.java:213)
	at org.openqa.selenium.remote.RemoteWebDriver.<init>(RemoteWebDriver.java:131)
	at org.openqa.selenium.chrome.ChromeDriver.<init>(ChromeDriver.java:181)
	at org.openqa.selenium.chrome.ChromeDriver.<init>(ChromeDriver.java:168)
	at org.openqa.selenium.chrome.ChromeDriver.<init>(ChromeDriver.java:123)
	at HRM.LoginTest.b(LoginTest.java:27)
	at sun.reflect.NativeMethodAccessorImpl.invoke0(Native Method)
	at sun.reflect.NativeMethodAccessorImpl.invoke(Unknown Source)
	at sun.reflect.DelegatingMethodAccessorImpl.invoke(Unknown Source)
	at java.lang.reflect.Method.invoke(Unknown Source)
	at org.testng.internal.MethodInvocationHelper.invokeMethod(MethodInvocationHelper.java:104)
	at org.testng.internal.Invoker.invokeConfigurationMethod(Invoker.java:515)
	at org.testng.internal.Invoker.invokeConfigurations(Invoker.java:217)
	at org.testng.internal.Invoker.invokeMethod(Invoker.java:590)
	at org.testng.internal.Invoker.invokeTestMethod(Invoker.java:851)
	at org.testng.internal.Invoker.invokeTestMethods(Invoker.java:1177)
	at org.testng.internal.TestMethodWorker.invokeTestMethods(TestMethodWorker.java:129)
	at org.testng.internal.TestMethodWorker.run(TestMethodWorker.java:112)
	at org.testng.TestRunner.privateRun(TestRunner.java:756)
	at org.testng.TestRunner.run(TestRunner.java:610)
	at org.testng.SuiteRunner.runTest(SuiteRunner.java:387)
	at org.testng.SuiteRunner.runSequentially(SuiteRunner.java:382)
	at org.testng.SuiteRunner.privateRun(SuiteRunner.java:340)
	at org.testng.SuiteRunner.run(SuiteRunner.java:289)
	at org.testng.SuiteRunnerWorker.runSuite(SuiteRunnerWorker.java:52)
	at org.testng.SuiteRunnerWorker.run(SuiteRunnerWorker.java:86)
	at org.testng.TestNG.runSuitesSequentially(TestNG.java:1293)
	at org.testng.TestNG.runSuitesLocally(TestNG.java:1218)
	at org.testng.TestNG.runSuites(TestNG.java:1133)
	at org.testng.TestNG.run(TestNG.java:1104)
	at org.testng.remote.AbstractRemoteTestNG.run(AbstractRemoteTestNG.java:132)
	at org.testng.remote.RemoteTestNG.initAndRun(RemoteTestNG.java:236)
	at org.testng.remote.RemoteTestNG.main(RemoteTestNG.java:81)
]]>
            </full-stacktrace>
          </exception> <!-- org.openqa.selenium.SessionNotCreatedException -->
          <reporter-output>
          </reporter-output>
        </test-method> <!-- TC1_4 -->
        <test-method status="SKIP" signature="bclose()[pri:0, instance:HRM.LoginTest@3b1d11]" name="bclose" is-config="true" duration-ms="0" started-at="2019-12-16T17:16:18Z" finished-at="2019-12-16T17:16:18Z">
          <reporter-output>
          </reporter-output>
        </test-method> <!-- bclose -->
        <test-method status="SKIP" signature="b()[pri:0, instance:HRM.LoginTest@3b1d11]" name="b" is-config="true" duration-ms="0" started-at="2019-12-16T17:16:18Z" finished-at="2019-12-16T17:16:18Z">
          <reporter-output>
          </reporter-output>
        </test-method> <!-- b -->
        <test-method status="SKIP" signature="TC1_5()[pri:5, instance:HRM.LoginTest@3b1d11]" name="TC1_5" duration-ms="1" started-at="2019-12-16T17:16:18Z" finished-at="2019-12-16T17:16:18Z">
          <exception class="org.openqa.selenium.SessionNotCreatedException">
            <message>
              <![CDATA[session not created
from chrome not reachable
  (Session info: chrome=79.0.3945.79)
Build info: version: '3.141.59', revision: 'e82be7d358', time: '2018-11-14T08:25:53'
System info: host: 'QAPLANET-PC', ip: '192.168.0.114', os.name: 'Windows 7', os.arch: 'x86', os.version: '6.1', java.version: '1.8.0_231'
Driver info: driver.version: ChromeDriver
remote stacktrace: Backtrace:
	Ordinal0 [0x011FA923+1550627]
	Ordinal0 [0x0117A731+1025841]
	Ordinal0 [0x010FC5BE+509374]
	Ordinal0 [0x010F62F2+484082]
	Ordinal0 [0x010F69CB+485835]
	Ordinal0 [0x010F7B35+490293]
	Ordinal0 [0x010F3AB5+473781]
	Ordinal0 [0x010FD360+512864]
	Ordinal0 [0x010AB649+177737]
	Ordinal0 [0x010AA8ED+174317]
	Ordinal0 [0x010A8CDB+167131]
	Ordinal0 [0x0109144A+70730]
	Ordinal0 [0x010924D0+74960]
	Ordinal0 [0x01092469+74857]
	Ordinal0 [0x011942F7+1131255]
	GetHandleVerifier [0x0129711D+523789]
	GetHandleVerifier [0x01296EB0+523168]
	GetHandleVerifier [0x0129E207+552695]
	GetHandleVerifier [0x0129791A+525834]
	Ordinal0 [0x0118B82C+1095724]
	Ordinal0 [0x0119636B+1139563]
	Ordinal0 [0x011964D3+1139923]
	Ordinal0 [0x01195455+1135701]
	BaseThreadInitThunk [0x7728EF3C+18]
	RtlInitializeExceptionChain [0x77913688+239]
	RtlInitializeExceptionChain [0x7791365B+194]
]]>
            </message>
            <full-stacktrace>
              <![CDATA[org.openqa.selenium.SessionNotCreatedException: session not created
from chrome not reachable
  (Session info: chrome=79.0.3945.79)
Build info: version: '3.141.59', revision: 'e82be7d358', time: '2018-11-14T08:25:53'
System info: host: 'QAPLANET-PC', ip: '192.168.0.114', os.name: 'Windows 7', os.arch: 'x86', os.version: '6.1', java.version: '1.8.0_231'
Driver info: driver.version: ChromeDriver
remote stacktrace: Backtrace:
	Ordinal0 [0x011FA923+1550627]
	Ordinal0 [0x0117A731+1025841]
	Ordinal0 [0x010FC5BE+509374]
	Ordinal0 [0x010F62F2+484082]
	Ordinal0 [0x010F69CB+485835]
	Ordinal0 [0x010F7B35+490293]
	Ordinal0 [0x010F3AB5+473781]
	Ordinal0 [0x010FD360+512864]
	Ordinal0 [0x010AB649+177737]
	Ordinal0 [0x010AA8ED+174317]
	Ordinal0 [0x010A8CDB+167131]
	Ordinal0 [0x0109144A+70730]
	Ordinal0 [0x010924D0+74960]
	Ordinal0 [0x01092469+74857]
	Ordinal0 [0x011942F7+1131255]
	GetHandleVerifier [0x0129711D+523789]
	GetHandleVerifier [0x01296EB0+523168]
	GetHandleVerifier [0x0129E207+552695]
	GetHandleVerifier [0x0129791A+525834]
	Ordinal0 [0x0118B82C+1095724]
	Ordinal0 [0x0119636B+1139563]
	Ordinal0 [0x011964D3+1139923]
	Ordinal0 [0x01195455+1135701]
	BaseThreadInitThunk [0x7728EF3C+18]
	RtlInitializeExceptionChain [0x77913688+239]
	RtlInitializeExceptionChain [0x7791365B+194]

	at sun.reflect.NativeConstructorAccessorImpl.newInstance0(Native Method)
	at sun.reflect.NativeConstructorAccessorImpl.newInstance(Unknown Source)
	at sun.reflect.DelegatingConstructorAccessorImpl.newInstance(Unknown Source)
	at java.lang.reflect.Constructor.newInstance(Unknown Source)
	at org.openqa.selenium.remote.W3CHandshakeResponse.lambda$errorHandler$0(W3CHandshakeResponse.java:62)
	at org.openqa.selenium.remote.HandshakeResponse.lambda$getResponseFunction$0(HandshakeResponse.java:30)
	at org.openqa.selenium.remote.ProtocolHandshake.lambda$createSession$0(ProtocolHandshake.java:126)
	at java.util.stream.ReferencePipeline$3$1.accept(Unknown Source)
	at java.util.Spliterators$ArraySpliterator.tryAdvance(Unknown Source)
	at java.util.stream.ReferencePipeline.forEachWithCancel(Unknown Source)
	at java.util.stream.AbstractPipeline.copyIntoWithCancel(Unknown Source)
	at java.util.stream.AbstractPipeline.copyInto(Unknown Source)
	at java.util.stream.AbstractPipeline.wrapAndCopyInto(Unknown Source)
	at java.util.stream.FindOps$FindOp.evaluateSequential(Unknown Source)
	at java.util.stream.AbstractPipeline.evaluate(Unknown Source)
	at java.util.stream.ReferencePipeline.findFirst(Unknown Source)
	at org.openqa.selenium.remote.ProtocolHandshake.createSession(ProtocolHandshake.java:128)
	at org.openqa.selenium.remote.ProtocolHandshake.createSession(ProtocolHandshake.java:74)
	at org.openqa.selenium.remote.HttpCommandExecutor.execute(HttpCommandExecutor.java:136)
	at org.openqa.selenium.remote.service.DriverCommandExecutor.execute(DriverCommandExecutor.java:83)
	at org.openqa.selenium.remote.RemoteWebDriver.execute(RemoteWebDriver.java:552)
	at org.openqa.selenium.remote.RemoteWebDriver.startSession(RemoteWebDriver.java:213)
	at org.openqa.selenium.remote.RemoteWebDriver.<init>(RemoteWebDriver.java:131)
	at org.openqa.selenium.chrome.ChromeDriver.<init>(ChromeDriver.java:181)
	at org.openqa.selenium.chrome.ChromeDriver.<init>(ChromeDriver.java:168)
	at org.openqa.selenium.chrome.ChromeDriver.<init>(ChromeDriver.java:123)
	at HRM.LoginTest.b(LoginTest.java:27)
	at sun.reflect.NativeMethodAccessorImpl.invoke0(Native Method)
	at sun.reflect.NativeMethodAccessorImpl.invoke(Unknown Source)
	at sun.reflect.DelegatingMethodAccessorImpl.invoke(Unknown Source)
	at java.lang.reflect.Method.invoke(Unknown Source)
	at org.testng.internal.MethodInvocationHelper.invokeMethod(MethodInvocationHelper.java:104)
	at org.testng.internal.Invoker.invokeConfigurationMethod(Invoker.java:515)
	at org.testng.internal.Invoker.invokeConfigurations(Invoker.java:217)
	at org.testng.internal.Invoker.invokeMethod(Invoker.java:590)
	at org.testng.internal.Invoker.invokeTestMethod(Invoker.java:851)
	at org.testng.internal.Invoker.invokeTestMethods(Invoker.java:1177)
	at org.testng.internal.TestMethodWorker.invokeTestMethods(TestMethodWorker.java:129)
	at org.testng.internal.TestMethodWorker.run(TestMethodWorker.java:112)
	at org.testng.TestRunner.privateRun(TestRunner.java:756)
	at org.testng.TestRunner.run(TestRunner.java:610)
	at org.testng.SuiteRunner.runTest(SuiteRunner.java:387)
	at org.testng.SuiteRunner.runSequentially(SuiteRunner.java:382)
	at org.testng.SuiteRunner.privateRun(SuiteRunner.java:340)
	at org.testng.SuiteRunner.run(SuiteRunner.java:289)
	at org.testng.SuiteRunnerWorker.runSuite(SuiteRunnerWorker.java:52)
	at org.testng.SuiteRunnerWorker.run(SuiteRunnerWorker.java:86)
	at org.testng.TestNG.runSuitesSequentially(TestNG.java:1293)
	at org.testng.TestNG.runSuitesLocally(TestNG.java:1218)
	at org.testng.TestNG.runSuites(TestNG.java:1133)
	at org.testng.TestNG.run(TestNG.java:1104)
	at org.testng.remote.AbstractRemoteTestNG.run(AbstractRemoteTestNG.java:132)
	at org.testng.remote.RemoteTestNG.initAndRun(RemoteTestNG.java:236)
	at org.testng.remote.RemoteTestNG.main(RemoteTestNG.java:81)
]]>
            </full-stacktrace>
          </exception> <!-- org.openqa.selenium.SessionNotCreatedException -->
          <reporter-output>
          </reporter-output>
        </test-method> <!-- TC1_5 -->
        <test-method status="SKIP" signature="bclose()[pri:0, instance:HRM.LoginTest@3b1d11]" name="bclose" is-config="true" duration-ms="0" started-at="2019-12-16T17:16:18Z" finished-at="2019-12-16T17:16:18Z">
          <reporter-output>
          </reporter-output>
        </test-method> <!-- bclose -->
        <test-method status="SKIP" signature="b()[pri:0, instance:HRM.LoginTest@3b1d11]" name="b" is-config="true" duration-ms="0" started-at="2019-12-16T17:16:18Z" finished-at="2019-12-16T17:16:18Z">
          <reporter-output>
          </reporter-output>
        </test-method> <!-- b -->
        <test-method status="SKIP" signature="TC1_6()[pri:6, instance:HRM.LoginTest@3b1d11]" name="TC1_6" duration-ms="1" started-at="2019-12-16T17:16:18Z" finished-at="2019-12-16T17:16:18Z">
          <exception class="org.openqa.selenium.SessionNotCreatedException">
            <message>
              <![CDATA[session not created
from chrome not reachable
  (Session info: chrome=79.0.3945.79)
Build info: version: '3.141.59', revision: 'e82be7d358', time: '2018-11-14T08:25:53'
System info: host: 'QAPLANET-PC', ip: '192.168.0.114', os.name: 'Windows 7', os.arch: 'x86', os.version: '6.1', java.version: '1.8.0_231'
Driver info: driver.version: ChromeDriver
remote stacktrace: Backtrace:
	Ordinal0 [0x011FA923+1550627]
	Ordinal0 [0x0117A731+1025841]
	Ordinal0 [0x010FC5BE+509374]
	Ordinal0 [0x010F62F2+484082]
	Ordinal0 [0x010F69CB+485835]
	Ordinal0 [0x010F7B35+490293]
	Ordinal0 [0x010F3AB5+473781]
	Ordinal0 [0x010FD360+512864]
	Ordinal0 [0x010AB649+177737]
	Ordinal0 [0x010AA8ED+174317]
	Ordinal0 [0x010A8CDB+167131]
	Ordinal0 [0x0109144A+70730]
	Ordinal0 [0x010924D0+74960]
	Ordinal0 [0x01092469+74857]
	Ordinal0 [0x011942F7+1131255]
	GetHandleVerifier [0x0129711D+523789]
	GetHandleVerifier [0x01296EB0+523168]
	GetHandleVerifier [0x0129E207+552695]
	GetHandleVerifier [0x0129791A+525834]
	Ordinal0 [0x0118B82C+1095724]
	Ordinal0 [0x0119636B+1139563]
	Ordinal0 [0x011964D3+1139923]
	Ordinal0 [0x01195455+1135701]
	BaseThreadInitThunk [0x7728EF3C+18]
	RtlInitializeExceptionChain [0x77913688+239]
	RtlInitializeExceptionChain [0x7791365B+194]
]]>
            </message>
            <full-stacktrace>
              <![CDATA[org.openqa.selenium.SessionNotCreatedException: session not created
from chrome not reachable
  (Session info: chrome=79.0.3945.79)
Build info: version: '3.141.59', revision: 'e82be7d358', time: '2018-11-14T08:25:53'
System info: host: 'QAPLANET-PC', ip: '192.168.0.114', os.name: 'Windows 7', os.arch: 'x86', os.version: '6.1', java.version: '1.8.0_231'
Driver info: driver.version: ChromeDriver
remote stacktrace: Backtrace:
	Ordinal0 [0x011FA923+1550627]
	Ordinal0 [0x0117A731+1025841]
	Ordinal0 [0x010FC5BE+509374]
	Ordinal0 [0x010F62F2+484082]
	Ordinal0 [0x010F69CB+485835]
	Ordinal0 [0x010F7B35+490293]
	Ordinal0 [0x010F3AB5+473781]
	Ordinal0 [0x010FD360+512864]
	Ordinal0 [0x010AB649+177737]
	Ordinal0 [0x010AA8ED+174317]
	Ordinal0 [0x010A8CDB+167131]
	Ordinal0 [0x0109144A+70730]
	Ordinal0 [0x010924D0+74960]
	Ordinal0 [0x01092469+74857]
	Ordinal0 [0x011942F7+1131255]
	GetHandleVerifier [0x0129711D+523789]
	GetHandleVerifier [0x01296EB0+523168]
	GetHandleVerifier [0x0129E207+552695]
	GetHandleVerifier [0x0129791A+525834]
	Ordinal0 [0x0118B82C+1095724]
	Ordinal0 [0x0119636B+1139563]
	Ordinal0 [0x011964D3+1139923]
	Ordinal0 [0x01195455+1135701]
	BaseThreadInitThunk [0x7728EF3C+18]
	RtlInitializeExceptionChain [0x77913688+239]
	RtlInitializeExceptionChain [0x7791365B+194]

	at sun.reflect.NativeConstructorAccessorImpl.newInstance0(Native Method)
	at sun.reflect.NativeConstructorAccessorImpl.newInstance(Unknown Source)
	at sun.reflect.DelegatingConstructorAccessorImpl.newInstance(Unknown Source)
	at java.lang.reflect.Constructor.newInstance(Unknown Source)
	at org.openqa.selenium.remote.W3CHandshakeResponse.lambda$errorHandler$0(W3CHandshakeResponse.java:62)
	at org.openqa.selenium.remote.HandshakeResponse.lambda$getResponseFunction$0(HandshakeResponse.java:30)
	at org.openqa.selenium.remote.ProtocolHandshake.lambda$createSession$0(ProtocolHandshake.java:126)
	at java.util.stream.ReferencePipeline$3$1.accept(Unknown Source)
	at java.util.Spliterators$ArraySpliterator.tryAdvance(Unknown Source)
	at java.util.stream.ReferencePipeline.forEachWithCancel(Unknown Source)
	at java.util.stream.AbstractPipeline.copyIntoWithCancel(Unknown Source)
	at java.util.stream.AbstractPipeline.copyInto(Unknown Source)
	at java.util.stream.AbstractPipeline.wrapAndCopyInto(Unknown Source)
	at java.util.stream.FindOps$FindOp.evaluateSequential(Unknown Source)
	at java.util.stream.AbstractPipeline.evaluate(Unknown Source)
	at java.util.stream.ReferencePipeline.findFirst(Unknown Source)
	at org.openqa.selenium.remote.ProtocolHandshake.createSession(ProtocolHandshake.java:128)
	at org.openqa.selenium.remote.ProtocolHandshake.createSession(ProtocolHandshake.java:74)
	at org.openqa.selenium.remote.HttpCommandExecutor.execute(HttpCommandExecutor.java:136)
	at org.openqa.selenium.remote.service.DriverCommandExecutor.execute(DriverCommandExecutor.java:83)
	at org.openqa.selenium.remote.RemoteWebDriver.execute(RemoteWebDriver.java:552)
	at org.openqa.selenium.remote.RemoteWebDriver.startSession(RemoteWebDriver.java:213)
	at org.openqa.selenium.remote.RemoteWebDriver.<init>(RemoteWebDriver.java:131)
	at org.openqa.selenium.chrome.ChromeDriver.<init>(ChromeDriver.java:181)
	at org.openqa.selenium.chrome.ChromeDriver.<init>(ChromeDriver.java:168)
	at org.openqa.selenium.chrome.ChromeDriver.<init>(ChromeDriver.java:123)
	at HRM.LoginTest.b(LoginTest.java:27)
	at sun.reflect.NativeMethodAccessorImpl.invoke0(Native Method)
	at sun.reflect.NativeMethodAccessorImpl.invoke(Unknown Source)
	at sun.reflect.DelegatingMethodAccessorImpl.invoke(Unknown Source)
	at java.lang.reflect.Method.invoke(Unknown Source)
	at org.testng.internal.MethodInvocationHelper.invokeMethod(MethodInvocationHelper.java:104)
	at org.testng.internal.Invoker.invokeConfigurationMethod(Invoker.java:515)
	at org.testng.internal.Invoker.invokeConfigurations(Invoker.java:217)
	at org.testng.internal.Invoker.invokeMethod(Invoker.java:590)
	at org.testng.internal.Invoker.invokeTestMethod(Invoker.java:851)
	at org.testng.internal.Invoker.invokeTestMethods(Invoker.java:1177)
	at org.testng.internal.TestMethodWorker.invokeTestMethods(TestMethodWorker.java:129)
	at org.testng.internal.TestMethodWorker.run(TestMethodWorker.java:112)
	at org.testng.TestRunner.privateRun(TestRunner.java:756)
	at org.testng.TestRunner.run(TestRunner.java:610)
	at org.testng.SuiteRunner.runTest(SuiteRunner.java:387)
	at org.testng.SuiteRunner.runSequentially(SuiteRunner.java:382)
	at org.testng.SuiteRunner.privateRun(SuiteRunner.java:340)
	at org.testng.SuiteRunner.run(SuiteRunner.java:289)
	at org.testng.SuiteRunnerWorker.runSuite(SuiteRunnerWorker.java:52)
	at org.testng.SuiteRunnerWorker.run(SuiteRunnerWorker.java:86)
	at org.testng.TestNG.runSuitesSequentially(TestNG.java:1293)
	at org.testng.TestNG.runSuitesLocally(TestNG.java:1218)
	at org.testng.TestNG.runSuites(TestNG.java:1133)
	at org.testng.TestNG.run(TestNG.java:1104)
	at org.testng.remote.AbstractRemoteTestNG.run(AbstractRemoteTestNG.java:132)
	at org.testng.remote.RemoteTestNG.initAndRun(RemoteTestNG.java:236)
	at org.testng.remote.RemoteTestNG.main(RemoteTestNG.java:81)
]]>
            </full-stacktrace>
          </exception> <!-- org.openqa.selenium.SessionNotCreatedException -->
          <reporter-output>
          </reporter-output>
        </test-method> <!-- TC1_6 -->
        <test-method status="SKIP" signature="bclose()[pri:0, instance:HRM.LoginTest@3b1d11]" name="bclose" is-config="true" duration-ms="0" started-at="2019-12-16T17:16:18Z" finished-at="2019-12-16T17:16:18Z">
          <reporter-output>
          </reporter-output>
        </test-method> <!-- bclose -->
        <test-method status="SKIP" signature="b()[pri:0, instance:HRM.LoginTest@3b1d11]" name="b" is-config="true" duration-ms="0" started-at="2019-12-16T17:16:18Z" finished-at="2019-12-16T17:16:18Z">
          <reporter-output>
          </reporter-output>
        </test-method> <!-- b -->
        <test-method status="SKIP" signature="TC1_7()[pri:7, instance:HRM.LoginTest@3b1d11]" name="TC1_7" duration-ms="0" started-at="2019-12-16T17:16:18Z" finished-at="2019-12-16T17:16:18Z">
          <exception class="org.openqa.selenium.SessionNotCreatedException">
            <message>
              <![CDATA[session not created
from chrome not reachable
  (Session info: chrome=79.0.3945.79)
Build info: version: '3.141.59', revision: 'e82be7d358', time: '2018-11-14T08:25:53'
System info: host: 'QAPLANET-PC', ip: '192.168.0.114', os.name: 'Windows 7', os.arch: 'x86', os.version: '6.1', java.version: '1.8.0_231'
Driver info: driver.version: ChromeDriver
remote stacktrace: Backtrace:
	Ordinal0 [0x011FA923+1550627]
	Ordinal0 [0x0117A731+1025841]
	Ordinal0 [0x010FC5BE+509374]
	Ordinal0 [0x010F62F2+484082]
	Ordinal0 [0x010F69CB+485835]
	Ordinal0 [0x010F7B35+490293]
	Ordinal0 [0x010F3AB5+473781]
	Ordinal0 [0x010FD360+512864]
	Ordinal0 [0x010AB649+177737]
	Ordinal0 [0x010AA8ED+174317]
	Ordinal0 [0x010A8CDB+167131]
	Ordinal0 [0x0109144A+70730]
	Ordinal0 [0x010924D0+74960]
	Ordinal0 [0x01092469+74857]
	Ordinal0 [0x011942F7+1131255]
	GetHandleVerifier [0x0129711D+523789]
	GetHandleVerifier [0x01296EB0+523168]
	GetHandleVerifier [0x0129E207+552695]
	GetHandleVerifier [0x0129791A+525834]
	Ordinal0 [0x0118B82C+1095724]
	Ordinal0 [0x0119636B+1139563]
	Ordinal0 [0x011964D3+1139923]
	Ordinal0 [0x01195455+1135701]
	BaseThreadInitThunk [0x7728EF3C+18]
	RtlInitializeExceptionChain [0x77913688+239]
	RtlInitializeExceptionChain [0x7791365B+194]
]]>
            </message>
            <full-stacktrace>
              <![CDATA[org.openqa.selenium.SessionNotCreatedException: session not created
from chrome not reachable
  (Session info: chrome=79.0.3945.79)
Build info: version: '3.141.59', revision: 'e82be7d358', time: '2018-11-14T08:25:53'
System info: host: 'QAPLANET-PC', ip: '192.168.0.114', os.name: 'Windows 7', os.arch: 'x86', os.version: '6.1', java.version: '1.8.0_231'
Driver info: driver.version: ChromeDriver
remote stacktrace: Backtrace:
	Ordinal0 [0x011FA923+1550627]
	Ordinal0 [0x0117A731+1025841]
	Ordinal0 [0x010FC5BE+509374]
	Ordinal0 [0x010F62F2+484082]
	Ordinal0 [0x010F69CB+485835]
	Ordinal0 [0x010F7B35+490293]
	Ordinal0 [0x010F3AB5+473781]
	Ordinal0 [0x010FD360+512864]
	Ordinal0 [0x010AB649+177737]
	Ordinal0 [0x010AA8ED+174317]
	Ordinal0 [0x010A8CDB+167131]
	Ordinal0 [0x0109144A+70730]
	Ordinal0 [0x010924D0+74960]
	Ordinal0 [0x01092469+74857]
	Ordinal0 [0x011942F7+1131255]
	GetHandleVerifier [0x0129711D+523789]
	GetHandleVerifier [0x01296EB0+523168]
	GetHandleVerifier [0x0129E207+552695]
	GetHandleVerifier [0x0129791A+525834]
	Ordinal0 [0x0118B82C+1095724]
	Ordinal0 [0x0119636B+1139563]
	Ordinal0 [0x011964D3+1139923]
	Ordinal0 [0x01195455+1135701]
	BaseThreadInitThunk [0x7728EF3C+18]
	RtlInitializeExceptionChain [0x77913688+239]
	RtlInitializeExceptionChain [0x7791365B+194]

	at sun.reflect.NativeConstructorAccessorImpl.newInstance0(Native Method)
	at sun.reflect.NativeConstructorAccessorImpl.newInstance(Unknown Source)
	at sun.reflect.DelegatingConstructorAccessorImpl.newInstance(Unknown Source)
	at java.lang.reflect.Constructor.newInstance(Unknown Source)
	at org.openqa.selenium.remote.W3CHandshakeResponse.lambda$errorHandler$0(W3CHandshakeResponse.java:62)
	at org.openqa.selenium.remote.HandshakeResponse.lambda$getResponseFunction$0(HandshakeResponse.java:30)
	at org.openqa.selenium.remote.ProtocolHandshake.lambda$createSession$0(ProtocolHandshake.java:126)
	at java.util.stream.ReferencePipeline$3$1.accept(Unknown Source)
	at java.util.Spliterators$ArraySpliterator.tryAdvance(Unknown Source)
	at java.util.stream.ReferencePipeline.forEachWithCancel(Unknown Source)
	at java.util.stream.AbstractPipeline.copyIntoWithCancel(Unknown Source)
	at java.util.stream.AbstractPipeline.copyInto(Unknown Source)
	at java.util.stream.AbstractPipeline.wrapAndCopyInto(Unknown Source)
	at java.util.stream.FindOps$FindOp.evaluateSequential(Unknown Source)
	at java.util.stream.AbstractPipeline.evaluate(Unknown Source)
	at java.util.stream.ReferencePipeline.findFirst(Unknown Source)
	at org.openqa.selenium.remote.ProtocolHandshake.createSession(ProtocolHandshake.java:128)
	at org.openqa.selenium.remote.ProtocolHandshake.createSession(ProtocolHandshake.java:74)
	at org.openqa.selenium.remote.HttpCommandExecutor.execute(HttpCommandExecutor.java:136)
	at org.openqa.selenium.remote.service.DriverCommandExecutor.execute(DriverCommandExecutor.java:83)
	at org.openqa.selenium.remote.RemoteWebDriver.execute(RemoteWebDriver.java:552)
	at org.openqa.selenium.remote.RemoteWebDriver.startSession(RemoteWebDriver.java:213)
	at org.openqa.selenium.remote.RemoteWebDriver.<init>(RemoteWebDriver.java:131)
	at org.openqa.selenium.chrome.ChromeDriver.<init>(ChromeDriver.java:181)
	at org.openqa.selenium.chrome.ChromeDriver.<init>(ChromeDriver.java:168)
	at org.openqa.selenium.chrome.ChromeDriver.<init>(ChromeDriver.java:123)
	at HRM.LoginTest.b(LoginTest.java:27)
	at sun.reflect.NativeMethodAccessorImpl.invoke0(Native Method)
	at sun.reflect.NativeMethodAccessorImpl.invoke(Unknown Source)
	at sun.reflect.DelegatingMethodAccessorImpl.invoke(Unknown Source)
	at java.lang.reflect.Method.invoke(Unknown Source)
	at org.testng.internal.MethodInvocationHelper.invokeMethod(MethodInvocationHelper.java:104)
	at org.testng.internal.Invoker.invokeConfigurationMethod(Invoker.java:515)
	at org.testng.internal.Invoker.invokeConfigurations(Invoker.java:217)
	at org.testng.internal.Invoker.invokeMethod(Invoker.java:590)
	at org.testng.internal.Invoker.invokeTestMethod(Invoker.java:851)
	at org.testng.internal.Invoker.invokeTestMethods(Invoker.java:1177)
	at org.testng.internal.TestMethodWorker.invokeTestMethods(TestMethodWorker.java:129)
	at org.testng.internal.TestMethodWorker.run(TestMethodWorker.java:112)
	at org.testng.TestRunner.privateRun(TestRunner.java:756)
	at org.testng.TestRunner.run(TestRunner.java:610)
	at org.testng.SuiteRunner.runTest(SuiteRunner.java:387)
	at org.testng.SuiteRunner.runSequentially(SuiteRunner.java:382)
	at org.testng.SuiteRunner.privateRun(SuiteRunner.java:340)
	at org.testng.SuiteRunner.run(SuiteRunner.java:289)
	at org.testng.SuiteRunnerWorker.runSuite(SuiteRunnerWorker.java:52)
	at org.testng.SuiteRunnerWorker.run(SuiteRunnerWorker.java:86)
	at org.testng.TestNG.runSuitesSequentially(TestNG.java:1293)
	at org.testng.TestNG.runSuitesLocally(TestNG.java:1218)
	at org.testng.TestNG.runSuites(TestNG.java:1133)
	at org.testng.TestNG.run(TestNG.java:1104)
	at org.testng.remote.AbstractRemoteTestNG.run(AbstractRemoteTestNG.java:132)
	at org.testng.remote.RemoteTestNG.initAndRun(RemoteTestNG.java:236)
	at org.testng.remote.RemoteTestNG.main(RemoteTestNG.java:81)
]]>
            </full-stacktrace>
          </exception> <!-- org.openqa.selenium.SessionNotCreatedException -->
          <reporter-output>
          </reporter-output>
        </test-method> <!-- TC1_7 -->
        <test-method status="SKIP" signature="bclose()[pri:0, instance:HRM.LoginTest@3b1d11]" name="bclose" is-config="true" duration-ms="0" started-at="2019-12-16T17:16:18Z" finished-at="2019-12-16T17:16:18Z">
          <reporter-output>
          </reporter-output>
        </test-method> <!-- bclose -->
        <test-method status="SKIP" signature="b()[pri:0, instance:HRM.LoginTest@3b1d11]" name="b" is-config="true" duration-ms="0" started-at="2019-12-16T17:16:18Z" finished-at="2019-12-16T17:16:18Z">
          <reporter-output>
          </reporter-output>
        </test-method> <!-- b -->
        <test-method status="SKIP" signature="TC1_8()[pri:8, instance:HRM.LoginTest@3b1d11]" name="TC1_8" duration-ms="1" started-at="2019-12-16T17:16:18Z" finished-at="2019-12-16T17:16:18Z">
          <exception class="org.openqa.selenium.SessionNotCreatedException">
            <message>
              <![CDATA[session not created
from chrome not reachable
  (Session info: chrome=79.0.3945.79)
Build info: version: '3.141.59', revision: 'e82be7d358', time: '2018-11-14T08:25:53'
System info: host: 'QAPLANET-PC', ip: '192.168.0.114', os.name: 'Windows 7', os.arch: 'x86', os.version: '6.1', java.version: '1.8.0_231'
Driver info: driver.version: ChromeDriver
remote stacktrace: Backtrace:
	Ordinal0 [0x011FA923+1550627]
	Ordinal0 [0x0117A731+1025841]
	Ordinal0 [0x010FC5BE+509374]
	Ordinal0 [0x010F62F2+484082]
	Ordinal0 [0x010F69CB+485835]
	Ordinal0 [0x010F7B35+490293]
	Ordinal0 [0x010F3AB5+473781]
	Ordinal0 [0x010FD360+512864]
	Ordinal0 [0x010AB649+177737]
	Ordinal0 [0x010AA8ED+174317]
	Ordinal0 [0x010A8CDB+167131]
	Ordinal0 [0x0109144A+70730]
	Ordinal0 [0x010924D0+74960]
	Ordinal0 [0x01092469+74857]
	Ordinal0 [0x011942F7+1131255]
	GetHandleVerifier [0x0129711D+523789]
	GetHandleVerifier [0x01296EB0+523168]
	GetHandleVerifier [0x0129E207+552695]
	GetHandleVerifier [0x0129791A+525834]
	Ordinal0 [0x0118B82C+1095724]
	Ordinal0 [0x0119636B+1139563]
	Ordinal0 [0x011964D3+1139923]
	Ordinal0 [0x01195455+1135701]
	BaseThreadInitThunk [0x7728EF3C+18]
	RtlInitializeExceptionChain [0x77913688+239]
	RtlInitializeExceptionChain [0x7791365B+194]
]]>
            </message>
            <full-stacktrace>
              <![CDATA[org.openqa.selenium.SessionNotCreatedException: session not created
from chrome not reachable
  (Session info: chrome=79.0.3945.79)
Build info: version: '3.141.59', revision: 'e82be7d358', time: '2018-11-14T08:25:53'
System info: host: 'QAPLANET-PC', ip: '192.168.0.114', os.name: 'Windows 7', os.arch: 'x86', os.version: '6.1', java.version: '1.8.0_231'
Driver info: driver.version: ChromeDriver
remote stacktrace: Backtrace:
	Ordinal0 [0x011FA923+1550627]
	Ordinal0 [0x0117A731+1025841]
	Ordinal0 [0x010FC5BE+509374]
	Ordinal0 [0x010F62F2+484082]
	Ordinal0 [0x010F69CB+485835]
	Ordinal0 [0x010F7B35+490293]
	Ordinal0 [0x010F3AB5+473781]
	Ordinal0 [0x010FD360+512864]
	Ordinal0 [0x010AB649+177737]
	Ordinal0 [0x010AA8ED+174317]
	Ordinal0 [0x010A8CDB+167131]
	Ordinal0 [0x0109144A+70730]
	Ordinal0 [0x010924D0+74960]
	Ordinal0 [0x01092469+74857]
	Ordinal0 [0x011942F7+1131255]
	GetHandleVerifier [0x0129711D+523789]
	GetHandleVerifier [0x01296EB0+523168]
	GetHandleVerifier [0x0129E207+552695]
	GetHandleVerifier [0x0129791A+525834]
	Ordinal0 [0x0118B82C+1095724]
	Ordinal0 [0x0119636B+1139563]
	Ordinal0 [0x011964D3+1139923]
	Ordinal0 [0x01195455+1135701]
	BaseThreadInitThunk [0x7728EF3C+18]
	RtlInitializeExceptionChain [0x77913688+239]
	RtlInitializeExceptionChain [0x7791365B+194]

	at sun.reflect.NativeConstructorAccessorImpl.newInstance0(Native Method)
	at sun.reflect.NativeConstructorAccessorImpl.newInstance(Unknown Source)
	at sun.reflect.DelegatingConstructorAccessorImpl.newInstance(Unknown Source)
	at java.lang.reflect.Constructor.newInstance(Unknown Source)
	at org.openqa.selenium.remote.W3CHandshakeResponse.lambda$errorHandler$0(W3CHandshakeResponse.java:62)
	at org.openqa.selenium.remote.HandshakeResponse.lambda$getResponseFunction$0(HandshakeResponse.java:30)
	at org.openqa.selenium.remote.ProtocolHandshake.lambda$createSession$0(ProtocolHandshake.java:126)
	at java.util.stream.ReferencePipeline$3$1.accept(Unknown Source)
	at java.util.Spliterators$ArraySpliterator.tryAdvance(Unknown Source)
	at java.util.stream.ReferencePipeline.forEachWithCancel(Unknown Source)
	at java.util.stream.AbstractPipeline.copyIntoWithCancel(Unknown Source)
	at java.util.stream.AbstractPipeline.copyInto(Unknown Source)
	at java.util.stream.AbstractPipeline.wrapAndCopyInto(Unknown Source)
	at java.util.stream.FindOps$FindOp.evaluateSequential(Unknown Source)
	at java.util.stream.AbstractPipeline.evaluate(Unknown Source)
	at java.util.stream.ReferencePipeline.findFirst(Unknown Source)
	at org.openqa.selenium.remote.ProtocolHandshake.createSession(ProtocolHandshake.java:128)
	at org.openqa.selenium.remote.ProtocolHandshake.createSession(ProtocolHandshake.java:74)
	at org.openqa.selenium.remote.HttpCommandExecutor.execute(HttpCommandExecutor.java:136)
	at org.openqa.selenium.remote.service.DriverCommandExecutor.execute(DriverCommandExecutor.java:83)
	at org.openqa.selenium.remote.RemoteWebDriver.execute(RemoteWebDriver.java:552)
	at org.openqa.selenium.remote.RemoteWebDriver.startSession(RemoteWebDriver.java:213)
	at org.openqa.selenium.remote.RemoteWebDriver.<init>(RemoteWebDriver.java:131)
	at org.openqa.selenium.chrome.ChromeDriver.<init>(ChromeDriver.java:181)
	at org.openqa.selenium.chrome.ChromeDriver.<init>(ChromeDriver.java:168)
	at org.openqa.selenium.chrome.ChromeDriver.<init>(ChromeDriver.java:123)
	at HRM.LoginTest.b(LoginTest.java:27)
	at sun.reflect.NativeMethodAccessorImpl.invoke0(Native Method)
	at sun.reflect.NativeMethodAccessorImpl.invoke(Unknown Source)
	at sun.reflect.DelegatingMethodAccessorImpl.invoke(Unknown Source)
	at java.lang.reflect.Method.invoke(Unknown Source)
	at org.testng.internal.MethodInvocationHelper.invokeMethod(MethodInvocationHelper.java:104)
	at org.testng.internal.Invoker.invokeConfigurationMethod(Invoker.java:515)
	at org.testng.internal.Invoker.invokeConfigurations(Invoker.java:217)
	at org.testng.internal.Invoker.invokeMethod(Invoker.java:590)
	at org.testng.internal.Invoker.invokeTestMethod(Invoker.java:851)
	at org.testng.internal.Invoker.invokeTestMethods(Invoker.java:1177)
	at org.testng.internal.TestMethodWorker.invokeTestMethods(TestMethodWorker.java:129)
	at org.testng.internal.TestMethodWorker.run(TestMethodWorker.java:112)
	at org.testng.TestRunner.privateRun(TestRunner.java:756)
	at org.testng.TestRunner.run(TestRunner.java:610)
	at org.testng.SuiteRunner.runTest(SuiteRunner.java:387)
	at org.testng.SuiteRunner.runSequentially(SuiteRunner.java:382)
	at org.testng.SuiteRunner.privateRun(SuiteRunner.java:340)
	at org.testng.SuiteRunner.run(SuiteRunner.java:289)
	at org.testng.SuiteRunnerWorker.runSuite(SuiteRunnerWorker.java:52)
	at org.testng.SuiteRunnerWorker.run(SuiteRunnerWorker.java:86)
	at org.testng.TestNG.runSuitesSequentially(TestNG.java:1293)
	at org.testng.TestNG.runSuitesLocally(TestNG.java:1218)
	at org.testng.TestNG.runSuites(TestNG.java:1133)
	at org.testng.TestNG.run(TestNG.java:1104)
	at org.testng.remote.AbstractRemoteTestNG.run(AbstractRemoteTestNG.java:132)
	at org.testng.remote.RemoteTestNG.initAndRun(RemoteTestNG.java:236)
	at org.testng.remote.RemoteTestNG.main(RemoteTestNG.java:81)
]]>
            </full-stacktrace>
          </exception> <!-- org.openqa.selenium.SessionNotCreatedException -->
          <reporter-output>
          </reporter-output>
        </test-method> <!-- TC1_8 -->
        <test-method status="SKIP" signature="bclose()[pri:0, instance:HRM.LoginTest@3b1d11]" name="bclose" is-config="true" duration-ms="0" started-at="2019-12-16T17:16:18Z" finished-at="2019-12-16T17:16:18Z">
          <reporter-output>
          </reporter-output>
        </test-method> <!-- bclose -->
        <test-method status="SKIP" signature="TC1_9()[pri:9, instance:HRM.LoginTest@3b1d11]" name="TC1_9" duration-ms="0" started-at="2019-12-16T17:16:18Z" depends-on-methods="HRM.LoginTest.TC1_1" finished-at="2019-12-16T17:16:18Z">
          <exception class="java.lang.Throwable">
            <message>
              <![CDATA[Method LoginTest.TC1_9()[pri:9, instance:HRM.LoginTest@3b1d11] depends on not successfully finished methods]]>
            </message>
            <full-stacktrace>
              <![CDATA[java.lang.Throwable: Method LoginTest.TC1_9()[pri:9, instance:HRM.LoginTest@3b1d11] depends on not successfully finished methods
	at org.testng.internal.Invoker.invokeTestMethods(Invoker.java:1068)
	at org.testng.internal.TestMethodWorker.invokeTestMethods(TestMethodWorker.java:129)
	at org.testng.internal.TestMethodWorker.run(TestMethodWorker.java:112)
	at org.testng.TestRunner.privateRun(TestRunner.java:756)
	at org.testng.TestRunner.run(TestRunner.java:610)
	at org.testng.SuiteRunner.runTest(SuiteRunner.java:387)
	at org.testng.SuiteRunner.runSequentially(SuiteRunner.java:382)
	at org.testng.SuiteRunner.privateRun(SuiteRunner.java:340)
	at org.testng.SuiteRunner.run(SuiteRunner.java:289)
	at org.testng.SuiteRunnerWorker.runSuite(SuiteRunnerWorker.java:52)
	at org.testng.SuiteRunnerWorker.run(SuiteRunnerWorker.java:86)
	at org.testng.TestNG.runSuitesSequentially(TestNG.java:1293)
	at org.testng.TestNG.runSuitesLocally(TestNG.java:1218)
	at org.testng.TestNG.runSuites(TestNG.java:1133)
	at org.testng.TestNG.run(TestNG.java:1104)
	at org.testng.remote.AbstractRemoteTestNG.run(AbstractRemoteTestNG.java:132)
	at org.testng.remote.RemoteTestNG.initAndRun(RemoteTestNG.java:236)
	at org.testng.remote.RemoteTestNG.main(RemoteTestNG.java:81)
]]>
            </full-stacktrace>
          </exception> <!-- java.lang.Throwable -->
          <reporter-output>
          </reporter-output>
        </test-method> <!-- TC1_9 -->
        <test-method status="SKIP" signature="TC1_10()[pri:10, instance:HRM.LoginTest@3b1d11]" name="TC1_10" duration-ms="0" started-at="2019-12-16T17:16:18Z" depends-on-methods="HRM.LoginTest.TC1_1" finished-at="2019-12-16T17:16:18Z">
          <exception class="java.lang.Throwable">
            <message>
              <![CDATA[Method LoginTest.TC1_10()[pri:10, instance:HRM.LoginTest@3b1d11] depends on not successfully finished methods]]>
            </message>
            <full-stacktrace>
              <![CDATA[java.lang.Throwable: Method LoginTest.TC1_10()[pri:10, instance:HRM.LoginTest@3b1d11] depends on not successfully finished methods
	at org.testng.internal.Invoker.invokeTestMethods(Invoker.java:1068)
	at org.testng.internal.TestMethodWorker.invokeTestMethods(TestMethodWorker.java:129)
	at org.testng.internal.TestMethodWorker.run(TestMethodWorker.java:112)
	at org.testng.TestRunner.privateRun(TestRunner.java:756)
	at org.testng.TestRunner.run(TestRunner.java:610)
	at org.testng.SuiteRunner.runTest(SuiteRunner.java:387)
	at org.testng.SuiteRunner.runSequentially(SuiteRunner.java:382)
	at org.testng.SuiteRunner.privateRun(SuiteRunner.java:340)
	at org.testng.SuiteRunner.run(SuiteRunner.java:289)
	at org.testng.SuiteRunnerWorker.runSuite(SuiteRunnerWorker.java:52)
	at org.testng.SuiteRunnerWorker.run(SuiteRunnerWorker.java:86)
	at org.testng.TestNG.runSuitesSequentially(TestNG.java:1293)
	at org.testng.TestNG.runSuitesLocally(TestNG.java:1218)
	at org.testng.TestNG.runSuites(TestNG.java:1133)
	at org.testng.TestNG.run(TestNG.java:1104)
	at org.testng.remote.AbstractRemoteTestNG.run(AbstractRemoteTestNG.java:132)
	at org.testng.remote.RemoteTestNG.initAndRun(RemoteTestNG.java:236)
	at org.testng.remote.RemoteTestNG.main(RemoteTestNG.java:81)
]]>
            </full-stacktrace>
          </exception> <!-- java.lang.Throwable -->
          <reporter-output>
          </reporter-output>
        </test-method> <!-- TC1_10 -->
        <test-method status="SKIP" signature="TC1_11()[pri:11, instance:HRM.LoginTest@3b1d11]" name="TC1_11" duration-ms="0" started-at="2019-12-16T17:16:18Z" depends-on-methods="HRM.LoginTest.TC1_1" finished-at="2019-12-16T17:16:18Z">
          <exception class="java.lang.Throwable">
            <message>
              <![CDATA[Method LoginTest.TC1_11()[pri:11, instance:HRM.LoginTest@3b1d11] depends on not successfully finished methods]]>
            </message>
            <full-stacktrace>
              <![CDATA[java.lang.Throwable: Method LoginTest.TC1_11()[pri:11, instance:HRM.LoginTest@3b1d11] depends on not successfully finished methods
	at org.testng.internal.Invoker.invokeTestMethods(Invoker.java:1068)
	at org.testng.internal.TestMethodWorker.invokeTestMethods(TestMethodWorker.java:129)
	at org.testng.internal.TestMethodWorker.run(TestMethodWorker.java:112)
	at org.testng.TestRunner.privateRun(TestRunner.java:756)
	at org.testng.TestRunner.run(TestRunner.java:610)
	at org.testng.SuiteRunner.runTest(SuiteRunner.java:387)
	at org.testng.SuiteRunner.runSequentially(SuiteRunner.java:382)
	at org.testng.SuiteRunner.privateRun(SuiteRunner.java:340)
	at org.testng.SuiteRunner.run(SuiteRunner.java:289)
	at org.testng.SuiteRunnerWorker.runSuite(SuiteRunnerWorker.java:52)
	at org.testng.SuiteRunnerWorker.run(SuiteRunnerWorker.java:86)
	at org.testng.TestNG.runSuitesSequentially(TestNG.java:1293)
	at org.testng.TestNG.runSuitesLocally(TestNG.java:1218)
	at org.testng.TestNG.runSuites(TestNG.java:1133)
	at org.testng.TestNG.run(TestNG.java:1104)
	at org.testng.remote.AbstractRemoteTestNG.run(AbstractRemoteTestNG.java:132)
	at org.testng.remote.RemoteTestNG.initAndRun(RemoteTestNG.java:236)
	at org.testng.remote.RemoteTestNG.main(RemoteTestNG.java:81)
]]>
            </full-stacktrace>
          </exception> <!-- java.lang.Throwable -->
          <reporter-output>
          </reporter-output>
        </test-method> <!-- TC1_11 -->
      </class> <!-- HRM.LoginTest -->
    </test> <!-- Test1 -->
    <test name="Test2" duration-ms="27383" started-at="2019-12-16T11:46:18Z" finished-at="2019-12-16T11:46:45Z">
      <class name="HRM.LoginTest">
        <test-method status="PASS" signature="b()[pri:0, instance:HRM.LoginTest@193948d]" name="b" is-config="true" duration-ms="4075" started-at="2019-12-16T17:16:18Z" finished-at="2019-12-16T17:16:22Z">
          <reporter-output>
          </reporter-output>
        </test-method> <!-- b -->
        <test-method status="PASS" signature="TC1_1()[pri:1, instance:HRM.LoginTest@193948d]" name="TC1_1" duration-ms="7442" started-at="2019-12-16T17:16:22Z" finished-at="2019-12-16T17:16:29Z">
          <reporter-output>
          </reporter-output>
        </test-method> <!-- TC1_1 -->
        <test-method status="PASS" signature="bclose()[pri:0, instance:HRM.LoginTest@193948d]" name="bclose" is-config="true" duration-ms="1186" started-at="2019-12-16T17:16:29Z" finished-at="2019-12-16T17:16:31Z">
          <reporter-output>
          </reporter-output>
        </test-method> <!-- bclose -->
        <test-method status="PASS" signature="b()[pri:0, instance:HRM.LoginTest@193948d]" name="b" is-config="true" duration-ms="5571" started-at="2019-12-16T17:16:31Z" finished-at="2019-12-16T17:16:36Z">
          <reporter-output>
          </reporter-output>
        </test-method> <!-- b -->
        <test-method status="FAIL" signature="TC1_2()[pri:2, instance:HRM.LoginTest@193948d]" name="TC1_2" duration-ms="359" started-at="2019-12-16T17:16:36Z" finished-at="2019-12-16T17:16:36Z">
          <exception class="org.openqa.selenium.NoSuchElementException">
            <message>
              <![CDATA[Cannot locate an element using xpath=//input[@name='Submit']
For documentation on this error, please visit: https://www.seleniumhq.org/exceptions/no_such_element.html
Build info: version: '3.141.59', revision: 'e82be7d358', time: '2018-11-14T08:25:53'
System info: host: 'QAPLANET-PC', ip: '192.168.0.114', os.name: 'Windows 7', os.arch: 'x86', os.version: '6.1', java.version: '1.8.0_231'
Driver info: driver.version: RemoteWebDriver]]>
            </message>
            <full-stacktrace>
              <![CDATA[org.openqa.selenium.NoSuchElementException: Cannot locate an element using xpath=//input[@name='Submit']
For documentation on this error, please visit: https://www.seleniumhq.org/exceptions/no_such_element.html
Build info: version: '3.141.59', revision: 'e82be7d358', time: '2018-11-14T08:25:53'
System info: host: 'QAPLANET-PC', ip: '192.168.0.114', os.name: 'Windows 7', os.arch: 'x86', os.version: '6.1', java.version: '1.8.0_231'
Driver info: driver.version: RemoteWebDriver
	at org.openqa.selenium.remote.RemoteWebDriver.findElement(RemoteWebDriver.java:327)
	at org.openqa.selenium.remote.RemoteWebDriver.findElementByXPath(RemoteWebDriver.java:428)
	at org.openqa.selenium.By$ByXPath.findElement(By.java:353)
	at org.openqa.selenium.remote.RemoteWebDriver.findElement(RemoteWebDriver.java:315)
	at HRM.LoginTest.TC1_2(LoginTest.java:78)
	at sun.reflect.NativeMethodAccessorImpl.invoke0(Native Method)
	at sun.reflect.NativeMethodAccessorImpl.invoke(Unknown Source)
	at sun.reflect.DelegatingMethodAccessorImpl.invoke(Unknown Source)
	at java.lang.reflect.Method.invoke(Unknown Source)
	at org.testng.internal.MethodInvocationHelper.invokeMethod(MethodInvocationHelper.java:104)
	at org.testng.internal.Invoker.invokeMethod(Invoker.java:645)
	at org.testng.internal.Invoker.invokeTestMethod(Invoker.java:851)
	at org.testng.internal.Invoker.invokeTestMethods(Invoker.java:1177)
	at org.testng.internal.TestMethodWorker.invokeTestMethods(TestMethodWorker.java:129)
	at org.testng.internal.TestMethodWorker.run(TestMethodWorker.java:112)
	at org.testng.TestRunner.privateRun(TestRunner.java:756)
	at org.testng.TestRunner.run(TestRunner.java:610)
	at org.testng.SuiteRunner.runTest(SuiteRunner.java:387)
	at org.testng.SuiteRunner.runSequentially(SuiteRunner.java:382)
	at org.testng.SuiteRunner.privateRun(SuiteRunner.java:340)
	at org.testng.SuiteRunner.run(SuiteRunner.java:289)
	at org.testng.SuiteRunnerWorker.runSuite(SuiteRunnerWorker.java:52)
	at org.testng.SuiteRunnerWorker.run(SuiteRunnerWorker.java:86)
	at org.testng.TestNG.runSuitesSequentially(TestNG.java:1293)
	at org.testng.TestNG.runSuitesLocally(TestNG.java:1218)
	at org.testng.TestNG.runSuites(TestNG.java:1133)
	at org.testng.TestNG.run(TestNG.java:1104)
	at org.testng.remote.AbstractRemoteTestNG.run(AbstractRemoteTestNG.java:132)
	at org.testng.remote.RemoteTestNG.initAndRun(RemoteTestNG.java:236)
	at org.testng.remote.RemoteTestNG.main(RemoteTestNG.java:81)
]]>
            </full-stacktrace>
          </exception> <!-- org.openqa.selenium.NoSuchElementException -->
          <reporter-output>
          </reporter-output>
        </test-method> <!-- TC1_2 -->
        <test-method status="PASS" signature="bclose()[pri:0, instance:HRM.LoginTest@193948d]" name="bclose" is-config="true" duration-ms="1070" started-at="2019-12-16T17:16:36Z" finished-at="2019-12-16T17:16:38Z">
          <reporter-output>
          </reporter-output>
        </test-method> <!-- bclose -->
        <test-method status="FAIL" signature="b()[pri:0, instance:HRM.LoginTest@193948d]" name="b" is-config="true" duration-ms="0" started-at="2019-12-16T17:16:38Z" finished-at="2019-12-16T17:16:38Z">
          <exception class="org.openqa.selenium.SessionNotCreatedException">
            <message>
              <![CDATA[session not created
from chrome not reachable
  (Session info: chrome=79.0.3945.79)
Build info: version: '3.141.59', revision: 'e82be7d358', time: '2018-11-14T08:25:53'
System info: host: 'QAPLANET-PC', ip: '192.168.0.114', os.name: 'Windows 7', os.arch: 'x86', os.version: '6.1', java.version: '1.8.0_231'
Driver info: driver.version: ChromeDriver
remote stacktrace: Backtrace:
	Ordinal0 [0x011FA923+1550627]
	Ordinal0 [0x0117A731+1025841]
	Ordinal0 [0x010FC5BE+509374]
	Ordinal0 [0x010F62F2+484082]
	Ordinal0 [0x010F69CB+485835]
	Ordinal0 [0x010F7B35+490293]
	Ordinal0 [0x010F3AB5+473781]
	Ordinal0 [0x010FD360+512864]
	Ordinal0 [0x010AB649+177737]
	Ordinal0 [0x010AA8ED+174317]
	Ordinal0 [0x010A8CDB+167131]
	Ordinal0 [0x0109144A+70730]
	Ordinal0 [0x010924D0+74960]
	Ordinal0 [0x01092469+74857]
	Ordinal0 [0x011942F7+1131255]
	GetHandleVerifier [0x0129711D+523789]
	GetHandleVerifier [0x01296EB0+523168]
	GetHandleVerifier [0x0129E207+552695]
	GetHandleVerifier [0x0129791A+525834]
	Ordinal0 [0x0118B82C+1095724]
	Ordinal0 [0x0119636B+1139563]
	Ordinal0 [0x011964D3+1139923]
	Ordinal0 [0x01195455+1135701]
	BaseThreadInitThunk [0x7728EF3C+18]
	RtlInitializeExceptionChain [0x77913688+239]
	RtlInitializeExceptionChain [0x7791365B+194]
]]>
            </message>
            <full-stacktrace>
              <![CDATA[org.openqa.selenium.SessionNotCreatedException: session not created
from chrome not reachable
  (Session info: chrome=79.0.3945.79)
Build info: version: '3.141.59', revision: 'e82be7d358', time: '2018-11-14T08:25:53'
System info: host: 'QAPLANET-PC', ip: '192.168.0.114', os.name: 'Windows 7', os.arch: 'x86', os.version: '6.1', java.version: '1.8.0_231'
Driver info: driver.version: ChromeDriver
remote stacktrace: Backtrace:
	Ordinal0 [0x011FA923+1550627]
	Ordinal0 [0x0117A731+1025841]
	Ordinal0 [0x010FC5BE+509374]
	Ordinal0 [0x010F62F2+484082]
	Ordinal0 [0x010F69CB+485835]
	Ordinal0 [0x010F7B35+490293]
	Ordinal0 [0x010F3AB5+473781]
	Ordinal0 [0x010FD360+512864]
	Ordinal0 [0x010AB649+177737]
	Ordinal0 [0x010AA8ED+174317]
	Ordinal0 [0x010A8CDB+167131]
	Ordinal0 [0x0109144A+70730]
	Ordinal0 [0x010924D0+74960]
	Ordinal0 [0x01092469+74857]
	Ordinal0 [0x011942F7+1131255]
	GetHandleVerifier [0x0129711D+523789]
	GetHandleVerifier [0x01296EB0+523168]
	GetHandleVerifier [0x0129E207+552695]
	GetHandleVerifier [0x0129791A+525834]
	Ordinal0 [0x0118B82C+1095724]
	Ordinal0 [0x0119636B+1139563]
	Ordinal0 [0x011964D3+1139923]
	Ordinal0 [0x01195455+1135701]
	BaseThreadInitThunk [0x7728EF3C+18]
	RtlInitializeExceptionChain [0x77913688+239]
	RtlInitializeExceptionChain [0x7791365B+194]

	at sun.reflect.NativeConstructorAccessorImpl.newInstance0(Native Method)
	at sun.reflect.NativeConstructorAccessorImpl.newInstance(Unknown Source)
	at sun.reflect.DelegatingConstructorAccessorImpl.newInstance(Unknown Source)
	at java.lang.reflect.Constructor.newInstance(Unknown Source)
	at org.openqa.selenium.remote.W3CHandshakeResponse.lambda$errorHandler$0(W3CHandshakeResponse.java:62)
	at org.openqa.selenium.remote.HandshakeResponse.lambda$getResponseFunction$0(HandshakeResponse.java:30)
	at org.openqa.selenium.remote.ProtocolHandshake.lambda$createSession$0(ProtocolHandshake.java:126)
	at java.util.stream.ReferencePipeline$3$1.accept(Unknown Source)
	at java.util.Spliterators$ArraySpliterator.tryAdvance(Unknown Source)
	at java.util.stream.ReferencePipeline.forEachWithCancel(Unknown Source)
	at java.util.stream.AbstractPipeline.copyIntoWithCancel(Unknown Source)
	at java.util.stream.AbstractPipeline.copyInto(Unknown Source)
	at java.util.stream.AbstractPipeline.wrapAndCopyInto(Unknown Source)
	at java.util.stream.FindOps$FindOp.evaluateSequential(Unknown Source)
	at java.util.stream.AbstractPipeline.evaluate(Unknown Source)
	at java.util.stream.ReferencePipeline.findFirst(Unknown Source)
	at org.openqa.selenium.remote.ProtocolHandshake.createSession(ProtocolHandshake.java:128)
	at org.openqa.selenium.remote.ProtocolHandshake.createSession(ProtocolHandshake.java:74)
	at org.openqa.selenium.remote.HttpCommandExecutor.execute(HttpCommandExecutor.java:136)
	at org.openqa.selenium.remote.service.DriverCommandExecutor.execute(DriverCommandExecutor.java:83)
	at org.openqa.selenium.remote.RemoteWebDriver.execute(RemoteWebDriver.java:552)
	at org.openqa.selenium.remote.RemoteWebDriver.startSession(RemoteWebDriver.java:213)
	at org.openqa.selenium.remote.RemoteWebDriver.<init>(RemoteWebDriver.java:131)
	at org.openqa.selenium.chrome.ChromeDriver.<init>(ChromeDriver.java:181)
	at org.openqa.selenium.chrome.ChromeDriver.<init>(ChromeDriver.java:168)
	at org.openqa.selenium.chrome.ChromeDriver.<init>(ChromeDriver.java:123)
	at HRM.LoginTest.b(LoginTest.java:27)
	at sun.reflect.NativeMethodAccessorImpl.invoke0(Native Method)
	at sun.reflect.NativeMethodAccessorImpl.invoke(Unknown Source)
	at sun.reflect.DelegatingMethodAccessorImpl.invoke(Unknown Source)
	at java.lang.reflect.Method.invoke(Unknown Source)
	at org.testng.internal.MethodInvocationHelper.invokeMethod(MethodInvocationHelper.java:104)
	at org.testng.internal.Invoker.invokeConfigurationMethod(Invoker.java:515)
	at org.testng.internal.Invoker.invokeConfigurations(Invoker.java:217)
	at org.testng.internal.Invoker.invokeMethod(Invoker.java:590)
	at org.testng.internal.Invoker.invokeTestMethod(Invoker.java:851)
	at org.testng.internal.Invoker.invokeTestMethods(Invoker.java:1177)
	at org.testng.internal.TestMethodWorker.invokeTestMethods(TestMethodWorker.java:129)
	at org.testng.internal.TestMethodWorker.run(TestMethodWorker.java:112)
	at org.testng.TestRunner.privateRun(TestRunner.java:756)
	at org.testng.TestRunner.run(TestRunner.java:610)
	at org.testng.SuiteRunner.runTest(SuiteRunner.java:387)
	at org.testng.SuiteRunner.runSequentially(SuiteRunner.java:382)
	at org.testng.SuiteRunner.privateRun(SuiteRunner.java:340)
	at org.testng.SuiteRunner.run(SuiteRunner.java:289)
	at org.testng.SuiteRunnerWorker.runSuite(SuiteRunnerWorker.java:52)
	at org.testng.SuiteRunnerWorker.run(SuiteRunnerWorker.java:86)
	at org.testng.TestNG.runSuitesSequentially(TestNG.java:1293)
	at org.testng.TestNG.runSuitesLocally(TestNG.java:1218)
	at org.testng.TestNG.runSuites(TestNG.java:1133)
	at org.testng.TestNG.run(TestNG.java:1104)
	at org.testng.remote.AbstractRemoteTestNG.run(AbstractRemoteTestNG.java:132)
	at org.testng.remote.RemoteTestNG.initAndRun(RemoteTestNG.java:236)
	at org.testng.remote.RemoteTestNG.main(RemoteTestNG.java:81)
]]>
            </full-stacktrace>
          </exception> <!-- org.openqa.selenium.SessionNotCreatedException -->
          <reporter-output>
          </reporter-output>
        </test-method> <!-- b -->
        <test-method status="SKIP" signature="TC1_3()[pri:3, instance:HRM.LoginTest@193948d]" name="TC1_3" duration-ms="1" started-at="2019-12-16T17:16:45Z" finished-at="2019-12-16T17:16:45Z">
          <exception class="org.openqa.selenium.SessionNotCreatedException">
            <message>
              <![CDATA[session not created
from chrome not reachable
  (Session info: chrome=79.0.3945.79)
Build info: version: '3.141.59', revision: 'e82be7d358', time: '2018-11-14T08:25:53'
System info: host: 'QAPLANET-PC', ip: '192.168.0.114', os.name: 'Windows 7', os.arch: 'x86', os.version: '6.1', java.version: '1.8.0_231'
Driver info: driver.version: ChromeDriver
remote stacktrace: Backtrace:
	Ordinal0 [0x011FA923+1550627]
	Ordinal0 [0x0117A731+1025841]
	Ordinal0 [0x010FC5BE+509374]
	Ordinal0 [0x010F62F2+484082]
	Ordinal0 [0x010F69CB+485835]
	Ordinal0 [0x010F7B35+490293]
	Ordinal0 [0x010F3AB5+473781]
	Ordinal0 [0x010FD360+512864]
	Ordinal0 [0x010AB649+177737]
	Ordinal0 [0x010AA8ED+174317]
	Ordinal0 [0x010A8CDB+167131]
	Ordinal0 [0x0109144A+70730]
	Ordinal0 [0x010924D0+74960]
	Ordinal0 [0x01092469+74857]
	Ordinal0 [0x011942F7+1131255]
	GetHandleVerifier [0x0129711D+523789]
	GetHandleVerifier [0x01296EB0+523168]
	GetHandleVerifier [0x0129E207+552695]
	GetHandleVerifier [0x0129791A+525834]
	Ordinal0 [0x0118B82C+1095724]
	Ordinal0 [0x0119636B+1139563]
	Ordinal0 [0x011964D3+1139923]
	Ordinal0 [0x01195455+1135701]
	BaseThreadInitThunk [0x7728EF3C+18]
	RtlInitializeExceptionChain [0x77913688+239]
	RtlInitializeExceptionChain [0x7791365B+194]
]]>
            </message>
            <full-stacktrace>
              <![CDATA[org.openqa.selenium.SessionNotCreatedException: session not created
from chrome not reachable
  (Session info: chrome=79.0.3945.79)
Build info: version: '3.141.59', revision: 'e82be7d358', time: '2018-11-14T08:25:53'
System info: host: 'QAPLANET-PC', ip: '192.168.0.114', os.name: 'Windows 7', os.arch: 'x86', os.version: '6.1', java.version: '1.8.0_231'
Driver info: driver.version: ChromeDriver
remote stacktrace: Backtrace:
	Ordinal0 [0x011FA923+1550627]
	Ordinal0 [0x0117A731+1025841]
	Ordinal0 [0x010FC5BE+509374]
	Ordinal0 [0x010F62F2+484082]
	Ordinal0 [0x010F69CB+485835]
	Ordinal0 [0x010F7B35+490293]
	Ordinal0 [0x010F3AB5+473781]
	Ordinal0 [0x010FD360+512864]
	Ordinal0 [0x010AB649+177737]
	Ordinal0 [0x010AA8ED+174317]
	Ordinal0 [0x010A8CDB+167131]
	Ordinal0 [0x0109144A+70730]
	Ordinal0 [0x010924D0+74960]
	Ordinal0 [0x01092469+74857]
	Ordinal0 [0x011942F7+1131255]
	GetHandleVerifier [0x0129711D+523789]
	GetHandleVerifier [0x01296EB0+523168]
	GetHandleVerifier [0x0129E207+552695]
	GetHandleVerifier [0x0129791A+525834]
	Ordinal0 [0x0118B82C+1095724]
	Ordinal0 [0x0119636B+1139563]
	Ordinal0 [0x011964D3+1139923]
	Ordinal0 [0x01195455+1135701]
	BaseThreadInitThunk [0x7728EF3C+18]
	RtlInitializeExceptionChain [0x77913688+239]
	RtlInitializeExceptionChain [0x7791365B+194]

	at sun.reflect.NativeConstructorAccessorImpl.newInstance0(Native Method)
	at sun.reflect.NativeConstructorAccessorImpl.newInstance(Unknown Source)
	at sun.reflect.DelegatingConstructorAccessorImpl.newInstance(Unknown Source)
	at java.lang.reflect.Constructor.newInstance(Unknown Source)
	at org.openqa.selenium.remote.W3CHandshakeResponse.lambda$errorHandler$0(W3CHandshakeResponse.java:62)
	at org.openqa.selenium.remote.HandshakeResponse.lambda$getResponseFunction$0(HandshakeResponse.java:30)
	at org.openqa.selenium.remote.ProtocolHandshake.lambda$createSession$0(ProtocolHandshake.java:126)
	at java.util.stream.ReferencePipeline$3$1.accept(Unknown Source)
	at java.util.Spliterators$ArraySpliterator.tryAdvance(Unknown Source)
	at java.util.stream.ReferencePipeline.forEachWithCancel(Unknown Source)
	at java.util.stream.AbstractPipeline.copyIntoWithCancel(Unknown Source)
	at java.util.stream.AbstractPipeline.copyInto(Unknown Source)
	at java.util.stream.AbstractPipeline.wrapAndCopyInto(Unknown Source)
	at java.util.stream.FindOps$FindOp.evaluateSequential(Unknown Source)
	at java.util.stream.AbstractPipeline.evaluate(Unknown Source)
	at java.util.stream.ReferencePipeline.findFirst(Unknown Source)
	at org.openqa.selenium.remote.ProtocolHandshake.createSession(ProtocolHandshake.java:128)
	at org.openqa.selenium.remote.ProtocolHandshake.createSession(ProtocolHandshake.java:74)
	at org.openqa.selenium.remote.HttpCommandExecutor.execute(HttpCommandExecutor.java:136)
	at org.openqa.selenium.remote.service.DriverCommandExecutor.execute(DriverCommandExecutor.java:83)
	at org.openqa.selenium.remote.RemoteWebDriver.execute(RemoteWebDriver.java:552)
	at org.openqa.selenium.remote.RemoteWebDriver.startSession(RemoteWebDriver.java:213)
	at org.openqa.selenium.remote.RemoteWebDriver.<init>(RemoteWebDriver.java:131)
	at org.openqa.selenium.chrome.ChromeDriver.<init>(ChromeDriver.java:181)
	at org.openqa.selenium.chrome.ChromeDriver.<init>(ChromeDriver.java:168)
	at org.openqa.selenium.chrome.ChromeDriver.<init>(ChromeDriver.java:123)
	at HRM.LoginTest.b(LoginTest.java:27)
	at sun.reflect.NativeMethodAccessorImpl.invoke0(Native Method)
	at sun.reflect.NativeMethodAccessorImpl.invoke(Unknown Source)
	at sun.reflect.DelegatingMethodAccessorImpl.invoke(Unknown Source)
	at java.lang.reflect.Method.invoke(Unknown Source)
	at org.testng.internal.MethodInvocationHelper.invokeMethod(MethodInvocationHelper.java:104)
	at org.testng.internal.Invoker.invokeConfigurationMethod(Invoker.java:515)
	at org.testng.internal.Invoker.invokeConfigurations(Invoker.java:217)
	at org.testng.internal.Invoker.invokeMethod(Invoker.java:590)
	at org.testng.internal.Invoker.invokeTestMethod(Invoker.java:851)
	at org.testng.internal.Invoker.invokeTestMethods(Invoker.java:1177)
	at org.testng.internal.TestMethodWorker.invokeTestMethods(TestMethodWorker.java:129)
	at org.testng.internal.TestMethodWorker.run(TestMethodWorker.java:112)
	at org.testng.TestRunner.privateRun(TestRunner.java:756)
	at org.testng.TestRunner.run(TestRunner.java:610)
	at org.testng.SuiteRunner.runTest(SuiteRunner.java:387)
	at org.testng.SuiteRunner.runSequentially(SuiteRunner.java:382)
	at org.testng.SuiteRunner.privateRun(SuiteRunner.java:340)
	at org.testng.SuiteRunner.run(SuiteRunner.java:289)
	at org.testng.SuiteRunnerWorker.runSuite(SuiteRunnerWorker.java:52)
	at org.testng.SuiteRunnerWorker.run(SuiteRunnerWorker.java:86)
	at org.testng.TestNG.runSuitesSequentially(TestNG.java:1293)
	at org.testng.TestNG.runSuitesLocally(TestNG.java:1218)
	at org.testng.TestNG.runSuites(TestNG.java:1133)
	at org.testng.TestNG.run(TestNG.java:1104)
	at org.testng.remote.AbstractRemoteTestNG.run(AbstractRemoteTestNG.java:132)
	at org.testng.remote.RemoteTestNG.initAndRun(RemoteTestNG.java:236)
	at org.testng.remote.RemoteTestNG.main(RemoteTestNG.java:81)
]]>
            </full-stacktrace>
          </exception> <!-- org.openqa.selenium.SessionNotCreatedException -->
          <reporter-output>
          </reporter-output>
        </test-method> <!-- TC1_3 -->
        <test-method status="SKIP" signature="bclose()[pri:0, instance:HRM.LoginTest@193948d]" name="bclose" is-config="true" duration-ms="0" started-at="2019-12-16T17:16:45Z" finished-at="2019-12-16T17:16:45Z">
          <reporter-output>
          </reporter-output>
        </test-method> <!-- bclose -->
        <test-method status="SKIP" signature="b()[pri:0, instance:HRM.LoginTest@193948d]" name="b" is-config="true" duration-ms="0" started-at="2019-12-16T17:16:45Z" finished-at="2019-12-16T17:16:45Z">
          <reporter-output>
          </reporter-output>
        </test-method> <!-- b -->
        <test-method status="SKIP" signature="TC1_4()[pri:4, instance:HRM.LoginTest@193948d]" name="TC1_4" duration-ms="1" started-at="2019-12-16T17:16:45Z" finished-at="2019-12-16T17:16:45Z">
          <exception class="org.openqa.selenium.SessionNotCreatedException">
            <message>
              <![CDATA[session not created
from chrome not reachable
  (Session info: chrome=79.0.3945.79)
Build info: version: '3.141.59', revision: 'e82be7d358', time: '2018-11-14T08:25:53'
System info: host: 'QAPLANET-PC', ip: '192.168.0.114', os.name: 'Windows 7', os.arch: 'x86', os.version: '6.1', java.version: '1.8.0_231'
Driver info: driver.version: ChromeDriver
remote stacktrace: Backtrace:
	Ordinal0 [0x011FA923+1550627]
	Ordinal0 [0x0117A731+1025841]
	Ordinal0 [0x010FC5BE+509374]
	Ordinal0 [0x010F62F2+484082]
	Ordinal0 [0x010F69CB+485835]
	Ordinal0 [0x010F7B35+490293]
	Ordinal0 [0x010F3AB5+473781]
	Ordinal0 [0x010FD360+512864]
	Ordinal0 [0x010AB649+177737]
	Ordinal0 [0x010AA8ED+174317]
	Ordinal0 [0x010A8CDB+167131]
	Ordinal0 [0x0109144A+70730]
	Ordinal0 [0x010924D0+74960]
	Ordinal0 [0x01092469+74857]
	Ordinal0 [0x011942F7+1131255]
	GetHandleVerifier [0x0129711D+523789]
	GetHandleVerifier [0x01296EB0+523168]
	GetHandleVerifier [0x0129E207+552695]
	GetHandleVerifier [0x0129791A+525834]
	Ordinal0 [0x0118B82C+1095724]
	Ordinal0 [0x0119636B+1139563]
	Ordinal0 [0x011964D3+1139923]
	Ordinal0 [0x01195455+1135701]
	BaseThreadInitThunk [0x7728EF3C+18]
	RtlInitializeExceptionChain [0x77913688+239]
	RtlInitializeExceptionChain [0x7791365B+194]
]]>
            </message>
            <full-stacktrace>
              <![CDATA[org.openqa.selenium.SessionNotCreatedException: session not created
from chrome not reachable
  (Session info: chrome=79.0.3945.79)
Build info: version: '3.141.59', revision: 'e82be7d358', time: '2018-11-14T08:25:53'
System info: host: 'QAPLANET-PC', ip: '192.168.0.114', os.name: 'Windows 7', os.arch: 'x86', os.version: '6.1', java.version: '1.8.0_231'
Driver info: driver.version: ChromeDriver
remote stacktrace: Backtrace:
	Ordinal0 [0x011FA923+1550627]
	Ordinal0 [0x0117A731+1025841]
	Ordinal0 [0x010FC5BE+509374]
	Ordinal0 [0x010F62F2+484082]
	Ordinal0 [0x010F69CB+485835]
	Ordinal0 [0x010F7B35+490293]
	Ordinal0 [0x010F3AB5+473781]
	Ordinal0 [0x010FD360+512864]
	Ordinal0 [0x010AB649+177737]
	Ordinal0 [0x010AA8ED+174317]
	Ordinal0 [0x010A8CDB+167131]
	Ordinal0 [0x0109144A+70730]
	Ordinal0 [0x010924D0+74960]
	Ordinal0 [0x01092469+74857]
	Ordinal0 [0x011942F7+1131255]
	GetHandleVerifier [0x0129711D+523789]
	GetHandleVerifier [0x01296EB0+523168]
	GetHandleVerifier [0x0129E207+552695]
	GetHandleVerifier [0x0129791A+525834]
	Ordinal0 [0x0118B82C+1095724]
	Ordinal0 [0x0119636B+1139563]
	Ordinal0 [0x011964D3+1139923]
	Ordinal0 [0x01195455+1135701]
	BaseThreadInitThunk [0x7728EF3C+18]
	RtlInitializeExceptionChain [0x77913688+239]
	RtlInitializeExceptionChain [0x7791365B+194]

	at sun.reflect.NativeConstructorAccessorImpl.newInstance0(Native Method)
	at sun.reflect.NativeConstructorAccessorImpl.newInstance(Unknown Source)
	at sun.reflect.DelegatingConstructorAccessorImpl.newInstance(Unknown Source)
	at java.lang.reflect.Constructor.newInstance(Unknown Source)
	at org.openqa.selenium.remote.W3CHandshakeResponse.lambda$errorHandler$0(W3CHandshakeResponse.java:62)
	at org.openqa.selenium.remote.HandshakeResponse.lambda$getResponseFunction$0(HandshakeResponse.java:30)
	at org.openqa.selenium.remote.ProtocolHandshake.lambda$createSession$0(ProtocolHandshake.java:126)
	at java.util.stream.ReferencePipeline$3$1.accept(Unknown Source)
	at java.util.Spliterators$ArraySpliterator.tryAdvance(Unknown Source)
	at java.util.stream.ReferencePipeline.forEachWithCancel(Unknown Source)
	at java.util.stream.AbstractPipeline.copyIntoWithCancel(Unknown Source)
	at java.util.stream.AbstractPipeline.copyInto(Unknown Source)
	at java.util.stream.AbstractPipeline.wrapAndCopyInto(Unknown Source)
	at java.util.stream.FindOps$FindOp.evaluateSequential(Unknown Source)
	at java.util.stream.AbstractPipeline.evaluate(Unknown Source)
	at java.util.stream.ReferencePipeline.findFirst(Unknown Source)
	at org.openqa.selenium.remote.ProtocolHandshake.createSession(ProtocolHandshake.java:128)
	at org.openqa.selenium.remote.ProtocolHandshake.createSession(ProtocolHandshake.java:74)
	at org.openqa.selenium.remote.HttpCommandExecutor.execute(HttpCommandExecutor.java:136)
	at org.openqa.selenium.remote.service.DriverCommandExecutor.execute(DriverCommandExecutor.java:83)
	at org.openqa.selenium.remote.RemoteWebDriver.execute(RemoteWebDriver.java:552)
	at org.openqa.selenium.remote.RemoteWebDriver.startSession(RemoteWebDriver.java:213)
	at org.openqa.selenium.remote.RemoteWebDriver.<init>(RemoteWebDriver.java:131)
	at org.openqa.selenium.chrome.ChromeDriver.<init>(ChromeDriver.java:181)
	at org.openqa.selenium.chrome.ChromeDriver.<init>(ChromeDriver.java:168)
	at org.openqa.selenium.chrome.ChromeDriver.<init>(ChromeDriver.java:123)
	at HRM.LoginTest.b(LoginTest.java:27)
	at sun.reflect.NativeMethodAccessorImpl.invoke0(Native Method)
	at sun.reflect.NativeMethodAccessorImpl.invoke(Unknown Source)
	at sun.reflect.DelegatingMethodAccessorImpl.invoke(Unknown Source)
	at java.lang.reflect.Method.invoke(Unknown Source)
	at org.testng.internal.MethodInvocationHelper.invokeMethod(MethodInvocationHelper.java:104)
	at org.testng.internal.Invoker.invokeConfigurationMethod(Invoker.java:515)
	at org.testng.internal.Invoker.invokeConfigurations(Invoker.java:217)
	at org.testng.internal.Invoker.invokeMethod(Invoker.java:590)
	at org.testng.internal.Invoker.invokeTestMethod(Invoker.java:851)
	at org.testng.internal.Invoker.invokeTestMethods(Invoker.java:1177)
	at org.testng.internal.TestMethodWorker.invokeTestMethods(TestMethodWorker.java:129)
	at org.testng.internal.TestMethodWorker.run(TestMethodWorker.java:112)
	at org.testng.TestRunner.privateRun(TestRunner.java:756)
	at org.testng.TestRunner.run(TestRunner.java:610)
	at org.testng.SuiteRunner.runTest(SuiteRunner.java:387)
	at org.testng.SuiteRunner.runSequentially(SuiteRunner.java:382)
	at org.testng.SuiteRunner.privateRun(SuiteRunner.java:340)
	at org.testng.SuiteRunner.run(SuiteRunner.java:289)
	at org.testng.SuiteRunnerWorker.runSuite(SuiteRunnerWorker.java:52)
	at org.testng.SuiteRunnerWorker.run(SuiteRunnerWorker.java:86)
	at org.testng.TestNG.runSuitesSequentially(TestNG.java:1293)
	at org.testng.TestNG.runSuitesLocally(TestNG.java:1218)
	at org.testng.TestNG.runSuites(TestNG.java:1133)
	at org.testng.TestNG.run(TestNG.java:1104)
	at org.testng.remote.AbstractRemoteTestNG.run(AbstractRemoteTestNG.java:132)
	at org.testng.remote.RemoteTestNG.initAndRun(RemoteTestNG.java:236)
	at org.testng.remote.RemoteTestNG.main(RemoteTestNG.java:81)
]]>
            </full-stacktrace>
          </exception> <!-- org.openqa.selenium.SessionNotCreatedException -->
          <reporter-output>
          </reporter-output>
        </test-method> <!-- TC1_4 -->
        <test-method status="SKIP" signature="bclose()[pri:0, instance:HRM.LoginTest@193948d]" name="bclose" is-config="true" duration-ms="0" started-at="2019-12-16T17:16:45Z" finished-at="2019-12-16T17:16:45Z">
          <reporter-output>
          </reporter-output>
        </test-method> <!-- bclose -->
        <test-method status="SKIP" signature="b()[pri:0, instance:HRM.LoginTest@193948d]" name="b" is-config="true" duration-ms="0" started-at="2019-12-16T17:16:45Z" finished-at="2019-12-16T17:16:45Z">
          <reporter-output>
          </reporter-output>
        </test-method> <!-- b -->
        <test-method status="SKIP" signature="TC1_5()[pri:5, instance:HRM.LoginTest@193948d]" name="TC1_5" duration-ms="0" started-at="2019-12-16T17:16:45Z" finished-at="2019-12-16T17:16:45Z">
          <exception class="org.openqa.selenium.SessionNotCreatedException">
            <message>
              <![CDATA[session not created
from chrome not reachable
  (Session info: chrome=79.0.3945.79)
Build info: version: '3.141.59', revision: 'e82be7d358', time: '2018-11-14T08:25:53'
System info: host: 'QAPLANET-PC', ip: '192.168.0.114', os.name: 'Windows 7', os.arch: 'x86', os.version: '6.1', java.version: '1.8.0_231'
Driver info: driver.version: ChromeDriver
remote stacktrace: Backtrace:
	Ordinal0 [0x011FA923+1550627]
	Ordinal0 [0x0117A731+1025841]
	Ordinal0 [0x010FC5BE+509374]
	Ordinal0 [0x010F62F2+484082]
	Ordinal0 [0x010F69CB+485835]
	Ordinal0 [0x010F7B35+490293]
	Ordinal0 [0x010F3AB5+473781]
	Ordinal0 [0x010FD360+512864]
	Ordinal0 [0x010AB649+177737]
	Ordinal0 [0x010AA8ED+174317]
	Ordinal0 [0x010A8CDB+167131]
	Ordinal0 [0x0109144A+70730]
	Ordinal0 [0x010924D0+74960]
	Ordinal0 [0x01092469+74857]
	Ordinal0 [0x011942F7+1131255]
	GetHandleVerifier [0x0129711D+523789]
	GetHandleVerifier [0x01296EB0+523168]
	GetHandleVerifier [0x0129E207+552695]
	GetHandleVerifier [0x0129791A+525834]
	Ordinal0 [0x0118B82C+1095724]
	Ordinal0 [0x0119636B+1139563]
	Ordinal0 [0x011964D3+1139923]
	Ordinal0 [0x01195455+1135701]
	BaseThreadInitThunk [0x7728EF3C+18]
	RtlInitializeExceptionChain [0x77913688+239]
	RtlInitializeExceptionChain [0x7791365B+194]
]]>
            </message>
            <full-stacktrace>
              <![CDATA[org.openqa.selenium.SessionNotCreatedException: session not created
from chrome not reachable
  (Session info: chrome=79.0.3945.79)
Build info: version: '3.141.59', revision: 'e82be7d358', time: '2018-11-14T08:25:53'
System info: host: 'QAPLANET-PC', ip: '192.168.0.114', os.name: 'Windows 7', os.arch: 'x86', os.version: '6.1', java.version: '1.8.0_231'
Driver info: driver.version: ChromeDriver
remote stacktrace: Backtrace:
	Ordinal0 [0x011FA923+1550627]
	Ordinal0 [0x0117A731+1025841]
	Ordinal0 [0x010FC5BE+509374]
	Ordinal0 [0x010F62F2+484082]
	Ordinal0 [0x010F69CB+485835]
	Ordinal0 [0x010F7B35+490293]
	Ordinal0 [0x010F3AB5+473781]
	Ordinal0 [0x010FD360+512864]
	Ordinal0 [0x010AB649+177737]
	Ordinal0 [0x010AA8ED+174317]
	Ordinal0 [0x010A8CDB+167131]
	Ordinal0 [0x0109144A+70730]
	Ordinal0 [0x010924D0+74960]
	Ordinal0 [0x01092469+74857]
	Ordinal0 [0x011942F7+1131255]
	GetHandleVerifier [0x0129711D+523789]
	GetHandleVerifier [0x01296EB0+523168]
	GetHandleVerifier [0x0129E207+552695]
	GetHandleVerifier [0x0129791A+525834]
	Ordinal0 [0x0118B82C+1095724]
	Ordinal0 [0x0119636B+1139563]
	Ordinal0 [0x011964D3+1139923]
	Ordinal0 [0x01195455+1135701]
	BaseThreadInitThunk [0x7728EF3C+18]
	RtlInitializeExceptionChain [0x77913688+239]
	RtlInitializeExceptionChain [0x7791365B+194]

	at sun.reflect.NativeConstructorAccessorImpl.newInstance0(Native Method)
	at sun.reflect.NativeConstructorAccessorImpl.newInstance(Unknown Source)
	at sun.reflect.DelegatingConstructorAccessorImpl.newInstance(Unknown Source)
	at java.lang.reflect.Constructor.newInstance(Unknown Source)
	at org.openqa.selenium.remote.W3CHandshakeResponse.lambda$errorHandler$0(W3CHandshakeResponse.java:62)
	at org.openqa.selenium.remote.HandshakeResponse.lambda$getResponseFunction$0(HandshakeResponse.java:30)
	at org.openqa.selenium.remote.ProtocolHandshake.lambda$createSession$0(ProtocolHandshake.java:126)
	at java.util.stream.ReferencePipeline$3$1.accept(Unknown Source)
	at java.util.Spliterators$ArraySpliterator.tryAdvance(Unknown Source)
	at java.util.stream.ReferencePipeline.forEachWithCancel(Unknown Source)
	at java.util.stream.AbstractPipeline.copyIntoWithCancel(Unknown Source)
	at java.util.stream.AbstractPipeline.copyInto(Unknown Source)
	at java.util.stream.AbstractPipeline.wrapAndCopyInto(Unknown Source)
	at java.util.stream.FindOps$FindOp.evaluateSequential(Unknown Source)
	at java.util.stream.AbstractPipeline.evaluate(Unknown Source)
	at java.util.stream.ReferencePipeline.findFirst(Unknown Source)
	at org.openqa.selenium.remote.ProtocolHandshake.createSession(ProtocolHandshake.java:128)
	at org.openqa.selenium.remote.ProtocolHandshake.createSession(ProtocolHandshake.java:74)
	at org.openqa.selenium.remote.HttpCommandExecutor.execute(HttpCommandExecutor.java:136)
	at org.openqa.selenium.remote.service.DriverCommandExecutor.execute(DriverCommandExecutor.java:83)
	at org.openqa.selenium.remote.RemoteWebDriver.execute(RemoteWebDriver.java:552)
	at org.openqa.selenium.remote.RemoteWebDriver.startSession(RemoteWebDriver.java:213)
	at org.openqa.selenium.remote.RemoteWebDriver.<init>(RemoteWebDriver.java:131)
	at org.openqa.selenium.chrome.ChromeDriver.<init>(ChromeDriver.java:181)
	at org.openqa.selenium.chrome.ChromeDriver.<init>(ChromeDriver.java:168)
	at org.openqa.selenium.chrome.ChromeDriver.<init>(ChromeDriver.java:123)
	at HRM.LoginTest.b(LoginTest.java:27)
	at sun.reflect.NativeMethodAccessorImpl.invoke0(Native Method)
	at sun.reflect.NativeMethodAccessorImpl.invoke(Unknown Source)
	at sun.reflect.DelegatingMethodAccessorImpl.invoke(Unknown Source)
	at java.lang.reflect.Method.invoke(Unknown Source)
	at org.testng.internal.MethodInvocationHelper.invokeMethod(MethodInvocationHelper.java:104)
	at org.testng.internal.Invoker.invokeConfigurationMethod(Invoker.java:515)
	at org.testng.internal.Invoker.invokeConfigurations(Invoker.java:217)
	at org.testng.internal.Invoker.invokeMethod(Invoker.java:590)
	at org.testng.internal.Invoker.invokeTestMethod(Invoker.java:851)
	at org.testng.internal.Invoker.invokeTestMethods(Invoker.java:1177)
	at org.testng.internal.TestMethodWorker.invokeTestMethods(TestMethodWorker.java:129)
	at org.testng.internal.TestMethodWorker.run(TestMethodWorker.java:112)
	at org.testng.TestRunner.privateRun(TestRunner.java:756)
	at org.testng.TestRunner.run(TestRunner.java:610)
	at org.testng.SuiteRunner.runTest(SuiteRunner.java:387)
	at org.testng.SuiteRunner.runSequentially(SuiteRunner.java:382)
	at org.testng.SuiteRunner.privateRun(SuiteRunner.java:340)
	at org.testng.SuiteRunner.run(SuiteRunner.java:289)
	at org.testng.SuiteRunnerWorker.runSuite(SuiteRunnerWorker.java:52)
	at org.testng.SuiteRunnerWorker.run(SuiteRunnerWorker.java:86)
	at org.testng.TestNG.runSuitesSequentially(TestNG.java:1293)
	at org.testng.TestNG.runSuitesLocally(TestNG.java:1218)
	at org.testng.TestNG.runSuites(TestNG.java:1133)
	at org.testng.TestNG.run(TestNG.java:1104)
	at org.testng.remote.AbstractRemoteTestNG.run(AbstractRemoteTestNG.java:132)
	at org.testng.remote.RemoteTestNG.initAndRun(RemoteTestNG.java:236)
	at org.testng.remote.RemoteTestNG.main(RemoteTestNG.java:81)
]]>
            </full-stacktrace>
          </exception> <!-- org.openqa.selenium.SessionNotCreatedException -->
          <reporter-output>
          </reporter-output>
        </test-method> <!-- TC1_5 -->
        <test-method status="SKIP" signature="bclose()[pri:0, instance:HRM.LoginTest@193948d]" name="bclose" is-config="true" duration-ms="0" started-at="2019-12-16T17:16:45Z" finished-at="2019-12-16T17:16:45Z">
          <reporter-output>
          </reporter-output>
        </test-method> <!-- bclose -->
        <test-method status="SKIP" signature="b()[pri:0, instance:HRM.LoginTest@193948d]" name="b" is-config="true" duration-ms="0" started-at="2019-12-16T17:16:45Z" finished-at="2019-12-16T17:16:45Z">
          <reporter-output>
          </reporter-output>
        </test-method> <!-- b -->
        <test-method status="SKIP" signature="TC1_6()[pri:6, instance:HRM.LoginTest@193948d]" name="TC1_6" duration-ms="0" started-at="2019-12-16T17:16:45Z" finished-at="2019-12-16T17:16:45Z">
          <exception class="org.openqa.selenium.SessionNotCreatedException">
            <message>
              <![CDATA[session not created
from chrome not reachable
  (Session info: chrome=79.0.3945.79)
Build info: version: '3.141.59', revision: 'e82be7d358', time: '2018-11-14T08:25:53'
System info: host: 'QAPLANET-PC', ip: '192.168.0.114', os.name: 'Windows 7', os.arch: 'x86', os.version: '6.1', java.version: '1.8.0_231'
Driver info: driver.version: ChromeDriver
remote stacktrace: Backtrace:
	Ordinal0 [0x011FA923+1550627]
	Ordinal0 [0x0117A731+1025841]
	Ordinal0 [0x010FC5BE+509374]
	Ordinal0 [0x010F62F2+484082]
	Ordinal0 [0x010F69CB+485835]
	Ordinal0 [0x010F7B35+490293]
	Ordinal0 [0x010F3AB5+473781]
	Ordinal0 [0x010FD360+512864]
	Ordinal0 [0x010AB649+177737]
	Ordinal0 [0x010AA8ED+174317]
	Ordinal0 [0x010A8CDB+167131]
	Ordinal0 [0x0109144A+70730]
	Ordinal0 [0x010924D0+74960]
	Ordinal0 [0x01092469+74857]
	Ordinal0 [0x011942F7+1131255]
	GetHandleVerifier [0x0129711D+523789]
	GetHandleVerifier [0x01296EB0+523168]
	GetHandleVerifier [0x0129E207+552695]
	GetHandleVerifier [0x0129791A+525834]
	Ordinal0 [0x0118B82C+1095724]
	Ordinal0 [0x0119636B+1139563]
	Ordinal0 [0x011964D3+1139923]
	Ordinal0 [0x01195455+1135701]
	BaseThreadInitThunk [0x7728EF3C+18]
	RtlInitializeExceptionChain [0x77913688+239]
	RtlInitializeExceptionChain [0x7791365B+194]
]]>
            </message>
            <full-stacktrace>
              <![CDATA[org.openqa.selenium.SessionNotCreatedException: session not created
from chrome not reachable
  (Session info: chrome=79.0.3945.79)
Build info: version: '3.141.59', revision: 'e82be7d358', time: '2018-11-14T08:25:53'
System info: host: 'QAPLANET-PC', ip: '192.168.0.114', os.name: 'Windows 7', os.arch: 'x86', os.version: '6.1', java.version: '1.8.0_231'
Driver info: driver.version: ChromeDriver
remote stacktrace: Backtrace:
	Ordinal0 [0x011FA923+1550627]
	Ordinal0 [0x0117A731+1025841]
	Ordinal0 [0x010FC5BE+509374]
	Ordinal0 [0x010F62F2+484082]
	Ordinal0 [0x010F69CB+485835]
	Ordinal0 [0x010F7B35+490293]
	Ordinal0 [0x010F3AB5+473781]
	Ordinal0 [0x010FD360+512864]
	Ordinal0 [0x010AB649+177737]
	Ordinal0 [0x010AA8ED+174317]
	Ordinal0 [0x010A8CDB+167131]
	Ordinal0 [0x0109144A+70730]
	Ordinal0 [0x010924D0+74960]
	Ordinal0 [0x01092469+74857]
	Ordinal0 [0x011942F7+1131255]
	GetHandleVerifier [0x0129711D+523789]
	GetHandleVerifier [0x01296EB0+523168]
	GetHandleVerifier [0x0129E207+552695]
	GetHandleVerifier [0x0129791A+525834]
	Ordinal0 [0x0118B82C+1095724]
	Ordinal0 [0x0119636B+1139563]
	Ordinal0 [0x011964D3+1139923]
	Ordinal0 [0x01195455+1135701]
	BaseThreadInitThunk [0x7728EF3C+18]
	RtlInitializeExceptionChain [0x77913688+239]
	RtlInitializeExceptionChain [0x7791365B+194]

	at sun.reflect.NativeConstructorAccessorImpl.newInstance0(Native Method)
	at sun.reflect.NativeConstructorAccessorImpl.newInstance(Unknown Source)
	at sun.reflect.DelegatingConstructorAccessorImpl.newInstance(Unknown Source)
	at java.lang.reflect.Constructor.newInstance(Unknown Source)
	at org.openqa.selenium.remote.W3CHandshakeResponse.lambda$errorHandler$0(W3CHandshakeResponse.java:62)
	at org.openqa.selenium.remote.HandshakeResponse.lambda$getResponseFunction$0(HandshakeResponse.java:30)
	at org.openqa.selenium.remote.ProtocolHandshake.lambda$createSession$0(ProtocolHandshake.java:126)
	at java.util.stream.ReferencePipeline$3$1.accept(Unknown Source)
	at java.util.Spliterators$ArraySpliterator.tryAdvance(Unknown Source)
	at java.util.stream.ReferencePipeline.forEachWithCancel(Unknown Source)
	at java.util.stream.AbstractPipeline.copyIntoWithCancel(Unknown Source)
	at java.util.stream.AbstractPipeline.copyInto(Unknown Source)
	at java.util.stream.AbstractPipeline.wrapAndCopyInto(Unknown Source)
	at java.util.stream.FindOps$FindOp.evaluateSequential(Unknown Source)
	at java.util.stream.AbstractPipeline.evaluate(Unknown Source)
	at java.util.stream.ReferencePipeline.findFirst(Unknown Source)
	at org.openqa.selenium.remote.ProtocolHandshake.createSession(ProtocolHandshake.java:128)
	at org.openqa.selenium.remote.ProtocolHandshake.createSession(ProtocolHandshake.java:74)
	at org.openqa.selenium.remote.HttpCommandExecutor.execute(HttpCommandExecutor.java:136)
	at org.openqa.selenium.remote.service.DriverCommandExecutor.execute(DriverCommandExecutor.java:83)
	at org.openqa.selenium.remote.RemoteWebDriver.execute(RemoteWebDriver.java:552)
	at org.openqa.selenium.remote.RemoteWebDriver.startSession(RemoteWebDriver.java:213)
	at org.openqa.selenium.remote.RemoteWebDriver.<init>(RemoteWebDriver.java:131)
	at org.openqa.selenium.chrome.ChromeDriver.<init>(ChromeDriver.java:181)
	at org.openqa.selenium.chrome.ChromeDriver.<init>(ChromeDriver.java:168)
	at org.openqa.selenium.chrome.ChromeDriver.<init>(ChromeDriver.java:123)
	at HRM.LoginTest.b(LoginTest.java:27)
	at sun.reflect.NativeMethodAccessorImpl.invoke0(Native Method)
	at sun.reflect.NativeMethodAccessorImpl.invoke(Unknown Source)
	at sun.reflect.DelegatingMethodAccessorImpl.invoke(Unknown Source)
	at java.lang.reflect.Method.invoke(Unknown Source)
	at org.testng.internal.MethodInvocationHelper.invokeMethod(MethodInvocationHelper.java:104)
	at org.testng.internal.Invoker.invokeConfigurationMethod(Invoker.java:515)
	at org.testng.internal.Invoker.invokeConfigurations(Invoker.java:217)
	at org.testng.internal.Invoker.invokeMethod(Invoker.java:590)
	at org.testng.internal.Invoker.invokeTestMethod(Invoker.java:851)
	at org.testng.internal.Invoker.invokeTestMethods(Invoker.java:1177)
	at org.testng.internal.TestMethodWorker.invokeTestMethods(TestMethodWorker.java:129)
	at org.testng.internal.TestMethodWorker.run(TestMethodWorker.java:112)
	at org.testng.TestRunner.privateRun(TestRunner.java:756)
	at org.testng.TestRunner.run(TestRunner.java:610)
	at org.testng.SuiteRunner.runTest(SuiteRunner.java:387)
	at org.testng.SuiteRunner.runSequentially(SuiteRunner.java:382)
	at org.testng.SuiteRunner.privateRun(SuiteRunner.java:340)
	at org.testng.SuiteRunner.run(SuiteRunner.java:289)
	at org.testng.SuiteRunnerWorker.runSuite(SuiteRunnerWorker.java:52)
	at org.testng.SuiteRunnerWorker.run(SuiteRunnerWorker.java:86)
	at org.testng.TestNG.runSuitesSequentially(TestNG.java:1293)
	at org.testng.TestNG.runSuitesLocally(TestNG.java:1218)
	at org.testng.TestNG.runSuites(TestNG.java:1133)
	at org.testng.TestNG.run(TestNG.java:1104)
	at org.testng.remote.AbstractRemoteTestNG.run(AbstractRemoteTestNG.java:132)
	at org.testng.remote.RemoteTestNG.initAndRun(RemoteTestNG.java:236)
	at org.testng.remote.RemoteTestNG.main(RemoteTestNG.java:81)
]]>
            </full-stacktrace>
          </exception> <!-- org.openqa.selenium.SessionNotCreatedException -->
          <reporter-output>
          </reporter-output>
        </test-method> <!-- TC1_6 -->
        <test-method status="SKIP" signature="bclose()[pri:0, instance:HRM.LoginTest@193948d]" name="bclose" is-config="true" duration-ms="0" started-at="2019-12-16T17:16:45Z" finished-at="2019-12-16T17:16:45Z">
          <reporter-output>
          </reporter-output>
        </test-method> <!-- bclose -->
        <test-method status="SKIP" signature="b()[pri:0, instance:HRM.LoginTest@193948d]" name="b" is-config="true" duration-ms="0" started-at="2019-12-16T17:16:45Z" finished-at="2019-12-16T17:16:45Z">
          <reporter-output>
          </reporter-output>
        </test-method> <!-- b -->
        <test-method status="SKIP" signature="TC1_7()[pri:7, instance:HRM.LoginTest@193948d]" name="TC1_7" duration-ms="0" started-at="2019-12-16T17:16:45Z" finished-at="2019-12-16T17:16:45Z">
          <exception class="org.openqa.selenium.SessionNotCreatedException">
            <message>
              <![CDATA[session not created
from chrome not reachable
  (Session info: chrome=79.0.3945.79)
Build info: version: '3.141.59', revision: 'e82be7d358', time: '2018-11-14T08:25:53'
System info: host: 'QAPLANET-PC', ip: '192.168.0.114', os.name: 'Windows 7', os.arch: 'x86', os.version: '6.1', java.version: '1.8.0_231'
Driver info: driver.version: ChromeDriver
remote stacktrace: Backtrace:
	Ordinal0 [0x011FA923+1550627]
	Ordinal0 [0x0117A731+1025841]
	Ordinal0 [0x010FC5BE+509374]
	Ordinal0 [0x010F62F2+484082]
	Ordinal0 [0x010F69CB+485835]
	Ordinal0 [0x010F7B35+490293]
	Ordinal0 [0x010F3AB5+473781]
	Ordinal0 [0x010FD360+512864]
	Ordinal0 [0x010AB649+177737]
	Ordinal0 [0x010AA8ED+174317]
	Ordinal0 [0x010A8CDB+167131]
	Ordinal0 [0x0109144A+70730]
	Ordinal0 [0x010924D0+74960]
	Ordinal0 [0x01092469+74857]
	Ordinal0 [0x011942F7+1131255]
	GetHandleVerifier [0x0129711D+523789]
	GetHandleVerifier [0x01296EB0+523168]
	GetHandleVerifier [0x0129E207+552695]
	GetHandleVerifier [0x0129791A+525834]
	Ordinal0 [0x0118B82C+1095724]
	Ordinal0 [0x0119636B+1139563]
	Ordinal0 [0x011964D3+1139923]
	Ordinal0 [0x01195455+1135701]
	BaseThreadInitThunk [0x7728EF3C+18]
	RtlInitializeExceptionChain [0x77913688+239]
	RtlInitializeExceptionChain [0x7791365B+194]
]]>
            </message>
            <full-stacktrace>
              <![CDATA[org.openqa.selenium.SessionNotCreatedException: session not created
from chrome not reachable
  (Session info: chrome=79.0.3945.79)
Build info: version: '3.141.59', revision: 'e82be7d358', time: '2018-11-14T08:25:53'
System info: host: 'QAPLANET-PC', ip: '192.168.0.114', os.name: 'Windows 7', os.arch: 'x86', os.version: '6.1', java.version: '1.8.0_231'
Driver info: driver.version: ChromeDriver
remote stacktrace: Backtrace:
	Ordinal0 [0x011FA923+1550627]
	Ordinal0 [0x0117A731+1025841]
	Ordinal0 [0x010FC5BE+509374]
	Ordinal0 [0x010F62F2+484082]
	Ordinal0 [0x010F69CB+485835]
	Ordinal0 [0x010F7B35+490293]
	Ordinal0 [0x010F3AB5+473781]
	Ordinal0 [0x010FD360+512864]
	Ordinal0 [0x010AB649+177737]
	Ordinal0 [0x010AA8ED+174317]
	Ordinal0 [0x010A8CDB+167131]
	Ordinal0 [0x0109144A+70730]
	Ordinal0 [0x010924D0+74960]
	Ordinal0 [0x01092469+74857]
	Ordinal0 [0x011942F7+1131255]
	GetHandleVerifier [0x0129711D+523789]
	GetHandleVerifier [0x01296EB0+523168]
	GetHandleVerifier [0x0129E207+552695]
	GetHandleVerifier [0x0129791A+525834]
	Ordinal0 [0x0118B82C+1095724]
	Ordinal0 [0x0119636B+1139563]
	Ordinal0 [0x011964D3+1139923]
	Ordinal0 [0x01195455+1135701]
	BaseThreadInitThunk [0x7728EF3C+18]
	RtlInitializeExceptionChain [0x77913688+239]
	RtlInitializeExceptionChain [0x7791365B+194]

	at sun.reflect.NativeConstructorAccessorImpl.newInstance0(Native Method)
	at sun.reflect.NativeConstructorAccessorImpl.newInstance(Unknown Source)
	at sun.reflect.DelegatingConstructorAccessorImpl.newInstance(Unknown Source)
	at java.lang.reflect.Constructor.newInstance(Unknown Source)
	at org.openqa.selenium.remote.W3CHandshakeResponse.lambda$errorHandler$0(W3CHandshakeResponse.java:62)
	at org.openqa.selenium.remote.HandshakeResponse.lambda$getResponseFunction$0(HandshakeResponse.java:30)
	at org.openqa.selenium.remote.ProtocolHandshake.lambda$createSession$0(ProtocolHandshake.java:126)
	at java.util.stream.ReferencePipeline$3$1.accept(Unknown Source)
	at java.util.Spliterators$ArraySpliterator.tryAdvance(Unknown Source)
	at java.util.stream.ReferencePipeline.forEachWithCancel(Unknown Source)
	at java.util.stream.AbstractPipeline.copyIntoWithCancel(Unknown Source)
	at java.util.stream.AbstractPipeline.copyInto(Unknown Source)
	at java.util.stream.AbstractPipeline.wrapAndCopyInto(Unknown Source)
	at java.util.stream.FindOps$FindOp.evaluateSequential(Unknown Source)
	at java.util.stream.AbstractPipeline.evaluate(Unknown Source)
	at java.util.stream.ReferencePipeline.findFirst(Unknown Source)
	at org.openqa.selenium.remote.ProtocolHandshake.createSession(ProtocolHandshake.java:128)
	at org.openqa.selenium.remote.ProtocolHandshake.createSession(ProtocolHandshake.java:74)
	at org.openqa.selenium.remote.HttpCommandExecutor.execute(HttpCommandExecutor.java:136)
	at org.openqa.selenium.remote.service.DriverCommandExecutor.execute(DriverCommandExecutor.java:83)
	at org.openqa.selenium.remote.RemoteWebDriver.execute(RemoteWebDriver.java:552)
	at org.openqa.selenium.remote.RemoteWebDriver.startSession(RemoteWebDriver.java:213)
	at org.openqa.selenium.remote.RemoteWebDriver.<init>(RemoteWebDriver.java:131)
	at org.openqa.selenium.chrome.ChromeDriver.<init>(ChromeDriver.java:181)
	at org.openqa.selenium.chrome.ChromeDriver.<init>(ChromeDriver.java:168)
	at org.openqa.selenium.chrome.ChromeDriver.<init>(ChromeDriver.java:123)
	at HRM.LoginTest.b(LoginTest.java:27)
	at sun.reflect.NativeMethodAccessorImpl.invoke0(Native Method)
	at sun.reflect.NativeMethodAccessorImpl.invoke(Unknown Source)
	at sun.reflect.DelegatingMethodAccessorImpl.invoke(Unknown Source)
	at java.lang.reflect.Method.invoke(Unknown Source)
	at org.testng.internal.MethodInvocationHelper.invokeMethod(MethodInvocationHelper.java:104)
	at org.testng.internal.Invoker.invokeConfigurationMethod(Invoker.java:515)
	at org.testng.internal.Invoker.invokeConfigurations(Invoker.java:217)
	at org.testng.internal.Invoker.invokeMethod(Invoker.java:590)
	at org.testng.internal.Invoker.invokeTestMethod(Invoker.java:851)
	at org.testng.internal.Invoker.invokeTestMethods(Invoker.java:1177)
	at org.testng.internal.TestMethodWorker.invokeTestMethods(TestMethodWorker.java:129)
	at org.testng.internal.TestMethodWorker.run(TestMethodWorker.java:112)
	at org.testng.TestRunner.privateRun(TestRunner.java:756)
	at org.testng.TestRunner.run(TestRunner.java:610)
	at org.testng.SuiteRunner.runTest(SuiteRunner.java:387)
	at org.testng.SuiteRunner.runSequentially(SuiteRunner.java:382)
	at org.testng.SuiteRunner.privateRun(SuiteRunner.java:340)
	at org.testng.SuiteRunner.run(SuiteRunner.java:289)
	at org.testng.SuiteRunnerWorker.runSuite(SuiteRunnerWorker.java:52)
	at org.testng.SuiteRunnerWorker.run(SuiteRunnerWorker.java:86)
	at org.testng.TestNG.runSuitesSequentially(TestNG.java:1293)
	at org.testng.TestNG.runSuitesLocally(TestNG.java:1218)
	at org.testng.TestNG.runSuites(TestNG.java:1133)
	at org.testng.TestNG.run(TestNG.java:1104)
	at org.testng.remote.AbstractRemoteTestNG.run(AbstractRemoteTestNG.java:132)
	at org.testng.remote.RemoteTestNG.initAndRun(RemoteTestNG.java:236)
	at org.testng.remote.RemoteTestNG.main(RemoteTestNG.java:81)
]]>
            </full-stacktrace>
          </exception> <!-- org.openqa.selenium.SessionNotCreatedException -->
          <reporter-output>
          </reporter-output>
        </test-method> <!-- TC1_7 -->
        <test-method status="SKIP" signature="bclose()[pri:0, instance:HRM.LoginTest@193948d]" name="bclose" is-config="true" duration-ms="0" started-at="2019-12-16T17:16:45Z" finished-at="2019-12-16T17:16:45Z">
          <reporter-output>
          </reporter-output>
        </test-method> <!-- bclose -->
        <test-method status="SKIP" signature="b()[pri:0, instance:HRM.LoginTest@193948d]" name="b" is-config="true" duration-ms="0" started-at="2019-12-16T17:16:45Z" finished-at="2019-12-16T17:16:45Z">
          <reporter-output>
          </reporter-output>
        </test-method> <!-- b -->
        <test-method status="SKIP" signature="TC1_8()[pri:8, instance:HRM.LoginTest@193948d]" name="TC1_8" duration-ms="1" started-at="2019-12-16T17:16:45Z" finished-at="2019-12-16T17:16:45Z">
          <exception class="org.openqa.selenium.SessionNotCreatedException">
            <message>
              <![CDATA[session not created
from chrome not reachable
  (Session info: chrome=79.0.3945.79)
Build info: version: '3.141.59', revision: 'e82be7d358', time: '2018-11-14T08:25:53'
System info: host: 'QAPLANET-PC', ip: '192.168.0.114', os.name: 'Windows 7', os.arch: 'x86', os.version: '6.1', java.version: '1.8.0_231'
Driver info: driver.version: ChromeDriver
remote stacktrace: Backtrace:
	Ordinal0 [0x011FA923+1550627]
	Ordinal0 [0x0117A731+1025841]
	Ordinal0 [0x010FC5BE+509374]
	Ordinal0 [0x010F62F2+484082]
	Ordinal0 [0x010F69CB+485835]
	Ordinal0 [0x010F7B35+490293]
	Ordinal0 [0x010F3AB5+473781]
	Ordinal0 [0x010FD360+512864]
	Ordinal0 [0x010AB649+177737]
	Ordinal0 [0x010AA8ED+174317]
	Ordinal0 [0x010A8CDB+167131]
	Ordinal0 [0x0109144A+70730]
	Ordinal0 [0x010924D0+74960]
	Ordinal0 [0x01092469+74857]
	Ordinal0 [0x011942F7+1131255]
	GetHandleVerifier [0x0129711D+523789]
	GetHandleVerifier [0x01296EB0+523168]
	GetHandleVerifier [0x0129E207+552695]
	GetHandleVerifier [0x0129791A+525834]
	Ordinal0 [0x0118B82C+1095724]
	Ordinal0 [0x0119636B+1139563]
	Ordinal0 [0x011964D3+1139923]
	Ordinal0 [0x01195455+1135701]
	BaseThreadInitThunk [0x7728EF3C+18]
	RtlInitializeExceptionChain [0x77913688+239]
	RtlInitializeExceptionChain [0x7791365B+194]
]]>
            </message>
            <full-stacktrace>
              <![CDATA[org.openqa.selenium.SessionNotCreatedException: session not created
from chrome not reachable
  (Session info: chrome=79.0.3945.79)
Build info: version: '3.141.59', revision: 'e82be7d358', time: '2018-11-14T08:25:53'
System info: host: 'QAPLANET-PC', ip: '192.168.0.114', os.name: 'Windows 7', os.arch: 'x86', os.version: '6.1', java.version: '1.8.0_231'
Driver info: driver.version: ChromeDriver
remote stacktrace: Backtrace:
	Ordinal0 [0x011FA923+1550627]
	Ordinal0 [0x0117A731+1025841]
	Ordinal0 [0x010FC5BE+509374]
	Ordinal0 [0x010F62F2+484082]
	Ordinal0 [0x010F69CB+485835]
	Ordinal0 [0x010F7B35+490293]
	Ordinal0 [0x010F3AB5+473781]
	Ordinal0 [0x010FD360+512864]
	Ordinal0 [0x010AB649+177737]
	Ordinal0 [0x010AA8ED+174317]
	Ordinal0 [0x010A8CDB+167131]
	Ordinal0 [0x0109144A+70730]
	Ordinal0 [0x010924D0+74960]
	Ordinal0 [0x01092469+74857]
	Ordinal0 [0x011942F7+1131255]
	GetHandleVerifier [0x0129711D+523789]
	GetHandleVerifier [0x01296EB0+523168]
	GetHandleVerifier [0x0129E207+552695]
	GetHandleVerifier [0x0129791A+525834]
	Ordinal0 [0x0118B82C+1095724]
	Ordinal0 [0x0119636B+1139563]
	Ordinal0 [0x011964D3+1139923]
	Ordinal0 [0x01195455+1135701]
	BaseThreadInitThunk [0x7728EF3C+18]
	RtlInitializeExceptionChain [0x77913688+239]
	RtlInitializeExceptionChain [0x7791365B+194]

	at sun.reflect.NativeConstructorAccessorImpl.newInstance0(Native Method)
	at sun.reflect.NativeConstructorAccessorImpl.newInstance(Unknown Source)
	at sun.reflect.DelegatingConstructorAccessorImpl.newInstance(Unknown Source)
	at java.lang.reflect.Constructor.newInstance(Unknown Source)
	at org.openqa.selenium.remote.W3CHandshakeResponse.lambda$errorHandler$0(W3CHandshakeResponse.java:62)
	at org.openqa.selenium.remote.HandshakeResponse.lambda$getResponseFunction$0(HandshakeResponse.java:30)
	at org.openqa.selenium.remote.ProtocolHandshake.lambda$createSession$0(ProtocolHandshake.java:126)
	at java.util.stream.ReferencePipeline$3$1.accept(Unknown Source)
	at java.util.Spliterators$ArraySpliterator.tryAdvance(Unknown Source)
	at java.util.stream.ReferencePipeline.forEachWithCancel(Unknown Source)
	at java.util.stream.AbstractPipeline.copyIntoWithCancel(Unknown Source)
	at java.util.stream.AbstractPipeline.copyInto(Unknown Source)
	at java.util.stream.AbstractPipeline.wrapAndCopyInto(Unknown Source)
	at java.util.stream.FindOps$FindOp.evaluateSequential(Unknown Source)
	at java.util.stream.AbstractPipeline.evaluate(Unknown Source)
	at java.util.stream.ReferencePipeline.findFirst(Unknown Source)
	at org.openqa.selenium.remote.ProtocolHandshake.createSession(ProtocolHandshake.java:128)
	at org.openqa.selenium.remote.ProtocolHandshake.createSession(ProtocolHandshake.java:74)
	at org.openqa.selenium.remote.HttpCommandExecutor.execute(HttpCommandExecutor.java:136)
	at org.openqa.selenium.remote.service.DriverCommandExecutor.execute(DriverCommandExecutor.java:83)
	at org.openqa.selenium.remote.RemoteWebDriver.execute(RemoteWebDriver.java:552)
	at org.openqa.selenium.remote.RemoteWebDriver.startSession(RemoteWebDriver.java:213)
	at org.openqa.selenium.remote.RemoteWebDriver.<init>(RemoteWebDriver.java:131)
	at org.openqa.selenium.chrome.ChromeDriver.<init>(ChromeDriver.java:181)
	at org.openqa.selenium.chrome.ChromeDriver.<init>(ChromeDriver.java:168)
	at org.openqa.selenium.chrome.ChromeDriver.<init>(ChromeDriver.java:123)
	at HRM.LoginTest.b(LoginTest.java:27)
	at sun.reflect.NativeMethodAccessorImpl.invoke0(Native Method)
	at sun.reflect.NativeMethodAccessorImpl.invoke(Unknown Source)
	at sun.reflect.DelegatingMethodAccessorImpl.invoke(Unknown Source)
	at java.lang.reflect.Method.invoke(Unknown Source)
	at org.testng.internal.MethodInvocationHelper.invokeMethod(MethodInvocationHelper.java:104)
	at org.testng.internal.Invoker.invokeConfigurationMethod(Invoker.java:515)
	at org.testng.internal.Invoker.invokeConfigurations(Invoker.java:217)
	at org.testng.internal.Invoker.invokeMethod(Invoker.java:590)
	at org.testng.internal.Invoker.invokeTestMethod(Invoker.java:851)
	at org.testng.internal.Invoker.invokeTestMethods(Invoker.java:1177)
	at org.testng.internal.TestMethodWorker.invokeTestMethods(TestMethodWorker.java:129)
	at org.testng.internal.TestMethodWorker.run(TestMethodWorker.java:112)
	at org.testng.TestRunner.privateRun(TestRunner.java:756)
	at org.testng.TestRunner.run(TestRunner.java:610)
	at org.testng.SuiteRunner.runTest(SuiteRunner.java:387)
	at org.testng.SuiteRunner.runSequentially(SuiteRunner.java:382)
	at org.testng.SuiteRunner.privateRun(SuiteRunner.java:340)
	at org.testng.SuiteRunner.run(SuiteRunner.java:289)
	at org.testng.SuiteRunnerWorker.runSuite(SuiteRunnerWorker.java:52)
	at org.testng.SuiteRunnerWorker.run(SuiteRunnerWorker.java:86)
	at org.testng.TestNG.runSuitesSequentially(TestNG.java:1293)
	at org.testng.TestNG.runSuitesLocally(TestNG.java:1218)
	at org.testng.TestNG.runSuites(TestNG.java:1133)
	at org.testng.TestNG.run(TestNG.java:1104)
	at org.testng.remote.AbstractRemoteTestNG.run(AbstractRemoteTestNG.java:132)
	at org.testng.remote.RemoteTestNG.initAndRun(RemoteTestNG.java:236)
	at org.testng.remote.RemoteTestNG.main(RemoteTestNG.java:81)
]]>
            </full-stacktrace>
          </exception> <!-- org.openqa.selenium.SessionNotCreatedException -->
          <reporter-output>
          </reporter-output>
        </test-method> <!-- TC1_8 -->
        <test-method status="SKIP" signature="bclose()[pri:0, instance:HRM.LoginTest@193948d]" name="bclose" is-config="true" duration-ms="0" started-at="2019-12-16T17:16:45Z" finished-at="2019-12-16T17:16:45Z">
          <reporter-output>
          </reporter-output>
        </test-method> <!-- bclose -->
        <test-method status="SKIP" signature="b()[pri:0, instance:HRM.LoginTest@193948d]" name="b" is-config="true" duration-ms="0" started-at="2019-12-16T17:16:45Z" finished-at="2019-12-16T17:16:45Z">
          <reporter-output>
          </reporter-output>
        </test-method> <!-- b -->
        <test-method status="SKIP" signature="TC1_9()[pri:9, instance:HRM.LoginTest@193948d]" name="TC1_9" duration-ms="0" started-at="2019-12-16T17:16:45Z" depends-on-methods="HRM.LoginTest.TC1_1" finished-at="2019-12-16T17:16:45Z">
          <exception class="org.openqa.selenium.SessionNotCreatedException">
            <message>
              <![CDATA[session not created
from chrome not reachable
  (Session info: chrome=79.0.3945.79)
Build info: version: '3.141.59', revision: 'e82be7d358', time: '2018-11-14T08:25:53'
System info: host: 'QAPLANET-PC', ip: '192.168.0.114', os.name: 'Windows 7', os.arch: 'x86', os.version: '6.1', java.version: '1.8.0_231'
Driver info: driver.version: ChromeDriver
remote stacktrace: Backtrace:
	Ordinal0 [0x011FA923+1550627]
	Ordinal0 [0x0117A731+1025841]
	Ordinal0 [0x010FC5BE+509374]
	Ordinal0 [0x010F62F2+484082]
	Ordinal0 [0x010F69CB+485835]
	Ordinal0 [0x010F7B35+490293]
	Ordinal0 [0x010F3AB5+473781]
	Ordinal0 [0x010FD360+512864]
	Ordinal0 [0x010AB649+177737]
	Ordinal0 [0x010AA8ED+174317]
	Ordinal0 [0x010A8CDB+167131]
	Ordinal0 [0x0109144A+70730]
	Ordinal0 [0x010924D0+74960]
	Ordinal0 [0x01092469+74857]
	Ordinal0 [0x011942F7+1131255]
	GetHandleVerifier [0x0129711D+523789]
	GetHandleVerifier [0x01296EB0+523168]
	GetHandleVerifier [0x0129E207+552695]
	GetHandleVerifier [0x0129791A+525834]
	Ordinal0 [0x0118B82C+1095724]
	Ordinal0 [0x0119636B+1139563]
	Ordinal0 [0x011964D3+1139923]
	Ordinal0 [0x01195455+1135701]
	BaseThreadInitThunk [0x7728EF3C+18]
	RtlInitializeExceptionChain [0x77913688+239]
	RtlInitializeExceptionChain [0x7791365B+194]
]]>
            </message>
            <full-stacktrace>
              <![CDATA[org.openqa.selenium.SessionNotCreatedException: session not created
from chrome not reachable
  (Session info: chrome=79.0.3945.79)
Build info: version: '3.141.59', revision: 'e82be7d358', time: '2018-11-14T08:25:53'
System info: host: 'QAPLANET-PC', ip: '192.168.0.114', os.name: 'Windows 7', os.arch: 'x86', os.version: '6.1', java.version: '1.8.0_231'
Driver info: driver.version: ChromeDriver
remote stacktrace: Backtrace:
	Ordinal0 [0x011FA923+1550627]
	Ordinal0 [0x0117A731+1025841]
	Ordinal0 [0x010FC5BE+509374]
	Ordinal0 [0x010F62F2+484082]
	Ordinal0 [0x010F69CB+485835]
	Ordinal0 [0x010F7B35+490293]
	Ordinal0 [0x010F3AB5+473781]
	Ordinal0 [0x010FD360+512864]
	Ordinal0 [0x010AB649+177737]
	Ordinal0 [0x010AA8ED+174317]
	Ordinal0 [0x010A8CDB+167131]
	Ordinal0 [0x0109144A+70730]
	Ordinal0 [0x010924D0+74960]
	Ordinal0 [0x01092469+74857]
	Ordinal0 [0x011942F7+1131255]
	GetHandleVerifier [0x0129711D+523789]
	GetHandleVerifier [0x01296EB0+523168]
	GetHandleVerifier [0x0129E207+552695]
	GetHandleVerifier [0x0129791A+525834]
	Ordinal0 [0x0118B82C+1095724]
	Ordinal0 [0x0119636B+1139563]
	Ordinal0 [0x011964D3+1139923]
	Ordinal0 [0x01195455+1135701]
	BaseThreadInitThunk [0x7728EF3C+18]
	RtlInitializeExceptionChain [0x77913688+239]
	RtlInitializeExceptionChain [0x7791365B+194]

	at sun.reflect.NativeConstructorAccessorImpl.newInstance0(Native Method)
	at sun.reflect.NativeConstructorAccessorImpl.newInstance(Unknown Source)
	at sun.reflect.DelegatingConstructorAccessorImpl.newInstance(Unknown Source)
	at java.lang.reflect.Constructor.newInstance(Unknown Source)
	at org.openqa.selenium.remote.W3CHandshakeResponse.lambda$errorHandler$0(W3CHandshakeResponse.java:62)
	at org.openqa.selenium.remote.HandshakeResponse.lambda$getResponseFunction$0(HandshakeResponse.java:30)
	at org.openqa.selenium.remote.ProtocolHandshake.lambda$createSession$0(ProtocolHandshake.java:126)
	at java.util.stream.ReferencePipeline$3$1.accept(Unknown Source)
	at java.util.Spliterators$ArraySpliterator.tryAdvance(Unknown Source)
	at java.util.stream.ReferencePipeline.forEachWithCancel(Unknown Source)
	at java.util.stream.AbstractPipeline.copyIntoWithCancel(Unknown Source)
	at java.util.stream.AbstractPipeline.copyInto(Unknown Source)
	at java.util.stream.AbstractPipeline.wrapAndCopyInto(Unknown Source)
	at java.util.stream.FindOps$FindOp.evaluateSequential(Unknown Source)
	at java.util.stream.AbstractPipeline.evaluate(Unknown Source)
	at java.util.stream.ReferencePipeline.findFirst(Unknown Source)
	at org.openqa.selenium.remote.ProtocolHandshake.createSession(ProtocolHandshake.java:128)
	at org.openqa.selenium.remote.ProtocolHandshake.createSession(ProtocolHandshake.java:74)
	at org.openqa.selenium.remote.HttpCommandExecutor.execute(HttpCommandExecutor.java:136)
	at org.openqa.selenium.remote.service.DriverCommandExecutor.execute(DriverCommandExecutor.java:83)
	at org.openqa.selenium.remote.RemoteWebDriver.execute(RemoteWebDriver.java:552)
	at org.openqa.selenium.remote.RemoteWebDriver.startSession(RemoteWebDriver.java:213)
	at org.openqa.selenium.remote.RemoteWebDriver.<init>(RemoteWebDriver.java:131)
	at org.openqa.selenium.chrome.ChromeDriver.<init>(ChromeDriver.java:181)
	at org.openqa.selenium.chrome.ChromeDriver.<init>(ChromeDriver.java:168)
	at org.openqa.selenium.chrome.ChromeDriver.<init>(ChromeDriver.java:123)
	at HRM.LoginTest.b(LoginTest.java:27)
	at sun.reflect.NativeMethodAccessorImpl.invoke0(Native Method)
	at sun.reflect.NativeMethodAccessorImpl.invoke(Unknown Source)
	at sun.reflect.DelegatingMethodAccessorImpl.invoke(Unknown Source)
	at java.lang.reflect.Method.invoke(Unknown Source)
	at org.testng.internal.MethodInvocationHelper.invokeMethod(MethodInvocationHelper.java:104)
	at org.testng.internal.Invoker.invokeConfigurationMethod(Invoker.java:515)
	at org.testng.internal.Invoker.invokeConfigurations(Invoker.java:217)
	at org.testng.internal.Invoker.invokeMethod(Invoker.java:590)
	at org.testng.internal.Invoker.invokeTestMethod(Invoker.java:851)
	at org.testng.internal.Invoker.invokeTestMethods(Invoker.java:1177)
	at org.testng.internal.TestMethodWorker.invokeTestMethods(TestMethodWorker.java:129)
	at org.testng.internal.TestMethodWorker.run(TestMethodWorker.java:112)
	at org.testng.TestRunner.privateRun(TestRunner.java:756)
	at org.testng.TestRunner.run(TestRunner.java:610)
	at org.testng.SuiteRunner.runTest(SuiteRunner.java:387)
	at org.testng.SuiteRunner.runSequentially(SuiteRunner.java:382)
	at org.testng.SuiteRunner.privateRun(SuiteRunner.java:340)
	at org.testng.SuiteRunner.run(SuiteRunner.java:289)
	at org.testng.SuiteRunnerWorker.runSuite(SuiteRunnerWorker.java:52)
	at org.testng.SuiteRunnerWorker.run(SuiteRunnerWorker.java:86)
	at org.testng.TestNG.runSuitesSequentially(TestNG.java:1293)
	at org.testng.TestNG.runSuitesLocally(TestNG.java:1218)
	at org.testng.TestNG.runSuites(TestNG.java:1133)
	at org.testng.TestNG.run(TestNG.java:1104)
	at org.testng.remote.AbstractRemoteTestNG.run(AbstractRemoteTestNG.java:132)
	at org.testng.remote.RemoteTestNG.initAndRun(RemoteTestNG.java:236)
	at org.testng.remote.RemoteTestNG.main(RemoteTestNG.java:81)
]]>
            </full-stacktrace>
          </exception> <!-- org.openqa.selenium.SessionNotCreatedException -->
          <reporter-output>
          </reporter-output>
        </test-method> <!-- TC1_9 -->
        <test-method status="SKIP" signature="bclose()[pri:0, instance:HRM.LoginTest@193948d]" name="bclose" is-config="true" duration-ms="0" started-at="2019-12-16T17:16:45Z" finished-at="2019-12-16T17:16:45Z">
          <reporter-output>
          </reporter-output>
        </test-method> <!-- bclose -->
        <test-method status="SKIP" signature="b()[pri:0, instance:HRM.LoginTest@193948d]" name="b" is-config="true" duration-ms="0" started-at="2019-12-16T17:16:45Z" finished-at="2019-12-16T17:16:45Z">
          <reporter-output>
          </reporter-output>
        </test-method> <!-- b -->
        <test-method status="SKIP" signature="TC1_10()[pri:10, instance:HRM.LoginTest@193948d]" name="TC1_10" duration-ms="0" started-at="2019-12-16T17:16:45Z" depends-on-methods="HRM.LoginTest.TC1_1" finished-at="2019-12-16T17:16:45Z">
          <exception class="org.openqa.selenium.SessionNotCreatedException">
            <message>
              <![CDATA[session not created
from chrome not reachable
  (Session info: chrome=79.0.3945.79)
Build info: version: '3.141.59', revision: 'e82be7d358', time: '2018-11-14T08:25:53'
System info: host: 'QAPLANET-PC', ip: '192.168.0.114', os.name: 'Windows 7', os.arch: 'x86', os.version: '6.1', java.version: '1.8.0_231'
Driver info: driver.version: ChromeDriver
remote stacktrace: Backtrace:
	Ordinal0 [0x011FA923+1550627]
	Ordinal0 [0x0117A731+1025841]
	Ordinal0 [0x010FC5BE+509374]
	Ordinal0 [0x010F62F2+484082]
	Ordinal0 [0x010F69CB+485835]
	Ordinal0 [0x010F7B35+490293]
	Ordinal0 [0x010F3AB5+473781]
	Ordinal0 [0x010FD360+512864]
	Ordinal0 [0x010AB649+177737]
	Ordinal0 [0x010AA8ED+174317]
	Ordinal0 [0x010A8CDB+167131]
	Ordinal0 [0x0109144A+70730]
	Ordinal0 [0x010924D0+74960]
	Ordinal0 [0x01092469+74857]
	Ordinal0 [0x011942F7+1131255]
	GetHandleVerifier [0x0129711D+523789]
	GetHandleVerifier [0x01296EB0+523168]
	GetHandleVerifier [0x0129E207+552695]
	GetHandleVerifier [0x0129791A+525834]
	Ordinal0 [0x0118B82C+1095724]
	Ordinal0 [0x0119636B+1139563]
	Ordinal0 [0x011964D3+1139923]
	Ordinal0 [0x01195455+1135701]
	BaseThreadInitThunk [0x7728EF3C+18]
	RtlInitializeExceptionChain [0x77913688+239]
	RtlInitializeExceptionChain [0x7791365B+194]
]]>
            </message>
            <full-stacktrace>
              <![CDATA[org.openqa.selenium.SessionNotCreatedException: session not created
from chrome not reachable
  (Session info: chrome=79.0.3945.79)
Build info: version: '3.141.59', revision: 'e82be7d358', time: '2018-11-14T08:25:53'
System info: host: 'QAPLANET-PC', ip: '192.168.0.114', os.name: 'Windows 7', os.arch: 'x86', os.version: '6.1', java.version: '1.8.0_231'
Driver info: driver.version: ChromeDriver
remote stacktrace: Backtrace:
	Ordinal0 [0x011FA923+1550627]
	Ordinal0 [0x0117A731+1025841]
	Ordinal0 [0x010FC5BE+509374]
	Ordinal0 [0x010F62F2+484082]
	Ordinal0 [0x010F69CB+485835]
	Ordinal0 [0x010F7B35+490293]
	Ordinal0 [0x010F3AB5+473781]
	Ordinal0 [0x010FD360+512864]
	Ordinal0 [0x010AB649+177737]
	Ordinal0 [0x010AA8ED+174317]
	Ordinal0 [0x010A8CDB+167131]
	Ordinal0 [0x0109144A+70730]
	Ordinal0 [0x010924D0+74960]
	Ordinal0 [0x01092469+74857]
	Ordinal0 [0x011942F7+1131255]
	GetHandleVerifier [0x0129711D+523789]
	GetHandleVerifier [0x01296EB0+523168]
	GetHandleVerifier [0x0129E207+552695]
	GetHandleVerifier [0x0129791A+525834]
	Ordinal0 [0x0118B82C+1095724]
	Ordinal0 [0x0119636B+1139563]
	Ordinal0 [0x011964D3+1139923]
	Ordinal0 [0x01195455+1135701]
	BaseThreadInitThunk [0x7728EF3C+18]
	RtlInitializeExceptionChain [0x77913688+239]
	RtlInitializeExceptionChain [0x7791365B+194]

	at sun.reflect.NativeConstructorAccessorImpl.newInstance0(Native Method)
	at sun.reflect.NativeConstructorAccessorImpl.newInstance(Unknown Source)
	at sun.reflect.DelegatingConstructorAccessorImpl.newInstance(Unknown Source)
	at java.lang.reflect.Constructor.newInstance(Unknown Source)
	at org.openqa.selenium.remote.W3CHandshakeResponse.lambda$errorHandler$0(W3CHandshakeResponse.java:62)
	at org.openqa.selenium.remote.HandshakeResponse.lambda$getResponseFunction$0(HandshakeResponse.java:30)
	at org.openqa.selenium.remote.ProtocolHandshake.lambda$createSession$0(ProtocolHandshake.java:126)
	at java.util.stream.ReferencePipeline$3$1.accept(Unknown Source)
	at java.util.Spliterators$ArraySpliterator.tryAdvance(Unknown Source)
	at java.util.stream.ReferencePipeline.forEachWithCancel(Unknown Source)
	at java.util.stream.AbstractPipeline.copyIntoWithCancel(Unknown Source)
	at java.util.stream.AbstractPipeline.copyInto(Unknown Source)
	at java.util.stream.AbstractPipeline.wrapAndCopyInto(Unknown Source)
	at java.util.stream.FindOps$FindOp.evaluateSequential(Unknown Source)
	at java.util.stream.AbstractPipeline.evaluate(Unknown Source)
	at java.util.stream.ReferencePipeline.findFirst(Unknown Source)
	at org.openqa.selenium.remote.ProtocolHandshake.createSession(ProtocolHandshake.java:128)
	at org.openqa.selenium.remote.ProtocolHandshake.createSession(ProtocolHandshake.java:74)
	at org.openqa.selenium.remote.HttpCommandExecutor.execute(HttpCommandExecutor.java:136)
	at org.openqa.selenium.remote.service.DriverCommandExecutor.execute(DriverCommandExecutor.java:83)
	at org.openqa.selenium.remote.RemoteWebDriver.execute(RemoteWebDriver.java:552)
	at org.openqa.selenium.remote.RemoteWebDriver.startSession(RemoteWebDriver.java:213)
	at org.openqa.selenium.remote.RemoteWebDriver.<init>(RemoteWebDriver.java:131)
	at org.openqa.selenium.chrome.ChromeDriver.<init>(ChromeDriver.java:181)
	at org.openqa.selenium.chrome.ChromeDriver.<init>(ChromeDriver.java:168)
	at org.openqa.selenium.chrome.ChromeDriver.<init>(ChromeDriver.java:123)
	at HRM.LoginTest.b(LoginTest.java:27)
	at sun.reflect.NativeMethodAccessorImpl.invoke0(Native Method)
	at sun.reflect.NativeMethodAccessorImpl.invoke(Unknown Source)
	at sun.reflect.DelegatingMethodAccessorImpl.invoke(Unknown Source)
	at java.lang.reflect.Method.invoke(Unknown Source)
	at org.testng.internal.MethodInvocationHelper.invokeMethod(MethodInvocationHelper.java:104)
	at org.testng.internal.Invoker.invokeConfigurationMethod(Invoker.java:515)
	at org.testng.internal.Invoker.invokeConfigurations(Invoker.java:217)
	at org.testng.internal.Invoker.invokeMethod(Invoker.java:590)
	at org.testng.internal.Invoker.invokeTestMethod(Invoker.java:851)
	at org.testng.internal.Invoker.invokeTestMethods(Invoker.java:1177)
	at org.testng.internal.TestMethodWorker.invokeTestMethods(TestMethodWorker.java:129)
	at org.testng.internal.TestMethodWorker.run(TestMethodWorker.java:112)
	at org.testng.TestRunner.privateRun(TestRunner.java:756)
	at org.testng.TestRunner.run(TestRunner.java:610)
	at org.testng.SuiteRunner.runTest(SuiteRunner.java:387)
	at org.testng.SuiteRunner.runSequentially(SuiteRunner.java:382)
	at org.testng.SuiteRunner.privateRun(SuiteRunner.java:340)
	at org.testng.SuiteRunner.run(SuiteRunner.java:289)
	at org.testng.SuiteRunnerWorker.runSuite(SuiteRunnerWorker.java:52)
	at org.testng.SuiteRunnerWorker.run(SuiteRunnerWorker.java:86)
	at org.testng.TestNG.runSuitesSequentially(TestNG.java:1293)
	at org.testng.TestNG.runSuitesLocally(TestNG.java:1218)
	at org.testng.TestNG.runSuites(TestNG.java:1133)
	at org.testng.TestNG.run(TestNG.java:1104)
	at org.testng.remote.AbstractRemoteTestNG.run(AbstractRemoteTestNG.java:132)
	at org.testng.remote.RemoteTestNG.initAndRun(RemoteTestNG.java:236)
	at org.testng.remote.RemoteTestNG.main(RemoteTestNG.java:81)
]]>
            </full-stacktrace>
          </exception> <!-- org.openqa.selenium.SessionNotCreatedException -->
          <reporter-output>
          </reporter-output>
        </test-method> <!-- TC1_10 -->
        <test-method status="SKIP" signature="bclose()[pri:0, instance:HRM.LoginTest@193948d]" name="bclose" is-config="true" duration-ms="0" started-at="2019-12-16T17:16:45Z" finished-at="2019-12-16T17:16:45Z">
          <reporter-output>
          </reporter-output>
        </test-method> <!-- bclose -->
        <test-method status="SKIP" signature="b()[pri:0, instance:HRM.LoginTest@193948d]" name="b" is-config="true" duration-ms="0" started-at="2019-12-16T17:16:45Z" finished-at="2019-12-16T17:16:45Z">
          <reporter-output>
          </reporter-output>
        </test-method> <!-- b -->
        <test-method status="SKIP" signature="TC1_11()[pri:11, instance:HRM.LoginTest@193948d]" name="TC1_11" duration-ms="0" started-at="2019-12-16T17:16:45Z" depends-on-methods="HRM.LoginTest.TC1_1" finished-at="2019-12-16T17:16:45Z">
          <exception class="org.openqa.selenium.SessionNotCreatedException">
            <message>
              <![CDATA[session not created
from chrome not reachable
  (Session info: chrome=79.0.3945.79)
Build info: version: '3.141.59', revision: 'e82be7d358', time: '2018-11-14T08:25:53'
System info: host: 'QAPLANET-PC', ip: '192.168.0.114', os.name: 'Windows 7', os.arch: 'x86', os.version: '6.1', java.version: '1.8.0_231'
Driver info: driver.version: ChromeDriver
remote stacktrace: Backtrace:
	Ordinal0 [0x011FA923+1550627]
	Ordinal0 [0x0117A731+1025841]
	Ordinal0 [0x010FC5BE+509374]
	Ordinal0 [0x010F62F2+484082]
	Ordinal0 [0x010F69CB+485835]
	Ordinal0 [0x010F7B35+490293]
	Ordinal0 [0x010F3AB5+473781]
	Ordinal0 [0x010FD360+512864]
	Ordinal0 [0x010AB649+177737]
	Ordinal0 [0x010AA8ED+174317]
	Ordinal0 [0x010A8CDB+167131]
	Ordinal0 [0x0109144A+70730]
	Ordinal0 [0x010924D0+74960]
	Ordinal0 [0x01092469+74857]
	Ordinal0 [0x011942F7+1131255]
	GetHandleVerifier [0x0129711D+523789]
	GetHandleVerifier [0x01296EB0+523168]
	GetHandleVerifier [0x0129E207+552695]
	GetHandleVerifier [0x0129791A+525834]
	Ordinal0 [0x0118B82C+1095724]
	Ordinal0 [0x0119636B+1139563]
	Ordinal0 [0x011964D3+1139923]
	Ordinal0 [0x01195455+1135701]
	BaseThreadInitThunk [0x7728EF3C+18]
	RtlInitializeExceptionChain [0x77913688+239]
	RtlInitializeExceptionChain [0x7791365B+194]
]]>
            </message>
            <full-stacktrace>
              <![CDATA[org.openqa.selenium.SessionNotCreatedException: session not created
from chrome not reachable
  (Session info: chrome=79.0.3945.79)
Build info: version: '3.141.59', revision: 'e82be7d358', time: '2018-11-14T08:25:53'
System info: host: 'QAPLANET-PC', ip: '192.168.0.114', os.name: 'Windows 7', os.arch: 'x86', os.version: '6.1', java.version: '1.8.0_231'
Driver info: driver.version: ChromeDriver
remote stacktrace: Backtrace:
	Ordinal0 [0x011FA923+1550627]
	Ordinal0 [0x0117A731+1025841]
	Ordinal0 [0x010FC5BE+509374]
	Ordinal0 [0x010F62F2+484082]
	Ordinal0 [0x010F69CB+485835]
	Ordinal0 [0x010F7B35+490293]
	Ordinal0 [0x010F3AB5+473781]
	Ordinal0 [0x010FD360+512864]
	Ordinal0 [0x010AB649+177737]
	Ordinal0 [0x010AA8ED+174317]
	Ordinal0 [0x010A8CDB+167131]
	Ordinal0 [0x0109144A+70730]
	Ordinal0 [0x010924D0+74960]
	Ordinal0 [0x01092469+74857]
	Ordinal0 [0x011942F7+1131255]
	GetHandleVerifier [0x0129711D+523789]
	GetHandleVerifier [0x01296EB0+523168]
	GetHandleVerifier [0x0129E207+552695]
	GetHandleVerifier [0x0129791A+525834]
	Ordinal0 [0x0118B82C+1095724]
	Ordinal0 [0x0119636B+1139563]
	Ordinal0 [0x011964D3+1139923]
	Ordinal0 [0x01195455+1135701]
	BaseThreadInitThunk [0x7728EF3C+18]
	RtlInitializeExceptionChain [0x77913688+239]
	RtlInitializeExceptionChain [0x7791365B+194]

	at sun.reflect.NativeConstructorAccessorImpl.newInstance0(Native Method)
	at sun.reflect.NativeConstructorAccessorImpl.newInstance(Unknown Source)
	at sun.reflect.DelegatingConstructorAccessorImpl.newInstance(Unknown Source)
	at java.lang.reflect.Constructor.newInstance(Unknown Source)
	at org.openqa.selenium.remote.W3CHandshakeResponse.lambda$errorHandler$0(W3CHandshakeResponse.java:62)
	at org.openqa.selenium.remote.HandshakeResponse.lambda$getResponseFunction$0(HandshakeResponse.java:30)
	at org.openqa.selenium.remote.ProtocolHandshake.lambda$createSession$0(ProtocolHandshake.java:126)
	at java.util.stream.ReferencePipeline$3$1.accept(Unknown Source)
	at java.util.Spliterators$ArraySpliterator.tryAdvance(Unknown Source)
	at java.util.stream.ReferencePipeline.forEachWithCancel(Unknown Source)
	at java.util.stream.AbstractPipeline.copyIntoWithCancel(Unknown Source)
	at java.util.stream.AbstractPipeline.copyInto(Unknown Source)
	at java.util.stream.AbstractPipeline.wrapAndCopyInto(Unknown Source)
	at java.util.stream.FindOps$FindOp.evaluateSequential(Unknown Source)
	at java.util.stream.AbstractPipeline.evaluate(Unknown Source)
	at java.util.stream.ReferencePipeline.findFirst(Unknown Source)
	at org.openqa.selenium.remote.ProtocolHandshake.createSession(ProtocolHandshake.java:128)
	at org.openqa.selenium.remote.ProtocolHandshake.createSession(ProtocolHandshake.java:74)
	at org.openqa.selenium.remote.HttpCommandExecutor.execute(HttpCommandExecutor.java:136)
	at org.openqa.selenium.remote.service.DriverCommandExecutor.execute(DriverCommandExecutor.java:83)
	at org.openqa.selenium.remote.RemoteWebDriver.execute(RemoteWebDriver.java:552)
	at org.openqa.selenium.remote.RemoteWebDriver.startSession(RemoteWebDriver.java:213)
	at org.openqa.selenium.remote.RemoteWebDriver.<init>(RemoteWebDriver.java:131)
	at org.openqa.selenium.chrome.ChromeDriver.<init>(ChromeDriver.java:181)
	at org.openqa.selenium.chrome.ChromeDriver.<init>(ChromeDriver.java:168)
	at org.openqa.selenium.chrome.ChromeDriver.<init>(ChromeDriver.java:123)
	at HRM.LoginTest.b(LoginTest.java:27)
	at sun.reflect.NativeMethodAccessorImpl.invoke0(Native Method)
	at sun.reflect.NativeMethodAccessorImpl.invoke(Unknown Source)
	at sun.reflect.DelegatingMethodAccessorImpl.invoke(Unknown Source)
	at java.lang.reflect.Method.invoke(Unknown Source)
	at org.testng.internal.MethodInvocationHelper.invokeMethod(MethodInvocationHelper.java:104)
	at org.testng.internal.Invoker.invokeConfigurationMethod(Invoker.java:515)
	at org.testng.internal.Invoker.invokeConfigurations(Invoker.java:217)
	at org.testng.internal.Invoker.invokeMethod(Invoker.java:590)
	at org.testng.internal.Invoker.invokeTestMethod(Invoker.java:851)
	at org.testng.internal.Invoker.invokeTestMethods(Invoker.java:1177)
	at org.testng.internal.TestMethodWorker.invokeTestMethods(TestMethodWorker.java:129)
	at org.testng.internal.TestMethodWorker.run(TestMethodWorker.java:112)
	at org.testng.TestRunner.privateRun(TestRunner.java:756)
	at org.testng.TestRunner.run(TestRunner.java:610)
	at org.testng.SuiteRunner.runTest(SuiteRunner.java:387)
	at org.testng.SuiteRunner.runSequentially(SuiteRunner.java:382)
	at org.testng.SuiteRunner.privateRun(SuiteRunner.java:340)
	at org.testng.SuiteRunner.run(SuiteRunner.java:289)
	at org.testng.SuiteRunnerWorker.runSuite(SuiteRunnerWorker.java:52)
	at org.testng.SuiteRunnerWorker.run(SuiteRunnerWorker.java:86)
	at org.testng.TestNG.runSuitesSequentially(TestNG.java:1293)
	at org.testng.TestNG.runSuitesLocally(TestNG.java:1218)
	at org.testng.TestNG.runSuites(TestNG.java:1133)
	at org.testng.TestNG.run(TestNG.java:1104)
	at org.testng.remote.AbstractRemoteTestNG.run(AbstractRemoteTestNG.java:132)
	at org.testng.remote.RemoteTestNG.initAndRun(RemoteTestNG.java:236)
	at org.testng.remote.RemoteTestNG.main(RemoteTestNG.java:81)
]]>
            </full-stacktrace>
          </exception> <!-- org.openqa.selenium.SessionNotCreatedException -->
          <reporter-output>
          </reporter-output>
        </test-method> <!-- TC1_11 -->
        <test-method status="SKIP" signature="bclose()[pri:0, instance:HRM.LoginTest@193948d]" name="bclose" is-config="true" duration-ms="0" started-at="2019-12-16T17:16:45Z" finished-at="2019-12-16T17:16:45Z">
          <reporter-output>
          </reporter-output>
        </test-method> <!-- bclose -->
      </class> <!-- HRM.LoginTest -->
    </test> <!-- Test2 -->
  </suite> <!-- Suite -->
</testng-results>
