<?xml version="1.0" encoding="UTF-8"?>
<!-- Generated by org.testng.reporters.JUnitReportReporter -->
<testsuite name="HRM.LoginTest" tests="12" time="0.007" ignored="0" failures="0" timestamp="13 Dec 2019 06:37:54 GMT" skipped="11" hostname="QAPLANET-PC" errors="1">
  <testcase name="TC1_4" time="0.001" classname="HRM.LoginTest">
    <skipped/>
  </testcase> <!-- TC1_4 -->
  <testcase name="TC1_5" time="0.001" classname="HRM.LoginTest">
    <skipped/>
  </testcase> <!-- TC1_5 -->
  <testcase name="TC1_9" time="0.000" classname="HRM.LoginTest">
    <skipped/>
  </testcase> <!-- TC1_9 -->
  <testcase name="TC1_6" time="0.000" classname="HRM.LoginTest">
    <skipped/>
  </testcase> <!-- TC1_6 -->
  <testcase name="TC1_7" time="0.000" classname="HRM.LoginTest">
    <skipped/>
  </testcase> <!-- TC1_7 -->
  <testcase name="TC1_11" time="0.000" classname="HRM.LoginTest">
    <skipped/>
  </testcase> <!-- TC1_11 -->
  <testcase name="TC1_3" time="0.001" classname="HRM.LoginTest">
    <skipped/>
  </testcase> <!-- TC1_3 -->
  <testcase name="b" time="0.000" classname="HRM.LoginTest">
    <error type="java.lang.IllegalStateException" message="The driver executable does not exist: C:\Users\QA6\Downloads\chromedriver1.exe">
      <![CDATA[java.lang.IllegalStateException: The driver executable does not exist: C:\Users\QA6\Downloads\chromedriver1.exe
	at com.google.common.base.Preconditions.checkState(Preconditions.java:585)
	at org.openqa.selenium.remote.service.DriverService.checkExecutable(DriverService.java:146)
	at org.openqa.selenium.remote.service.DriverService.findExecutable(DriverService.java:141)
	at org.openqa.selenium.chrome.ChromeDriverService.access$000(ChromeDriverService.java:35)
	at org.openqa.selenium.chrome.ChromeDriverService$Builder.findDefaultExecutable(ChromeDriverService.java:159)
	at org.openqa.selenium.remote.service.DriverService$Builder.build(DriverService.java:355)
	at org.openqa.selenium.chrome.ChromeDriverService.createDefaultService(ChromeDriverService.java:94)
	at org.openqa.selenium.chrome.ChromeDriver.<init>(ChromeDriver.java:123)
	at HRM.LoginTest.b(LoginTest.java:27)
	at sun.reflect.NativeMethodAccessorImpl.invoke0(Native Method)
	at sun.reflect.NativeMethodAccessorImpl.invoke(Unknown Source)
	at sun.reflect.DelegatingMethodAccessorImpl.invoke(Unknown Source)
	at java.lang.reflect.Method.invoke(Unknown Source)
	at org.testng.internal.MethodInvocationHelper.invokeMethod(MethodInvocationHelper.java:104)
	at org.testng.internal.Invoker.invokeConfigurationMethod(Invoker.java:515)
	at org.testng.internal.Invoker.invokeConfigurations(Invoker.java:217)
	at org.testng.internal.Invoker.invokeMethod(Invoker.java:590)
	at org.testng.internal.Invoker.invokeTestMethod(Invoker.java:851)
	at org.testng.internal.Invoker.invokeTestMethods(Invoker.java:1177)
	at org.testng.internal.TestMethodWorker.invokeTestMethods(TestMethodWorker.java:129)
	at org.testng.internal.TestMethodWorker.run(TestMethodWorker.java:112)
	at org.testng.TestRunner.privateRun(TestRunner.java:756)
	at org.testng.TestRunner.run(TestRunner.java:610)
	at org.testng.SuiteRunner.runTest(SuiteRunner.java:387)
	at org.testng.SuiteRunner.runSequentially(SuiteRunner.java:382)
	at org.testng.SuiteRunner.privateRun(SuiteRunner.java:340)
	at org.testng.SuiteRunner.run(SuiteRunner.java:289)
	at org.testng.SuiteRunnerWorker.runSuite(SuiteRunnerWorker.java:52)
	at org.testng.SuiteRunnerWorker.run(SuiteRunnerWorker.java:86)
	at org.testng.TestNG.runSuitesSequentially(TestNG.java:1293)
	at org.testng.TestNG.runSuitesLocally(TestNG.java:1218)
	at org.testng.TestNG.runSuites(TestNG.java:1133)
	at org.testng.TestNG.run(TestNG.java:1104)
	at org.testng.remote.AbstractRemoteTestNG.run(AbstractRemoteTestNG.java:132)
	at org.testng.remote.RemoteTestNG.initAndRun(RemoteTestNG.java:236)
	at org.testng.remote.RemoteTestNG.main(RemoteTestNG.java:81)
]]>
    </error>
  </testcase> <!-- b -->
  <testcase name="TC1_1" time="0.002" classname="HRM.LoginTest">
    <skipped/>
  </testcase> <!-- TC1_1 -->
  <testcase name="TC1_8" time="0.001" classname="HRM.LoginTest">
    <skipped/>
  </testcase> <!-- TC1_8 -->
  <testcase name="TC1_10" time="0.000" classname="HRM.LoginTest">
    <skipped/>
  </testcase> <!-- TC1_10 -->
  <testcase name="TC1_2" time="0.001" classname="HRM.LoginTest">
    <skipped/>
  </testcase> <!-- TC1_2 -->
</testsuite> <!-- HRM.LoginTest -->
